10-Nov-2024 19:34:34.727 信息 [main] org.apache.catalina.startup.VersionLoggerListener.log Server.服务器版本: Apache Tomcat/9.0.62
10-Nov-2024 19:34:34.732 信息 [main] org.apache.catalina.startup.VersionLoggerListener.log 服务器构建:        Mar 31 2022 14:34:15 UTC
10-Nov-2024 19:34:34.732 信息 [main] org.apache.catalina.startup.VersionLoggerListener.log 服务器版本号:      9.0.62.0
10-Nov-2024 19:34:34.732 信息 [main] org.apache.catalina.startup.VersionLoggerListener.log 操作系统名称:      Windows 10
10-Nov-2024 19:34:34.732 信息 [main] org.apache.catalina.startup.VersionLoggerListener.log OS.版本:           10.0
10-Nov-2024 19:34:34.732 信息 [main] org.apache.catalina.startup.VersionLoggerListener.log 架构:              amd64
10-Nov-2024 19:34:34.732 信息 [main] org.apache.catalina.startup.VersionLoggerListener.log Java 环境变量:     F:\CODE\GIThub\Markdown\大三课程\机器学习\实验34\jetAutoML\apache-tomcat-9.0.62-windows\jre
10-Nov-2024 19:34:34.732 信息 [main] org.apache.catalina.startup.VersionLoggerListener.log Java虚拟机版本:    1.8.0_144-b01
10-Nov-2024 19:34:34.732 信息 [main] org.apache.catalina.startup.VersionLoggerListener.log JVM.供应商:        Oracle Corporation
10-Nov-2024 19:34:34.734 信息 [main] org.apache.catalina.startup.VersionLoggerListener.log CATALINA_BASE:     F:\CODE\GIThub\Markdown\大三课程\机器学习\实验34\jetAutoML\apache-tomcat-9.0.62-windows
10-Nov-2024 19:34:34.734 信息 [main] org.apache.catalina.startup.VersionLoggerListener.log CATALINA_HOME:     F:\CODE\GIThub\Markdown\大三课程\机器学习\实验34\jetAutoML\apache-tomcat-9.0.62-windows
10-Nov-2024 19:34:34.737 信息 [main] org.apache.catalina.startup.VersionLoggerListener.log 命令行参数：       -Djava.util.logging.config.file=F:\CODE\GIThub\Markdown\大三课程\机器学习\实验34\jetAutoML\apache-tomcat-9.0.62-windows\conf\logging.properties
10-Nov-2024 19:34:34.738 信息 [main] org.apache.catalina.startup.VersionLoggerListener.log 命令行参数：       -Djava.util.logging.manager=org.apache.juli.ClassLoaderLogManager
10-Nov-2024 19:34:34.738 信息 [main] org.apache.catalina.startup.VersionLoggerListener.log 命令行参数：       -Dspring.profiles.active=windows
10-Nov-2024 19:34:34.738 信息 [main] org.apache.catalina.startup.VersionLoggerListener.log 命令行参数：       -Djdk.tls.ephemeralDHKeySize=2048
10-Nov-2024 19:34:34.738 信息 [main] org.apache.catalina.startup.VersionLoggerListener.log 命令行参数：       -Djava.protocol.handler.pkgs=org.apache.catalina.webresources
10-Nov-2024 19:34:34.741 信息 [main] org.apache.catalina.startup.VersionLoggerListener.log 命令行参数：       -Dignore.endorsed.dirs=
10-Nov-2024 19:34:34.743 信息 [main] org.apache.catalina.startup.VersionLoggerListener.log 命令行参数：       -Dcatalina.base=F:\CODE\GIThub\Markdown\大三课程\机器学习\实验34\jetAutoML\apache-tomcat-9.0.62-windows
10-Nov-2024 19:34:34.743 信息 [main] org.apache.catalina.startup.VersionLoggerListener.log 命令行参数：       -Dcatalina.home=F:\CODE\GIThub\Markdown\大三课程\机器学习\实验34\jetAutoML\apache-tomcat-9.0.62-windows
10-Nov-2024 19:34:34.743 信息 [main] org.apache.catalina.startup.VersionLoggerListener.log 命令行参数：       -Djava.io.tmpdir=F:\CODE\GIThub\Markdown\大三课程\机器学习\实验34\jetAutoML\apache-tomcat-9.0.62-windows\temp
10-Nov-2024 19:34:34.790 信息 [main] org.apache.catalina.core.AprLifecycleListener.lifecycleEvent 在java.library.path:[F:\CODE\GIThub\Markdown\大三课程\机器学习\实验34\jetAutoML\apache-tomcat-9.0.62-windows\jre\bin;C:\WINDOWS\Sun\Java\bin;C:\WINDOWS\system32;C:\WINDOWS;C:\Program Files (x86)\Common Files\Oracle\Java\java8path;C:\Program Files (x86)\Common Files\Oracle\Java\javapath;F:\DevelopmentKit\VM\bin\;C:\Users\Lenovo\.jdks\jbr-17.0.9\bin;C:\Program Files\Microsoft\jdk-11.0.16.101-hotspot\bin;C:\Program Files (x86)\Common Files\Intel\Shared Libraries\redist\intel64\compiler;C:\Windows\system32;C:\Windows;C:\Windows\System32\Wbem;C:\Windows\System32\WindowsPowerShell\v1.0\;C:\Windows\System32\OpenSSH\;C:\Program Files (x86)\NVIDIA Corporation\PhysX\Common;C:\Program Files\NVIDIA Corporation\NVIDIA NvDLISR;C:\Program Files\Microsoft SQL Server\150\Tools\Binn\;C:\WINDOWS\system32;C:\WINDOWS;C:\WINDOWS\System32\Wbem;C:\WINDOWS\System32\WindowsPowerShell\v1.0\;C:\WINDOWS\System32\OpenSSH\;E:\matlab2023a\bin;C:\Program Files\dotnet\;F:\MYSQL\MySQL Server 8.0\bin;E:\mingw\bin;F:\MinGW\x86_64-13.2.0-release-win32-seh-ucrt-rt_v11-rev0\mingw64\bin;C:\ProgramData\chocolatey\bin;F:\Git\cmd;F:\JDK\jdk-14.0.2_windows-x64_bin\jdk-14.0.2\bin;F:\nvm;F:\node.js.systemlink;JAVA_HOME\bin;F:\JDK\jdk-14.0.2_windows-x64_bin\jdk-14.0.2\jre\bin;C:\Users\Lenovo\AppData\Lo;C:\Program Files\Pandoc\;F:\Git LFS;F:\DevelopmentKit\CMake\bin;C:\Program Files\Microsoft SQL Server\130\Tools\Binn\;C:\Users\Lenovo\AppData\Local\Microsoft\WindowsApps;F:\DevelopmentKitQT_MSVC\5.15.17\msvc2019\bin;C:\Program Files (x86)\Windows Kits\10\Windows Performance Toolkit\;F:\DevelopmentKit\Rust\.rustup;F:\DevelopmentKit\Rust\.cargo;F:\DevelopmentKit\LLVM\bin;F:\DevelopmentKit\ninja-win;F:\DevelopmentKit\OpenCV\build\x64\vc16\bin;F:\DevelopmentKit\LLVM\bin;F:\DevelopmentKit\LLVM\lib;F:\DevelopmentKit\mysys64\mingw64\bin;F:\Anaconda\Library\bin;F:\Anaconda\Scripts;F:\DevelopmentKit\Yarn\bin\;F:\DevelopmentKit\Redis\;F:\DevelopmentKit\ffmpeg-2024-09-26-git-f43916e217-full_build\bin;F:\Anaconda;F:\DevelopmentKit\Rust\.cargo\bin;C:\Users\Lenovo\.local\bin;C:\Program Files (x86)\Common Files\Oracle\Java\java8path;C:\Program Files (x86)\Common Files\Oracle\Java\javapath;F:\DevelopmentKit\VM\bin\;C:\Users\Lenovo\.jdks\jbr-17.0.9\bin;C:\Program Files\Microsoft\jdk-11.0.16.101-hotspot\bin;C:\Program Files (x86)\Common Files\Intel\Shared Libraries\redist\intel64\compiler;C:\Windows\system32;C:\Windows;C:\Windows\System32\Wbem;C:\Windows\System32\WindowsPowerShell\v1.0\;C:\Windows\System32\OpenSSH\;C:\Program Files (x86)\NVIDIA Corporation\PhysX\Common;C:\Program Files\NVIDIA Corporation\NVIDIA NvDLISR;C:\Program Files\Microsoft SQL Server\150\Tools\Binn\;C:\WINDOWS\system32;C:\WINDOWS;C:\WINDOWS\System32\Wbem;C:\WINDOWS\System32\WindowsPowerShell\v1.0\;C:\WINDOWS\System32\OpenSSH\;E:\matlab2023a\bin;C:\Program Files\dotnet\;F:\MYSQL\MySQL Server 8.0\bin;E:\mingw\bin;F:\MinGW\x86_64-13.2.0-release-win32-seh-ucrt-rt_v11-rev0\mingw64\bin;C:\ProgramData\chocolatey\bin;F:\Git\cmd;F:\JDK\jdk-14.0.2_windows-x64_bin\jdk-14.0.2\bin;F:\nvm;F:\node.js.systemlink;JAVA_HOME\bin;F:\JDK\jdk-14.0.2_windows-x64_bin\jdk-14.0.2\jre\bin;C:\Users\Lenovo\AppData\Lo;C:\Program Files\Pandoc\;F:\Git LFS;F:\DevelopmentKit\CMake\bin;C:\Program Files\Microsoft SQL Server\130\Tools\Binn\;C:\Users\Lenovo\AppData\Local\Microsoft\WindowsApps;F:\DevelopmentKitQT_MSVC\5.15.17\msvc2019\bin;C:\Program Files (x86)\Windows Kits\10\Windows Performance Toolkit\;F:\DevelopmentKit\Rust\.rustup;F:\DevelopmentKit\Rust\.cargo;F:\DevelopmentKit\LLVM\bin;F:\DevelopmentKit\ninja-win;F:\DevelopmentKit\OpenCV\build\x64\vc16\bin;F:\DevelopmentKit\LLVM\bin;F:\DevelopmentKit\LLVM\lib;F:\DevelopmentKit\mysys64\mingw64\bin;F:\Anaconda\Library\bin;F:\Anaconda\Scripts;F:\DevelopmentKit\Yarn\bin\;F:\DevelopmentKit\Redis\;F:\DevelopmentKit\ffmpeg-2024-09-26-git-f43916e217-full_build\bin;F:\Anaconda;;F:\Microsoft VS Code\bin;C:\Users\Lenovo\AppData\Local\GitHubDesktop\bin;F:\DevelopmentKit\cpolar\;;.]上找不到基于APR的Apache Tomcat本机库，该库允许在生产环境中获得最佳性能
10-Nov-2024 19:34:35.167 信息 [main] org.apache.coyote.AbstractProtocol.init 初始化协议处理器 ["http-nio-5560"]
10-Nov-2024 19:34:35.195 信息 [main] org.apache.catalina.startup.Catalina.load 服务器在[690]毫秒内初始化
10-Nov-2024 19:34:35.236 信息 [main] org.apache.catalina.core.StandardService.startInternal 正在启动服务[Catalina]
10-Nov-2024 19:34:35.237 信息 [main] org.apache.catalina.core.StandardEngine.startInternal 正在启动 Servlet 引擎：[Apache Tomcat/9.0.62]
10-Nov-2024 19:34:35.250 信息 [main] org.apache.catalina.startup.HostConfig.deployDirectory 把web 应用程序部署到目录 [F:\CODE\GIThub\Markdown\大三课程\机器学习\实验34\jetAutoML\apache-tomcat-9.0.62-windows\webapps\ml_client]
10-Nov-2024 19:34:40.414 信息 [main] org.apache.jasper.servlet.TldScanner.scanJars 至少有一个JAR被扫描用于TLD但尚未包含TLD。 为此记录器启用调试日志记录，以获取已扫描但未在其中找到TLD的完整JAR列表。 在扫描期间跳过不需要的JAR可以缩短启动时间和JSP编译时间。
10-Nov-2024 19:34:49.866 警告 [main] org.apache.catalina.util.SessionIdGeneratorBase.createSecureRandom 使用[SHA1PRNG]创建会话ID生成的SecureRandom实例花费了[1,470]毫秒。
10-Nov-2024 19:34:49.890 信息 [main] org.apache.catalina.startup.HostConfig.deployDirectory Web应用程序目录[F:\CODE\GIThub\Markdown\大三课程\机器学习\实验34\jetAutoML\apache-tomcat-9.0.62-windows\webapps\ml_client]的部署已在[14,640]毫秒内完成
10-Nov-2024 19:34:49.908 信息 [main] org.apache.coyote.AbstractProtocol.start 开始协议处理句柄["http-nio-5560"]
10-Nov-2024 19:34:49.929 信息 [main] org.apache.catalina.startup.Catalina.start [14724]毫秒后服务器启动
