03-Nov-2024 10:12:45.909 信息 [main] org.apache.catalina.startup.VersionLoggerListener.log Server.服务器版本: Apache Tomcat/9.0.62
03-Nov-2024 10:12:45.912 信息 [main] org.apache.catalina.startup.VersionLoggerListener.log 服务器构建:        Mar 31 2022 14:34:15 UTC
03-Nov-2024 10:12:45.912 信息 [main] org.apache.catalina.startup.VersionLoggerListener.log 服务器版本号:      9.0.62.0
03-Nov-2024 10:12:45.912 信息 [main] org.apache.catalina.startup.VersionLoggerListener.log 操作系统名称:      Windows 10
03-Nov-2024 10:12:45.913 信息 [main] org.apache.catalina.startup.VersionLoggerListener.log OS.版本:           10.0
03-Nov-2024 10:12:45.913 信息 [main] org.apache.catalina.startup.VersionLoggerListener.log 架构:              amd64
03-Nov-2024 10:12:45.913 信息 [main] org.apache.catalina.startup.VersionLoggerListener.log Java 环境变量:     F:\CODE\GIThub\Markdown\大三课程\机器学习\实验34\jetAutoML\apache-tomcat-9.0.62-windows\jre
03-Nov-2024 10:12:45.913 信息 [main] org.apache.catalina.startup.VersionLoggerListener.log Java虚拟机版本:    1.8.0_144-b01
03-Nov-2024 10:12:45.913 信息 [main] org.apache.catalina.startup.VersionLoggerListener.log JVM.供应商:        Oracle Corporation
03-Nov-2024 10:12:45.913 信息 [main] org.apache.catalina.startup.VersionLoggerListener.log CATALINA_BASE:     F:\CODE\GIThub\Markdown\大三课程\机器学习\实验34\jetAutoML\apache-tomcat-9.0.62-windows
03-Nov-2024 10:12:45.913 信息 [main] org.apache.catalina.startup.VersionLoggerListener.log CATALINA_HOME:     F:\CODE\GIThub\Markdown\大三课程\机器学习\实验34\jetAutoML\apache-tomcat-9.0.62-windows
03-Nov-2024 10:12:45.914 信息 [main] org.apache.catalina.startup.VersionLoggerListener.log 命令行参数：       -Djava.util.logging.config.file=F:\CODE\GIThub\Markdown\大三课程\机器学习\实验34\jetAutoML\apache-tomcat-9.0.62-windows\conf\logging.properties
03-Nov-2024 10:12:45.914 信息 [main] org.apache.catalina.startup.VersionLoggerListener.log 命令行参数：       -Djava.util.logging.manager=org.apache.juli.ClassLoaderLogManager
03-Nov-2024 10:12:45.914 信息 [main] org.apache.catalina.startup.VersionLoggerListener.log 命令行参数：       -Dspring.profiles.active=windows
03-Nov-2024 10:12:45.914 信息 [main] org.apache.catalina.startup.VersionLoggerListener.log 命令行参数：       -Djdk.tls.ephemeralDHKeySize=2048
03-Nov-2024 10:12:45.914 信息 [main] org.apache.catalina.startup.VersionLoggerListener.log 命令行参数：       -Djava.protocol.handler.pkgs=org.apache.catalina.webresources
03-Nov-2024 10:12:45.922 信息 [main] org.apache.catalina.startup.VersionLoggerListener.log 命令行参数：       -Dignore.endorsed.dirs=
03-Nov-2024 10:12:46.023 信息 [main] org.apache.catalina.startup.VersionLoggerListener.log 命令行参数：       -Dcatalina.base=F:\CODE\GIThub\Markdown\大三课程\机器学习\实验34\jetAutoML\apache-tomcat-9.0.62-windows
03-Nov-2024 10:12:46.023 信息 [main] org.apache.catalina.startup.VersionLoggerListener.log 命令行参数：       -Dcatalina.home=F:\CODE\GIThub\Markdown\大三课程\机器学习\实验34\jetAutoML\apache-tomcat-9.0.62-windows
03-Nov-2024 10:12:46.024 信息 [main] org.apache.catalina.startup.VersionLoggerListener.log 命令行参数：       -Djava.io.tmpdir=F:\CODE\GIThub\Markdown\大三课程\机器学习\实验34\jetAutoML\apache-tomcat-9.0.62-windows\temp
03-Nov-2024 10:12:46.065 信息 [main] org.apache.catalina.core.AprLifecycleListener.lifecycleEvent 在java.library.path:[F:\CODE\GIThub\Markdown\大三课程\机器学习\实验34\jetAutoML\apache-tomcat-9.0.62-windows\jre\bin;C:\WINDOWS\Sun\Java\bin;C:\WINDOWS\system32;C:\WINDOWS;F:\DevelopmentKit\VM\bin\;C:\Users\Lenovo\.jdks\jbr-17.0.9\bin;C:\Program Files\Microsoft\jdk-11.0.16.101-hotspot\bin;C:\Program Files (x86)\Common Files\Intel\Shared Libraries\redist\intel64\compiler;C:\Windows\system32;C:\Windows;C:\Windows\System32\Wbem;C:\Windows\System32\WindowsPowerShell\v1.0\;C:\Windows\System32\OpenSSH\;C:\Program Files (x86)\NVIDIA Corporation\PhysX\Common;C:\Program Files\NVIDIA Corporation\NVIDIA NvDLISR;C:\Program Files\Microsoft SQL Server\150\Tools\Binn\;C:\WINDOWS\system32;C:\WINDOWS;C:\WINDOWS\System32\Wbem;C:\WINDOWS\System32\WindowsPowerShell\v1.0\;C:\WINDOWS\System32\OpenSSH\;E:\matlab2023a\bin;C:\Program Files\dotnet\;F:\MYSQL\MySQL Server 8.0\bin;E:\mingw\bin;F:\MinGW\x86_64-13.2.0-release-win32-seh-ucrt-rt_v11-rev0\mingw64\bin;C:\ProgramData\chocolatey\bin;F:\Git\cmd;F:\JDK\jdk-14.0.2_windows-x64_bin\jdk-14.0.2\bin;F:\nvm;F:\node.js.systemlink;JAVA_HOME\bin;F:\JDK\jdk-14.0.2_windows-x64_bin\jdk-14.0.2\jre\bin;C:\Users\Lenovo\AppData\Lo;C:\Program Files\Pandoc\;F:\Git LFS;F:\DevelopmentKit\CMake\bin;C:\Program Files\Microsoft SQL Server\130\Tools\Binn\;C:\Users\Lenovo\AppData\Local\Microsoft\WindowsApps;F:\DevelopmentKitQT_MSVC\5.15.17\msvc2019\bin;C:\Program Files (x86)\Windows Kits\10\Windows Performance Toolkit\;F:\DevelopmentKit\Rust\.rustup;F:\DevelopmentKit\Rust\.cargo;F:\DevelopmentKit\LLVM\bin;F:\DevelopmentKit\ninja-win;F:\DevelopmentKit\OpenCV\build\x64\vc16\bin;F:\DevelopmentKit\LLVM\bin;F:\DevelopmentKit\LLVM\lib;F:\DevelopmentKit\mysys64\mingw64\bin;F:\Anaconda\Library\bin;F:\Anaconda\Scripts;F:\DevelopmentKit\Yarn\bin\;F:\DevelopmentKit\Redis\;F:\DevelopmentKit\ffmpeg-2024-09-26-git-f43916e217-full_build\bin;F:\DevelopmentKit\Rust\.cargo\bin;C:\Users\Lenovo\.local\bin;F:\DevelopmentKit\VM\bin\;C:\Users\Lenovo\.jdks\jbr-17.0.9\bin;C:\Program Files\Microsoft\jdk-11.0.16.101-hotspot\bin;C:\Program Files (x86)\Common Files\Intel\Shared Libraries\redist\intel64\compiler;C:\Windows\system32;C:\Windows;C:\Windows\System32\Wbem;C:\Windows\System32\WindowsPowerShell\v1.0\;C:\Windows\System32\OpenSSH\;C:\Program Files (x86)\NVIDIA Corporation\PhysX\Common;C:\Program Files\NVIDIA Corporation\NVIDIA NvDLISR;C:\Program Files\Microsoft SQL Server\150\Tools\Binn\;C:\WINDOWS\system32;C:\WINDOWS;C:\WINDOWS\System32\Wbem;C:\WINDOWS\System32\WindowsPowerShell\v1.0\;C:\WINDOWS\System32\OpenSSH\;E:\matlab2023a\bin;C:\Program Files\dotnet\;F:\MYSQL\MySQL Server 8.0\bin;E:\mingw\bin;F:\MinGW\x86_64-13.2.0-release-win32-seh-ucrt-rt_v11-rev0\mingw64\bin;C:\ProgramData\chocolatey\bin;F:\Git\cmd;F:\JDK\jdk-14.0.2_windows-x64_bin\jdk-14.0.2\bin;F:\nvm;F:\node.js.systemlink;JAVA_HOME\bin;F:\JDK\jdk-14.0.2_windows-x64_bin\jdk-14.0.2\jre\bin;C:\Users\Lenovo\AppData\Lo;C:\Program Files\Pandoc\;F:\Git LFS;F:\DevelopmentKit\CMake\bin;C:\Program Files\Microsoft SQL Server\130\Tools\Binn\;C:\Users\Lenovo\AppData\Local\Microsoft\WindowsApps;F:\DevelopmentKitQT_MSVC\5.15.17\msvc2019\bin;C:\Program Files (x86)\Windows Kits\10\Windows Performance Toolkit\;F:\DevelopmentKit\Rust\.rustup;F:\DevelopmentKit\Rust\.cargo;F:\DevelopmentKit\LLVM\bin;F:\DevelopmentKit\ninja-win;F:\DevelopmentKit\OpenCV\build\x64\vc16\bin;F:\DevelopmentKit\LLVM\bin;F:\DevelopmentKit\LLVM\lib;F:\DevelopmentKit\mysys64\mingw64\bin;F:\Anaconda\Library\bin;F:\Anaconda\Scripts;F:\DevelopmentKit\Yarn\bin\;F:\DevelopmentKit\Redis\;F:\DevelopmentKit\ffmpeg-2024-09-26-git-f43916e217-full_build\bin;;F:\Microsoft VS Code\bin;C:\Users\Lenovo\AppData\Local\GitHubDesktop\bin;F:\DevelopmentKit\cpolar\;.]上找不到基于APR的Apache Tomcat本机库，该库允许在生产环境中获得最佳性能
03-Nov-2024 10:12:46.378 信息 [main] org.apache.coyote.AbstractProtocol.init 初始化协议处理器 ["http-nio-5560"]
03-Nov-2024 10:12:46.397 信息 [main] org.apache.catalina.startup.Catalina.load 服务器在[656]毫秒内初始化
03-Nov-2024 10:12:46.431 信息 [main] org.apache.catalina.core.StandardService.startInternal 正在启动服务[Catalina]
03-Nov-2024 10:12:46.432 信息 [main] org.apache.catalina.core.StandardEngine.startInternal 正在启动 Servlet 引擎：[Apache Tomcat/9.0.62]
03-Nov-2024 10:12:46.442 信息 [main] org.apache.catalina.startup.HostConfig.deployDirectory 把web 应用程序部署到目录 [F:\CODE\GIThub\Markdown\大三课程\机器学习\实验34\jetAutoML\apache-tomcat-9.0.62-windows\webapps\ml_client]
03-Nov-2024 10:12:51.205 信息 [main] org.apache.jasper.servlet.TldScanner.scanJars 至少有一个JAR被扫描用于TLD但尚未包含TLD。 为此记录器启用调试日志记录，以获取已扫描但未在其中找到TLD的完整JAR列表。 在扫描期间跳过不需要的JAR可以缩短启动时间和JSP编译时间。
03-Nov-2024 10:12:59.403 警告 [main] org.apache.catalina.util.SessionIdGeneratorBase.createSecureRandom 使用[SHA1PRNG]创建会话ID生成的SecureRandom实例花费了[1,299]毫秒。
03-Nov-2024 10:12:59.421 信息 [main] org.apache.catalina.startup.HostConfig.deployDirectory Web应用程序目录[F:\CODE\GIThub\Markdown\大三课程\机器学习\实验34\jetAutoML\apache-tomcat-9.0.62-windows\webapps\ml_client]的部署已在[12,979]毫秒内完成
03-Nov-2024 10:12:59.424 信息 [main] org.apache.coyote.AbstractProtocol.start 开始协议处理句柄["http-nio-5560"]
03-Nov-2024 10:12:59.438 信息 [main] org.apache.catalina.startup.Catalina.start [13031]毫秒后服务器启动
03-Nov-2024 10:17:11.665 信息 [main] org.apache.catalina.startup.VersionLoggerListener.log Server.服务器版本: Apache Tomcat/9.0.62
03-Nov-2024 10:17:11.668 信息 [main] org.apache.catalina.startup.VersionLoggerListener.log 服务器构建:        Mar 31 2022 14:34:15 UTC
03-Nov-2024 10:17:11.668 信息 [main] org.apache.catalina.startup.VersionLoggerListener.log 服务器版本号:      9.0.62.0
03-Nov-2024 10:17:11.668 信息 [main] org.apache.catalina.startup.VersionLoggerListener.log 操作系统名称:      Windows 10
03-Nov-2024 10:17:11.668 信息 [main] org.apache.catalina.startup.VersionLoggerListener.log OS.版本:           10.0
03-Nov-2024 10:17:11.668 信息 [main] org.apache.catalina.startup.VersionLoggerListener.log 架构:              amd64
03-Nov-2024 10:17:11.669 信息 [main] org.apache.catalina.startup.VersionLoggerListener.log Java 环境变量:     F:\CODE\GIThub\Markdown\大三课程\机器学习\实验34\jetAutoML\apache-tomcat-9.0.62-windows\jre
03-Nov-2024 10:17:11.669 信息 [main] org.apache.catalina.startup.VersionLoggerListener.log Java虚拟机版本:    1.8.0_144-b01
03-Nov-2024 10:17:11.669 信息 [main] org.apache.catalina.startup.VersionLoggerListener.log JVM.供应商:        Oracle Corporation
03-Nov-2024 10:17:11.669 信息 [main] org.apache.catalina.startup.VersionLoggerListener.log CATALINA_BASE:     F:\CODE\GIThub\Markdown\大三课程\机器学习\实验34\jetAutoML\apache-tomcat-9.0.62-windows
03-Nov-2024 10:17:11.669 信息 [main] org.apache.catalina.startup.VersionLoggerListener.log CATALINA_HOME:     F:\CODE\GIThub\Markdown\大三课程\机器学习\实验34\jetAutoML\apache-tomcat-9.0.62-windows
03-Nov-2024 10:17:11.669 信息 [main] org.apache.catalina.startup.VersionLoggerListener.log 命令行参数：       -Djava.util.logging.config.file=F:\CODE\GIThub\Markdown\大三课程\机器学习\实验34\jetAutoML\apache-tomcat-9.0.62-windows\conf\logging.properties
03-Nov-2024 10:17:11.670 信息 [main] org.apache.catalina.startup.VersionLoggerListener.log 命令行参数：       -Djava.util.logging.manager=org.apache.juli.ClassLoaderLogManager
03-Nov-2024 10:17:11.670 信息 [main] org.apache.catalina.startup.VersionLoggerListener.log 命令行参数：       -Dspring.profiles.active=windows
03-Nov-2024 10:17:11.670 信息 [main] org.apache.catalina.startup.VersionLoggerListener.log 命令行参数：       -Djdk.tls.ephemeralDHKeySize=2048
03-Nov-2024 10:17:11.670 信息 [main] org.apache.catalina.startup.VersionLoggerListener.log 命令行参数：       -Djava.protocol.handler.pkgs=org.apache.catalina.webresources
03-Nov-2024 10:17:11.670 信息 [main] org.apache.catalina.startup.VersionLoggerListener.log 命令行参数：       -Dignore.endorsed.dirs=
03-Nov-2024 10:17:11.673 信息 [main] org.apache.catalina.startup.VersionLoggerListener.log 命令行参数：       -Dcatalina.base=F:\CODE\GIThub\Markdown\大三课程\机器学习\实验34\jetAutoML\apache-tomcat-9.0.62-windows
03-Nov-2024 10:17:11.673 信息 [main] org.apache.catalina.startup.VersionLoggerListener.log 命令行参数：       -Dcatalina.home=F:\CODE\GIThub\Markdown\大三课程\机器学习\实验34\jetAutoML\apache-tomcat-9.0.62-windows
03-Nov-2024 10:17:11.674 信息 [main] org.apache.catalina.startup.VersionLoggerListener.log 命令行参数：       -Djava.io.tmpdir=F:\CODE\GIThub\Markdown\大三课程\机器学习\实验34\jetAutoML\apache-tomcat-9.0.62-windows\temp
03-Nov-2024 10:17:11.711 信息 [main] org.apache.catalina.core.AprLifecycleListener.lifecycleEvent 在java.library.path:[F:\CODE\GIThub\Markdown\大三课程\机器学习\实验34\jetAutoML\apache-tomcat-9.0.62-windows\jre\bin;C:\WINDOWS\Sun\Java\bin;C:\WINDOWS\system32;C:\WINDOWS;F:\DevelopmentKit\VM\bin\;C:\Users\Lenovo\.jdks\jbr-17.0.9\bin;C:\Program Files\Microsoft\jdk-11.0.16.101-hotspot\bin;C:\Program Files (x86)\Common Files\Intel\Shared Libraries\redist\intel64\compiler;C:\Windows\system32;C:\Windows;C:\Windows\System32\Wbem;C:\Windows\System32\WindowsPowerShell\v1.0\;C:\Windows\System32\OpenSSH\;C:\Program Files (x86)\NVIDIA Corporation\PhysX\Common;C:\Program Files\NVIDIA Corporation\NVIDIA NvDLISR;C:\Program Files\Microsoft SQL Server\150\Tools\Binn\;C:\WINDOWS\system32;C:\WINDOWS;C:\WINDOWS\System32\Wbem;C:\WINDOWS\System32\WindowsPowerShell\v1.0\;C:\WINDOWS\System32\OpenSSH\;E:\matlab2023a\bin;C:\Program Files\dotnet\;F:\MYSQL\MySQL Server 8.0\bin;E:\mingw\bin;F:\MinGW\x86_64-13.2.0-release-win32-seh-ucrt-rt_v11-rev0\mingw64\bin;C:\ProgramData\chocolatey\bin;F:\Git\cmd;F:\JDK\jdk-14.0.2_windows-x64_bin\jdk-14.0.2\bin;F:\nvm;F:\node.js.systemlink;JAVA_HOME\bin;F:\JDK\jdk-14.0.2_windows-x64_bin\jdk-14.0.2\jre\bin;C:\Users\Lenovo\AppData\Lo;C:\Program Files\Pandoc\;F:\Git LFS;F:\DevelopmentKit\CMake\bin;C:\Program Files\Microsoft SQL Server\130\Tools\Binn\;C:\Users\Lenovo\AppData\Local\Microsoft\WindowsApps;F:\DevelopmentKitQT_MSVC\5.15.17\msvc2019\bin;C:\Program Files (x86)\Windows Kits\10\Windows Performance Toolkit\;F:\DevelopmentKit\Rust\.rustup;F:\DevelopmentKit\Rust\.cargo;F:\DevelopmentKit\LLVM\bin;F:\DevelopmentKit\ninja-win;F:\DevelopmentKit\OpenCV\build\x64\vc16\bin;F:\DevelopmentKit\LLVM\bin;F:\DevelopmentKit\LLVM\lib;F:\DevelopmentKit\mysys64\mingw64\bin;F:\Anaconda\Library\bin;F:\Anaconda\Scripts;F:\DevelopmentKit\Yarn\bin\;F:\DevelopmentKit\Redis\;F:\DevelopmentKit\ffmpeg-2024-09-26-git-f43916e217-full_build\bin;F:\DevelopmentKit\Rust\.cargo\bin;C:\Users\Lenovo\.local\bin;F:\DevelopmentKit\VM\bin\;C:\Users\Lenovo\.jdks\jbr-17.0.9\bin;C:\Program Files\Microsoft\jdk-11.0.16.101-hotspot\bin;C:\Program Files (x86)\Common Files\Intel\Shared Libraries\redist\intel64\compiler;C:\Windows\system32;C:\Windows;C:\Windows\System32\Wbem;C:\Windows\System32\WindowsPowerShell\v1.0\;C:\Windows\System32\OpenSSH\;C:\Program Files (x86)\NVIDIA Corporation\PhysX\Common;C:\Program Files\NVIDIA Corporation\NVIDIA NvDLISR;C:\Program Files\Microsoft SQL Server\150\Tools\Binn\;C:\WINDOWS\system32;C:\WINDOWS;C:\WINDOWS\System32\Wbem;C:\WINDOWS\System32\WindowsPowerShell\v1.0\;C:\WINDOWS\System32\OpenSSH\;E:\matlab2023a\bin;C:\Program Files\dotnet\;F:\MYSQL\MySQL Server 8.0\bin;E:\mingw\bin;F:\MinGW\x86_64-13.2.0-release-win32-seh-ucrt-rt_v11-rev0\mingw64\bin;C:\ProgramData\chocolatey\bin;F:\Git\cmd;F:\JDK\jdk-14.0.2_windows-x64_bin\jdk-14.0.2\bin;F:\nvm;F:\node.js.systemlink;JAVA_HOME\bin;F:\JDK\jdk-14.0.2_windows-x64_bin\jdk-14.0.2\jre\bin;C:\Users\Lenovo\AppData\Lo;C:\Program Files\Pandoc\;F:\Git LFS;F:\DevelopmentKit\CMake\bin;C:\Program Files\Microsoft SQL Server\130\Tools\Binn\;C:\Users\Lenovo\AppData\Local\Microsoft\WindowsApps;F:\DevelopmentKitQT_MSVC\5.15.17\msvc2019\bin;C:\Program Files (x86)\Windows Kits\10\Windows Performance Toolkit\;F:\DevelopmentKit\Rust\.rustup;F:\DevelopmentKit\Rust\.cargo;F:\DevelopmentKit\LLVM\bin;F:\DevelopmentKit\ninja-win;F:\DevelopmentKit\OpenCV\build\x64\vc16\bin;F:\DevelopmentKit\LLVM\bin;F:\DevelopmentKit\LLVM\lib;F:\DevelopmentKit\mysys64\mingw64\bin;F:\Anaconda\Library\bin;F:\Anaconda\Scripts;F:\DevelopmentKit\Yarn\bin\;F:\DevelopmentKit\Redis\;F:\DevelopmentKit\ffmpeg-2024-09-26-git-f43916e217-full_build\bin;;F:\Microsoft VS Code\bin;C:\Users\Lenovo\AppData\Local\GitHubDesktop\bin;F:\DevelopmentKit\cpolar\;.]上找不到基于APR的Apache Tomcat本机库，该库允许在生产环境中获得最佳性能
03-Nov-2024 10:17:11.996 信息 [main] org.apache.coyote.AbstractProtocol.init 初始化协议处理器 ["http-nio-5560"]
03-Nov-2024 10:17:12.010 严重 [main] org.apache.catalina.util.LifecycleBase.handleSubClassException 初始化组件[Connector[HTTP/1.1-5560]]失败。
	org.apache.catalina.LifecycleException: 协议处理程序初始化失败
		at org.apache.catalina.connector.Connector.initInternal(Connector.java:1049)
		at org.apache.catalina.util.LifecycleBase.init(LifecycleBase.java:136)
		at org.apache.catalina.core.StandardService.initInternal(StandardService.java:556)
		at org.apache.catalina.util.LifecycleBase.init(LifecycleBase.java:136)
		at org.apache.catalina.core.StandardServer.initInternal(StandardServer.java:1042)
		at org.apache.catalina.util.LifecycleBase.init(LifecycleBase.java:136)
		at org.apache.catalina.startup.Catalina.load(Catalina.java:724)
		at org.apache.catalina.startup.Catalina.load(Catalina.java:746)
		at sun.reflect.NativeMethodAccessorImpl.invoke0(Native Method)
		at sun.reflect.NativeMethodAccessorImpl.invoke(NativeMethodAccessorImpl.java:62)
		at sun.reflect.DelegatingMethodAccessorImpl.invoke(DelegatingMethodAccessorImpl.java:43)
		at java.lang.reflect.Method.invoke(Method.java:498)
		at org.apache.catalina.startup.Bootstrap.load(Bootstrap.java:305)
		at org.apache.catalina.startup.Bootstrap.main(Bootstrap.java:475)
	Caused by: java.net.BindException: Address already in use: bind
		at sun.nio.ch.Net.bind0(Native Method)
		at sun.nio.ch.Net.bind(Net.java:433)
		at sun.nio.ch.Net.bind(Net.java:425)
		at sun.nio.ch.ServerSocketChannelImpl.bind(ServerSocketChannelImpl.java:223)
		at org.apache.tomcat.util.net.NioEndpoint.initServerSocket(NioEndpoint.java:274)
		at org.apache.tomcat.util.net.NioEndpoint.bind(NioEndpoint.java:229)
		at org.apache.tomcat.util.net.AbstractEndpoint.bindWithCleanup(AbstractEndpoint.java:1227)
		at org.apache.tomcat.util.net.AbstractEndpoint.init(AbstractEndpoint.java:1240)
		at org.apache.coyote.AbstractProtocol.init(AbstractProtocol.java:603)
		at org.apache.coyote.http11.AbstractHttp11Protocol.init(AbstractHttp11Protocol.java:80)
		at org.apache.catalina.connector.Connector.initInternal(Connector.java:1046)
		... 13 more
03-Nov-2024 10:17:12.013 信息 [main] org.apache.catalina.startup.Catalina.load 服务器在[513]毫秒内初始化
03-Nov-2024 10:17:12.039 信息 [main] org.apache.catalina.core.StandardService.startInternal 正在启动服务[Catalina]
03-Nov-2024 10:17:12.040 信息 [main] org.apache.catalina.core.StandardEngine.startInternal 正在启动 Servlet 引擎：[Apache Tomcat/9.0.62]
03-Nov-2024 10:17:12.051 信息 [main] org.apache.catalina.startup.HostConfig.deployDirectory 把web 应用程序部署到目录 [F:\CODE\GIThub\Markdown\大三课程\机器学习\实验34\jetAutoML\apache-tomcat-9.0.62-windows\webapps\ml_client]
03-Nov-2024 10:17:16.662 信息 [main] org.apache.jasper.servlet.TldScanner.scanJars 至少有一个JAR被扫描用于TLD但尚未包含TLD。 为此记录器启用调试日志记录，以获取已扫描但未在其中找到TLD的完整JAR列表。 在扫描期间跳过不需要的JAR可以缩短启动时间和JSP编译时间。
03-Nov-2024 10:20:45.672 信息 [main] org.apache.catalina.startup.VersionLoggerListener.log Server.服务器版本: Apache Tomcat/9.0.62
03-Nov-2024 10:20:45.675 信息 [main] org.apache.catalina.startup.VersionLoggerListener.log 服务器构建:        Mar 31 2022 14:34:15 UTC
03-Nov-2024 10:20:45.675 信息 [main] org.apache.catalina.startup.VersionLoggerListener.log 服务器版本号:      9.0.62.0
03-Nov-2024 10:20:45.675 信息 [main] org.apache.catalina.startup.VersionLoggerListener.log 操作系统名称:      Windows 10
03-Nov-2024 10:20:45.675 信息 [main] org.apache.catalina.startup.VersionLoggerListener.log OS.版本:           10.0
03-Nov-2024 10:20:45.675 信息 [main] org.apache.catalina.startup.VersionLoggerListener.log 架构:              amd64
03-Nov-2024 10:20:45.675 信息 [main] org.apache.catalina.startup.VersionLoggerListener.log Java 环境变量:     F:\CODE\GIThub\Markdown\大三课程\机器学习\实验34\jetAutoML\apache-tomcat-9.0.62-windows\jre
03-Nov-2024 10:20:45.677 信息 [main] org.apache.catalina.startup.VersionLoggerListener.log Java虚拟机版本:    1.8.0_144-b01
03-Nov-2024 10:20:45.677 信息 [main] org.apache.catalina.startup.VersionLoggerListener.log JVM.供应商:        Oracle Corporation
03-Nov-2024 10:20:45.677 信息 [main] org.apache.catalina.startup.VersionLoggerListener.log CATALINA_BASE:     F:\CODE\GIThub\Markdown\大三课程\机器学习\实验34\jetAutoML\apache-tomcat-9.0.62-windows
03-Nov-2024 10:20:45.677 信息 [main] org.apache.catalina.startup.VersionLoggerListener.log CATALINA_HOME:     F:\CODE\GIThub\Markdown\大三课程\机器学习\实验34\jetAutoML\apache-tomcat-9.0.62-windows
03-Nov-2024 10:20:45.679 信息 [main] org.apache.catalina.startup.VersionLoggerListener.log 命令行参数：       -Djava.util.logging.config.file=F:\CODE\GIThub\Markdown\大三课程\机器学习\实验34\jetAutoML\apache-tomcat-9.0.62-windows\conf\logging.properties
03-Nov-2024 10:20:45.680 信息 [main] org.apache.catalina.startup.VersionLoggerListener.log 命令行参数：       -Djava.util.logging.manager=org.apache.juli.ClassLoaderLogManager
03-Nov-2024 10:20:45.680 信息 [main] org.apache.catalina.startup.VersionLoggerListener.log 命令行参数：       -Dspring.profiles.active=windows
03-Nov-2024 10:20:45.680 信息 [main] org.apache.catalina.startup.VersionLoggerListener.log 命令行参数：       -Djdk.tls.ephemeralDHKeySize=2048
03-Nov-2024 10:20:45.680 信息 [main] org.apache.catalina.startup.VersionLoggerListener.log 命令行参数：       -Djava.protocol.handler.pkgs=org.apache.catalina.webresources
03-Nov-2024 10:20:45.680 信息 [main] org.apache.catalina.startup.VersionLoggerListener.log 命令行参数：       -Dignore.endorsed.dirs=
03-Nov-2024 10:20:45.681 信息 [main] org.apache.catalina.startup.VersionLoggerListener.log 命令行参数：       -Dcatalina.base=F:\CODE\GIThub\Markdown\大三课程\机器学习\实验34\jetAutoML\apache-tomcat-9.0.62-windows
03-Nov-2024 10:20:45.682 信息 [main] org.apache.catalina.startup.VersionLoggerListener.log 命令行参数：       -Dcatalina.home=F:\CODE\GIThub\Markdown\大三课程\机器学习\实验34\jetAutoML\apache-tomcat-9.0.62-windows
03-Nov-2024 10:20:45.682 信息 [main] org.apache.catalina.startup.VersionLoggerListener.log 命令行参数：       -Djava.io.tmpdir=F:\CODE\GIThub\Markdown\大三课程\机器学习\实验34\jetAutoML\apache-tomcat-9.0.62-windows\temp
03-Nov-2024 10:20:45.726 信息 [main] org.apache.catalina.core.AprLifecycleListener.lifecycleEvent 在java.library.path:[F:\CODE\GIThub\Markdown\大三课程\机器学习\实验34\jetAutoML\apache-tomcat-9.0.62-windows\jre\bin;C:\WINDOWS\Sun\Java\bin;C:\WINDOWS\system32;C:\WINDOWS;F:\DevelopmentKit\VM\bin\;C:\Users\Lenovo\.jdks\jbr-17.0.9\bin;C:\Program Files\Microsoft\jdk-11.0.16.101-hotspot\bin;C:\Program Files (x86)\Common Files\Intel\Shared Libraries\redist\intel64\compiler;C:\Windows\system32;C:\Windows;C:\Windows\System32\Wbem;C:\Windows\System32\WindowsPowerShell\v1.0\;C:\Windows\System32\OpenSSH\;C:\Program Files (x86)\NVIDIA Corporation\PhysX\Common;C:\Program Files\NVIDIA Corporation\NVIDIA NvDLISR;C:\Program Files\Microsoft SQL Server\150\Tools\Binn\;C:\WINDOWS\system32;C:\WINDOWS;C:\WINDOWS\System32\Wbem;C:\WINDOWS\System32\WindowsPowerShell\v1.0\;C:\WINDOWS\System32\OpenSSH\;E:\matlab2023a\bin;C:\Program Files\dotnet\;F:\MYSQL\MySQL Server 8.0\bin;E:\mingw\bin;F:\MinGW\x86_64-13.2.0-release-win32-seh-ucrt-rt_v11-rev0\mingw64\bin;C:\ProgramData\chocolatey\bin;F:\Git\cmd;F:\JDK\jdk-14.0.2_windows-x64_bin\jdk-14.0.2\bin;F:\nvm;F:\node.js.systemlink;JAVA_HOME\bin;F:\JDK\jdk-14.0.2_windows-x64_bin\jdk-14.0.2\jre\bin;C:\Users\Lenovo\AppData\Lo;C:\Program Files\Pandoc\;F:\Git LFS;F:\DevelopmentKit\CMake\bin;C:\Program Files\Microsoft SQL Server\130\Tools\Binn\;C:\Users\Lenovo\AppData\Local\Microsoft\WindowsApps;F:\DevelopmentKitQT_MSVC\5.15.17\msvc2019\bin;C:\Program Files (x86)\Windows Kits\10\Windows Performance Toolkit\;F:\DevelopmentKit\Rust\.rustup;F:\DevelopmentKit\Rust\.cargo;F:\DevelopmentKit\LLVM\bin;F:\DevelopmentKit\ninja-win;F:\DevelopmentKit\OpenCV\build\x64\vc16\bin;F:\DevelopmentKit\LLVM\bin;F:\DevelopmentKit\LLVM\lib;F:\DevelopmentKit\mysys64\mingw64\bin;F:\Anaconda\Library\bin;F:\Anaconda\Scripts;F:\DevelopmentKit\Yarn\bin\;F:\DevelopmentKit\Redis\;F:\DevelopmentKit\ffmpeg-2024-09-26-git-f43916e217-full_build\bin;F:\DevelopmentKit\Rust\.cargo\bin;C:\Users\Lenovo\.local\bin;F:\DevelopmentKit\VM\bin\;C:\Users\Lenovo\.jdks\jbr-17.0.9\bin;C:\Program Files\Microsoft\jdk-11.0.16.101-hotspot\bin;C:\Program Files (x86)\Common Files\Intel\Shared Libraries\redist\intel64\compiler;C:\Windows\system32;C:\Windows;C:\Windows\System32\Wbem;C:\Windows\System32\WindowsPowerShell\v1.0\;C:\Windows\System32\OpenSSH\;C:\Program Files (x86)\NVIDIA Corporation\PhysX\Common;C:\Program Files\NVIDIA Corporation\NVIDIA NvDLISR;C:\Program Files\Microsoft SQL Server\150\Tools\Binn\;C:\WINDOWS\system32;C:\WINDOWS;C:\WINDOWS\System32\Wbem;C:\WINDOWS\System32\WindowsPowerShell\v1.0\;C:\WINDOWS\System32\OpenSSH\;E:\matlab2023a\bin;C:\Program Files\dotnet\;F:\MYSQL\MySQL Server 8.0\bin;E:\mingw\bin;F:\MinGW\x86_64-13.2.0-release-win32-seh-ucrt-rt_v11-rev0\mingw64\bin;C:\ProgramData\chocolatey\bin;F:\Git\cmd;F:\JDK\jdk-14.0.2_windows-x64_bin\jdk-14.0.2\bin;F:\nvm;F:\node.js.systemlink;JAVA_HOME\bin;F:\JDK\jdk-14.0.2_windows-x64_bin\jdk-14.0.2\jre\bin;C:\Users\Lenovo\AppData\Lo;C:\Program Files\Pandoc\;F:\Git LFS;F:\DevelopmentKit\CMake\bin;C:\Program Files\Microsoft SQL Server\130\Tools\Binn\;C:\Users\Lenovo\AppData\Local\Microsoft\WindowsApps;F:\DevelopmentKitQT_MSVC\5.15.17\msvc2019\bin;C:\Program Files (x86)\Windows Kits\10\Windows Performance Toolkit\;F:\DevelopmentKit\Rust\.rustup;F:\DevelopmentKit\Rust\.cargo;F:\DevelopmentKit\LLVM\bin;F:\DevelopmentKit\ninja-win;F:\DevelopmentKit\OpenCV\build\x64\vc16\bin;F:\DevelopmentKit\LLVM\bin;F:\DevelopmentKit\LLVM\lib;F:\DevelopmentKit\mysys64\mingw64\bin;F:\Anaconda\Library\bin;F:\Anaconda\Scripts;F:\DevelopmentKit\Yarn\bin\;F:\DevelopmentKit\Redis\;F:\DevelopmentKit\ffmpeg-2024-09-26-git-f43916e217-full_build\bin;;F:\Microsoft VS Code\bin;C:\Users\Lenovo\AppData\Local\GitHubDesktop\bin;F:\DevelopmentKit\cpolar\;.]上找不到基于APR的Apache Tomcat本机库，该库允许在生产环境中获得最佳性能
03-Nov-2024 10:20:46.079 信息 [main] org.apache.coyote.AbstractProtocol.init 初始化协议处理器 ["http-nio-5560"]
03-Nov-2024 10:20:46.105 信息 [main] org.apache.catalina.startup.Catalina.load 服务器在[631]毫秒内初始化
03-Nov-2024 10:20:46.134 信息 [main] org.apache.catalina.core.StandardService.startInternal 正在启动服务[Catalina]
03-Nov-2024 10:20:46.134 信息 [main] org.apache.catalina.core.StandardEngine.startInternal 正在启动 Servlet 引擎：[Apache Tomcat/9.0.62]
03-Nov-2024 10:20:46.146 信息 [main] org.apache.catalina.startup.HostConfig.deployDirectory 把web 应用程序部署到目录 [F:\CODE\GIThub\Markdown\大三课程\机器学习\实验34\jetAutoML\apache-tomcat-9.0.62-windows\webapps\ml_client]
03-Nov-2024 10:20:50.851 信息 [main] org.apache.jasper.servlet.TldScanner.scanJars 至少有一个JAR被扫描用于TLD但尚未包含TLD。 为此记录器启用调试日志记录，以获取已扫描但未在其中找到TLD的完整JAR列表。 在扫描期间跳过不需要的JAR可以缩短启动时间和JSP编译时间。
03-Nov-2024 10:20:59.083 警告 [main] org.apache.catalina.util.SessionIdGeneratorBase.createSecureRandom 使用[SHA1PRNG]创建会话ID生成的SecureRandom实例花费了[1,347]毫秒。
03-Nov-2024 10:20:59.104 信息 [main] org.apache.catalina.startup.HostConfig.deployDirectory Web应用程序目录[F:\CODE\GIThub\Markdown\大三课程\机器学习\实验34\jetAutoML\apache-tomcat-9.0.62-windows\webapps\ml_client]的部署已在[12,958]毫秒内完成
03-Nov-2024 10:20:59.114 信息 [main] org.apache.coyote.AbstractProtocol.start 开始协议处理句柄["http-nio-5560"]
03-Nov-2024 10:20:59.133 信息 [main] org.apache.catalina.startup.Catalina.start [13027]毫秒后服务器启动
03-Nov-2024 10:46:15.608 信息 [main] org.apache.catalina.startup.VersionLoggerListener.log Server.服务器版本: Apache Tomcat/9.0.62
03-Nov-2024 10:46:15.613 信息 [main] org.apache.catalina.startup.VersionLoggerListener.log 服务器构建:        Mar 31 2022 14:34:15 UTC
03-Nov-2024 10:46:15.613 信息 [main] org.apache.catalina.startup.VersionLoggerListener.log 服务器版本号:      9.0.62.0
03-Nov-2024 10:46:15.613 信息 [main] org.apache.catalina.startup.VersionLoggerListener.log 操作系统名称:      Windows 10
03-Nov-2024 10:46:15.614 信息 [main] org.apache.catalina.startup.VersionLoggerListener.log OS.版本:           10.0
03-Nov-2024 10:46:15.614 信息 [main] org.apache.catalina.startup.VersionLoggerListener.log 架构:              amd64
03-Nov-2024 10:46:15.614 信息 [main] org.apache.catalina.startup.VersionLoggerListener.log Java 环境变量:     F:\CODE\GIThub\Markdown\大三课程\机器学习\实验34\jetAutoML\apache-tomcat-9.0.62-windows\jre
03-Nov-2024 10:46:15.614 信息 [main] org.apache.catalina.startup.VersionLoggerListener.log Java虚拟机版本:    1.8.0_144-b01
03-Nov-2024 10:46:15.614 信息 [main] org.apache.catalina.startup.VersionLoggerListener.log JVM.供应商:        Oracle Corporation
03-Nov-2024 10:46:15.614 信息 [main] org.apache.catalina.startup.VersionLoggerListener.log CATALINA_BASE:     F:\CODE\GIThub\Markdown\大三课程\机器学习\实验34\jetAutoML\apache-tomcat-9.0.62-windows
03-Nov-2024 10:46:15.614 信息 [main] org.apache.catalina.startup.VersionLoggerListener.log CATALINA_HOME:     F:\CODE\GIThub\Markdown\大三课程\机器学习\实验34\jetAutoML\apache-tomcat-9.0.62-windows
03-Nov-2024 10:46:15.617 信息 [main] org.apache.catalina.startup.VersionLoggerListener.log 命令行参数：       -Djava.util.logging.config.file=F:\CODE\GIThub\Markdown\大三课程\机器学习\实验34\jetAutoML\apache-tomcat-9.0.62-windows\conf\logging.properties
03-Nov-2024 10:46:15.617 信息 [main] org.apache.catalina.startup.VersionLoggerListener.log 命令行参数：       -Djava.util.logging.manager=org.apache.juli.ClassLoaderLogManager
03-Nov-2024 10:46:15.617 信息 [main] org.apache.catalina.startup.VersionLoggerListener.log 命令行参数：       -Dspring.profiles.active=windows
03-Nov-2024 10:46:15.617 信息 [main] org.apache.catalina.startup.VersionLoggerListener.log 命令行参数：       -Djdk.tls.ephemeralDHKeySize=2048
03-Nov-2024 10:46:15.618 信息 [main] org.apache.catalina.startup.VersionLoggerListener.log 命令行参数：       -Djava.protocol.handler.pkgs=org.apache.catalina.webresources
03-Nov-2024 10:46:15.618 信息 [main] org.apache.catalina.startup.VersionLoggerListener.log 命令行参数：       -Dignore.endorsed.dirs=
03-Nov-2024 10:46:15.618 信息 [main] org.apache.catalina.startup.VersionLoggerListener.log 命令行参数：       -Dcatalina.base=F:\CODE\GIThub\Markdown\大三课程\机器学习\实验34\jetAutoML\apache-tomcat-9.0.62-windows
03-Nov-2024 10:46:15.619 信息 [main] org.apache.catalina.startup.VersionLoggerListener.log 命令行参数：       -Dcatalina.home=F:\CODE\GIThub\Markdown\大三课程\机器学习\实验34\jetAutoML\apache-tomcat-9.0.62-windows
03-Nov-2024 10:46:15.619 信息 [main] org.apache.catalina.startup.VersionLoggerListener.log 命令行参数：       -Djava.io.tmpdir=F:\CODE\GIThub\Markdown\大三课程\机器学习\实验34\jetAutoML\apache-tomcat-9.0.62-windows\temp
03-Nov-2024 10:46:15.655 信息 [main] org.apache.catalina.core.AprLifecycleListener.lifecycleEvent 在java.library.path:[F:\CODE\GIThub\Markdown\大三课程\机器学习\实验34\jetAutoML\apache-tomcat-9.0.62-windows\jre\bin;C:\WINDOWS\Sun\Java\bin;C:\WINDOWS\system32;C:\WINDOWS;F:\DevelopmentKit\VM\bin\;C:\Users\Lenovo\.jdks\jbr-17.0.9\bin;C:\Program Files\Microsoft\jdk-11.0.16.101-hotspot\bin;C:\Program Files (x86)\Common Files\Intel\Shared Libraries\redist\intel64\compiler;C:\Windows\system32;C:\Windows;C:\Windows\System32\Wbem;C:\Windows\System32\WindowsPowerShell\v1.0\;C:\Windows\System32\OpenSSH\;C:\Program Files (x86)\NVIDIA Corporation\PhysX\Common;C:\Program Files\NVIDIA Corporation\NVIDIA NvDLISR;C:\Program Files\Microsoft SQL Server\150\Tools\Binn\;C:\WINDOWS\system32;C:\WINDOWS;C:\WINDOWS\System32\Wbem;C:\WINDOWS\System32\WindowsPowerShell\v1.0\;C:\WINDOWS\System32\OpenSSH\;E:\matlab2023a\bin;C:\Program Files\dotnet\;F:\MYSQL\MySQL Server 8.0\bin;E:\mingw\bin;F:\MinGW\x86_64-13.2.0-release-win32-seh-ucrt-rt_v11-rev0\mingw64\bin;C:\ProgramData\chocolatey\bin;F:\Git\cmd;F:\JDK\jdk-14.0.2_windows-x64_bin\jdk-14.0.2\bin;F:\nvm;F:\node.js.systemlink;JAVA_HOME\bin;F:\JDK\jdk-14.0.2_windows-x64_bin\jdk-14.0.2\jre\bin;C:\Users\Lenovo\AppData\Lo;C:\Program Files\Pandoc\;F:\Git LFS;F:\DevelopmentKit\CMake\bin;C:\Program Files\Microsoft SQL Server\130\Tools\Binn\;C:\Users\Lenovo\AppData\Local\Microsoft\WindowsApps;F:\DevelopmentKitQT_MSVC\5.15.17\msvc2019\bin;C:\Program Files (x86)\Windows Kits\10\Windows Performance Toolkit\;F:\DevelopmentKit\Rust\.rustup;F:\DevelopmentKit\Rust\.cargo;F:\DevelopmentKit\LLVM\bin;F:\DevelopmentKit\ninja-win;F:\DevelopmentKit\OpenCV\build\x64\vc16\bin;F:\DevelopmentKit\LLVM\bin;F:\DevelopmentKit\LLVM\lib;F:\DevelopmentKit\mysys64\mingw64\bin;F:\Anaconda\Library\bin;F:\Anaconda\Scripts;F:\DevelopmentKit\Yarn\bin\;F:\DevelopmentKit\Redis\;F:\DevelopmentKit\ffmpeg-2024-09-26-git-f43916e217-full_build\bin;F:\DevelopmentKit\Rust\.cargo\bin;C:\Users\Lenovo\.local\bin;F:\DevelopmentKit\VM\bin\;C:\Users\Lenovo\.jdks\jbr-17.0.9\bin;C:\Program Files\Microsoft\jdk-11.0.16.101-hotspot\bin;C:\Program Files (x86)\Common Files\Intel\Shared Libraries\redist\intel64\compiler;C:\Windows\system32;C:\Windows;C:\Windows\System32\Wbem;C:\Windows\System32\WindowsPowerShell\v1.0\;C:\Windows\System32\OpenSSH\;C:\Program Files (x86)\NVIDIA Corporation\PhysX\Common;C:\Program Files\NVIDIA Corporation\NVIDIA NvDLISR;C:\Program Files\Microsoft SQL Server\150\Tools\Binn\;C:\WINDOWS\system32;C:\WINDOWS;C:\WINDOWS\System32\Wbem;C:\WINDOWS\System32\WindowsPowerShell\v1.0\;C:\WINDOWS\System32\OpenSSH\;E:\matlab2023a\bin;C:\Program Files\dotnet\;F:\MYSQL\MySQL Server 8.0\bin;E:\mingw\bin;F:\MinGW\x86_64-13.2.0-release-win32-seh-ucrt-rt_v11-rev0\mingw64\bin;C:\ProgramData\chocolatey\bin;F:\Git\cmd;F:\JDK\jdk-14.0.2_windows-x64_bin\jdk-14.0.2\bin;F:\nvm;F:\node.js.systemlink;JAVA_HOME\bin;F:\JDK\jdk-14.0.2_windows-x64_bin\jdk-14.0.2\jre\bin;C:\Users\Lenovo\AppData\Lo;C:\Program Files\Pandoc\;F:\Git LFS;F:\DevelopmentKit\CMake\bin;C:\Program Files\Microsoft SQL Server\130\Tools\Binn\;C:\Users\Lenovo\AppData\Local\Microsoft\WindowsApps;F:\DevelopmentKitQT_MSVC\5.15.17\msvc2019\bin;C:\Program Files (x86)\Windows Kits\10\Windows Performance Toolkit\;F:\DevelopmentKit\Rust\.rustup;F:\DevelopmentKit\Rust\.cargo;F:\DevelopmentKit\LLVM\bin;F:\DevelopmentKit\ninja-win;F:\DevelopmentKit\OpenCV\build\x64\vc16\bin;F:\DevelopmentKit\LLVM\bin;F:\DevelopmentKit\LLVM\lib;F:\DevelopmentKit\mysys64\mingw64\bin;F:\Anaconda\Library\bin;F:\Anaconda\Scripts;F:\DevelopmentKit\Yarn\bin\;F:\DevelopmentKit\Redis\;F:\DevelopmentKit\ffmpeg-2024-09-26-git-f43916e217-full_build\bin;;F:\Microsoft VS Code\bin;C:\Users\Lenovo\AppData\Local\GitHubDesktop\bin;F:\DevelopmentKit\cpolar\;.]上找不到基于APR的Apache Tomcat本机库，该库允许在生产环境中获得最佳性能
03-Nov-2024 10:46:15.987 信息 [main] org.apache.coyote.AbstractProtocol.init 初始化协议处理器 ["http-nio-5560"]
03-Nov-2024 10:46:16.016 信息 [main] org.apache.catalina.startup.Catalina.load 服务器在[605]毫秒内初始化
03-Nov-2024 10:46:16.049 信息 [main] org.apache.catalina.core.StandardService.startInternal 正在启动服务[Catalina]
03-Nov-2024 10:46:16.049 信息 [main] org.apache.catalina.core.StandardEngine.startInternal 正在启动 Servlet 引擎：[Apache Tomcat/9.0.62]
03-Nov-2024 10:46:16.059 信息 [main] org.apache.catalina.startup.HostConfig.deployDirectory 把web 应用程序部署到目录 [F:\CODE\GIThub\Markdown\大三课程\机器学习\实验34\jetAutoML\apache-tomcat-9.0.62-windows\webapps\ml_client]
03-Nov-2024 10:46:21.421 信息 [main] org.apache.jasper.servlet.TldScanner.scanJars 至少有一个JAR被扫描用于TLD但尚未包含TLD。 为此记录器启用调试日志记录，以获取已扫描但未在其中找到TLD的完整JAR列表。 在扫描期间跳过不需要的JAR可以缩短启动时间和JSP编译时间。
03-Nov-2024 10:46:30.346 警告 [main] org.apache.catalina.util.SessionIdGeneratorBase.createSecureRandom 使用[SHA1PRNG]创建会话ID生成的SecureRandom实例花费了[1,389]毫秒。
03-Nov-2024 10:46:30.381 信息 [main] org.apache.catalina.startup.HostConfig.deployDirectory Web应用程序目录[F:\CODE\GIThub\Markdown\大三课程\机器学习\实验34\jetAutoML\apache-tomcat-9.0.62-windows\webapps\ml_client]的部署已在[14,322]毫秒内完成
03-Nov-2024 10:46:30.384 信息 [main] org.apache.coyote.AbstractProtocol.start 开始协议处理句柄["http-nio-5560"]
03-Nov-2024 10:46:30.409 信息 [main] org.apache.catalina.startup.Catalina.start [14392]毫秒后服务器启动
03-Nov-2024 13:50:23.280 信息 [main] org.apache.catalina.startup.VersionLoggerListener.log Server.服务器版本: Apache Tomcat/9.0.62
03-Nov-2024 13:50:23.284 信息 [main] org.apache.catalina.startup.VersionLoggerListener.log 服务器构建:        Mar 31 2022 14:34:15 UTC
03-Nov-2024 13:50:23.284 信息 [main] org.apache.catalina.startup.VersionLoggerListener.log 服务器版本号:      9.0.62.0
03-Nov-2024 13:50:23.284 信息 [main] org.apache.catalina.startup.VersionLoggerListener.log 操作系统名称:      Windows 10
03-Nov-2024 13:50:23.284 信息 [main] org.apache.catalina.startup.VersionLoggerListener.log OS.版本:           10.0
03-Nov-2024 13:50:23.285 信息 [main] org.apache.catalina.startup.VersionLoggerListener.log 架构:              amd64
03-Nov-2024 13:50:23.285 信息 [main] org.apache.catalina.startup.VersionLoggerListener.log Java 环境变量:     F:\CODE\GIThub\Markdown\大三课程\机器学习\实验34\jetAutoML\apache-tomcat-9.0.62-windows\jre
03-Nov-2024 13:50:23.285 信息 [main] org.apache.catalina.startup.VersionLoggerListener.log Java虚拟机版本:    1.8.0_144-b01
03-Nov-2024 13:50:23.285 信息 [main] org.apache.catalina.startup.VersionLoggerListener.log JVM.供应商:        Oracle Corporation
03-Nov-2024 13:50:23.286 信息 [main] org.apache.catalina.startup.VersionLoggerListener.log CATALINA_BASE:     F:\CODE\GIThub\Markdown\大三课程\机器学习\实验34\jetAutoML\apache-tomcat-9.0.62-windows
03-Nov-2024 13:50:23.286 信息 [main] org.apache.catalina.startup.VersionLoggerListener.log CATALINA_HOME:     F:\CODE\GIThub\Markdown\大三课程\机器学习\实验34\jetAutoML\apache-tomcat-9.0.62-windows
03-Nov-2024 13:50:23.288 信息 [main] org.apache.catalina.startup.VersionLoggerListener.log 命令行参数：       -Djava.util.logging.config.file=F:\CODE\GIThub\Markdown\大三课程\机器学习\实验34\jetAutoML\apache-tomcat-9.0.62-windows\conf\logging.properties
03-Nov-2024 13:50:23.288 信息 [main] org.apache.catalina.startup.VersionLoggerListener.log 命令行参数：       -Djava.util.logging.manager=org.apache.juli.ClassLoaderLogManager
03-Nov-2024 13:50:23.288 信息 [main] org.apache.catalina.startup.VersionLoggerListener.log 命令行参数：       -Dspring.profiles.active=windows
03-Nov-2024 13:50:23.288 信息 [main] org.apache.catalina.startup.VersionLoggerListener.log 命令行参数：       -Djdk.tls.ephemeralDHKeySize=2048
03-Nov-2024 13:50:23.288 信息 [main] org.apache.catalina.startup.VersionLoggerListener.log 命令行参数：       -Djava.protocol.handler.pkgs=org.apache.catalina.webresources
03-Nov-2024 13:50:23.289 信息 [main] org.apache.catalina.startup.VersionLoggerListener.log 命令行参数：       -Dignore.endorsed.dirs=
03-Nov-2024 13:50:23.289 信息 [main] org.apache.catalina.startup.VersionLoggerListener.log 命令行参数：       -Dcatalina.base=F:\CODE\GIThub\Markdown\大三课程\机器学习\实验34\jetAutoML\apache-tomcat-9.0.62-windows
03-Nov-2024 13:50:23.290 信息 [main] org.apache.catalina.startup.VersionLoggerListener.log 命令行参数：       -Dcatalina.home=F:\CODE\GIThub\Markdown\大三课程\机器学习\实验34\jetAutoML\apache-tomcat-9.0.62-windows
03-Nov-2024 13:50:23.290 信息 [main] org.apache.catalina.startup.VersionLoggerListener.log 命令行参数：       -Djava.io.tmpdir=F:\CODE\GIThub\Markdown\大三课程\机器学习\实验34\jetAutoML\apache-tomcat-9.0.62-windows\temp
03-Nov-2024 13:50:23.323 信息 [main] org.apache.catalina.core.AprLifecycleListener.lifecycleEvent 在java.library.path:[F:\CODE\GIThub\Markdown\大三课程\机器学习\实验34\jetAutoML\apache-tomcat-9.0.62-windows\jre\bin;C:\WINDOWS\Sun\Java\bin;C:\WINDOWS\system32;C:\WINDOWS;F:\DevelopmentKit\VM\bin\;C:\Users\Lenovo\.jdks\jbr-17.0.9\bin;C:\Program Files\Microsoft\jdk-11.0.16.101-hotspot\bin;C:\Program Files (x86)\Common Files\Intel\Shared Libraries\redist\intel64\compiler;C:\Windows\system32;C:\Windows;C:\Windows\System32\Wbem;C:\Windows\System32\WindowsPowerShell\v1.0\;C:\Windows\System32\OpenSSH\;C:\Program Files (x86)\NVIDIA Corporation\PhysX\Common;C:\Program Files\NVIDIA Corporation\NVIDIA NvDLISR;C:\Program Files\Microsoft SQL Server\150\Tools\Binn\;C:\WINDOWS\system32;C:\WINDOWS;C:\WINDOWS\System32\Wbem;C:\WINDOWS\System32\WindowsPowerShell\v1.0\;C:\WINDOWS\System32\OpenSSH\;E:\matlab2023a\bin;C:\Program Files\dotnet\;F:\MYSQL\MySQL Server 8.0\bin;E:\mingw\bin;F:\MinGW\x86_64-13.2.0-release-win32-seh-ucrt-rt_v11-rev0\mingw64\bin;C:\ProgramData\chocolatey\bin;F:\Git\cmd;F:\JDK\jdk-14.0.2_windows-x64_bin\jdk-14.0.2\bin;F:\nvm;F:\node.js.systemlink;JAVA_HOME\bin;F:\JDK\jdk-14.0.2_windows-x64_bin\jdk-14.0.2\jre\bin;C:\Users\Lenovo\AppData\Lo;C:\Program Files\Pandoc\;F:\Git LFS;F:\DevelopmentKit\CMake\bin;C:\Program Files\Microsoft SQL Server\130\Tools\Binn\;C:\Users\Lenovo\AppData\Local\Microsoft\WindowsApps;F:\DevelopmentKitQT_MSVC\5.15.17\msvc2019\bin;C:\Program Files (x86)\Windows Kits\10\Windows Performance Toolkit\;F:\DevelopmentKit\Rust\.rustup;F:\DevelopmentKit\Rust\.cargo;F:\DevelopmentKit\LLVM\bin;F:\DevelopmentKit\ninja-win;F:\DevelopmentKit\OpenCV\build\x64\vc16\bin;F:\DevelopmentKit\LLVM\bin;F:\DevelopmentKit\LLVM\lib;F:\DevelopmentKit\mysys64\mingw64\bin;F:\Anaconda\Library\bin;F:\Anaconda\Scripts;F:\DevelopmentKit\Yarn\bin\;F:\DevelopmentKit\Redis\;F:\DevelopmentKit\ffmpeg-2024-09-26-git-f43916e217-full_build\bin;F:\DevelopmentKit\Rust\.cargo\bin;C:\Users\Lenovo\.local\bin;F:\DevelopmentKit\VM\bin\;C:\Users\Lenovo\.jdks\jbr-17.0.9\bin;C:\Program Files\Microsoft\jdk-11.0.16.101-hotspot\bin;C:\Program Files (x86)\Common Files\Intel\Shared Libraries\redist\intel64\compiler;C:\Windows\system32;C:\Windows;C:\Windows\System32\Wbem;C:\Windows\System32\WindowsPowerShell\v1.0\;C:\Windows\System32\OpenSSH\;C:\Program Files (x86)\NVIDIA Corporation\PhysX\Common;C:\Program Files\NVIDIA Corporation\NVIDIA NvDLISR;C:\Program Files\Microsoft SQL Server\150\Tools\Binn\;C:\WINDOWS\system32;C:\WINDOWS;C:\WINDOWS\System32\Wbem;C:\WINDOWS\System32\WindowsPowerShell\v1.0\;C:\WINDOWS\System32\OpenSSH\;E:\matlab2023a\bin;C:\Program Files\dotnet\;F:\MYSQL\MySQL Server 8.0\bin;E:\mingw\bin;F:\MinGW\x86_64-13.2.0-release-win32-seh-ucrt-rt_v11-rev0\mingw64\bin;C:\ProgramData\chocolatey\bin;F:\Git\cmd;F:\JDK\jdk-14.0.2_windows-x64_bin\jdk-14.0.2\bin;F:\nvm;F:\node.js.systemlink;JAVA_HOME\bin;F:\JDK\jdk-14.0.2_windows-x64_bin\jdk-14.0.2\jre\bin;C:\Users\Lenovo\AppData\Lo;C:\Program Files\Pandoc\;F:\Git LFS;F:\DevelopmentKit\CMake\bin;C:\Program Files\Microsoft SQL Server\130\Tools\Binn\;C:\Users\Lenovo\AppData\Local\Microsoft\WindowsApps;F:\DevelopmentKitQT_MSVC\5.15.17\msvc2019\bin;C:\Program Files (x86)\Windows Kits\10\Windows Performance Toolkit\;F:\DevelopmentKit\Rust\.rustup;F:\DevelopmentKit\Rust\.cargo;F:\DevelopmentKit\LLVM\bin;F:\DevelopmentKit\ninja-win;F:\DevelopmentKit\OpenCV\build\x64\vc16\bin;F:\DevelopmentKit\LLVM\bin;F:\DevelopmentKit\LLVM\lib;F:\DevelopmentKit\mysys64\mingw64\bin;F:\Anaconda\Library\bin;F:\Anaconda\Scripts;F:\DevelopmentKit\Yarn\bin\;F:\DevelopmentKit\Redis\;F:\DevelopmentKit\ffmpeg-2024-09-26-git-f43916e217-full_build\bin;;F:\Microsoft VS Code\bin;C:\Users\Lenovo\AppData\Local\GitHubDesktop\bin;F:\DevelopmentKit\cpolar\;.]上找不到基于APR的Apache Tomcat本机库，该库允许在生产环境中获得最佳性能
03-Nov-2024 13:50:23.629 信息 [main] org.apache.coyote.AbstractProtocol.init 初始化协议处理器 ["http-nio-5560"]
03-Nov-2024 13:50:23.650 信息 [main] org.apache.catalina.startup.Catalina.load 服务器在[549]毫秒内初始化
03-Nov-2024 13:50:23.681 信息 [main] org.apache.catalina.core.StandardService.startInternal 正在启动服务[Catalina]
03-Nov-2024 13:50:23.686 信息 [main] org.apache.catalina.core.StandardEngine.startInternal 正在启动 Servlet 引擎：[Apache Tomcat/9.0.62]
03-Nov-2024 13:50:23.697 信息 [main] org.apache.catalina.startup.HostConfig.deployDirectory 把web 应用程序部署到目录 [F:\CODE\GIThub\Markdown\大三课程\机器学习\实验34\jetAutoML\apache-tomcat-9.0.62-windows\webapps\ml_client]
03-Nov-2024 13:50:27.820 信息 [main] org.apache.jasper.servlet.TldScanner.scanJars 至少有一个JAR被扫描用于TLD但尚未包含TLD。 为此记录器启用调试日志记录，以获取已扫描但未在其中找到TLD的完整JAR列表。 在扫描期间跳过不需要的JAR可以缩短启动时间和JSP编译时间。
03-Nov-2024 13:50:35.051 警告 [main] org.apache.catalina.util.SessionIdGeneratorBase.createSecureRandom 使用[SHA1PRNG]创建会话ID生成的SecureRandom实例花费了[1,149]毫秒。
03-Nov-2024 13:50:35.069 信息 [main] org.apache.catalina.startup.HostConfig.deployDirectory Web应用程序目录[F:\CODE\GIThub\Markdown\大三课程\机器学习\实验34\jetAutoML\apache-tomcat-9.0.62-windows\webapps\ml_client]的部署已在[11,373]毫秒内完成
03-Nov-2024 13:50:35.072 信息 [main] org.apache.coyote.AbstractProtocol.start 开始协议处理句柄["http-nio-5560"]
03-Nov-2024 13:50:35.094 信息 [main] org.apache.catalina.startup.Catalina.start [11436]毫秒后服务器启动
03-Nov-2024 23:24:40.754 信息 [main] org.apache.catalina.startup.VersionLoggerListener.log Server.服务器版本: Apache Tomcat/9.0.62
03-Nov-2024 23:24:40.758 信息 [main] org.apache.catalina.startup.VersionLoggerListener.log 服务器构建:        Mar 31 2022 14:34:15 UTC
03-Nov-2024 23:24:40.758 信息 [main] org.apache.catalina.startup.VersionLoggerListener.log 服务器版本号:      9.0.62.0
03-Nov-2024 23:24:40.758 信息 [main] org.apache.catalina.startup.VersionLoggerListener.log 操作系统名称:      Windows 10
03-Nov-2024 23:24:40.758 信息 [main] org.apache.catalina.startup.VersionLoggerListener.log OS.版本:           10.0
03-Nov-2024 23:24:40.758 信息 [main] org.apache.catalina.startup.VersionLoggerListener.log 架构:              amd64
03-Nov-2024 23:24:40.758 信息 [main] org.apache.catalina.startup.VersionLoggerListener.log Java 环境变量:     F:\CODE\GIThub\Markdown\大三课程\机器学习\实验34\jetAutoML\apache-tomcat-9.0.62-windows\jre
03-Nov-2024 23:24:40.759 信息 [main] org.apache.catalina.startup.VersionLoggerListener.log Java虚拟机版本:    1.8.0_144-b01
03-Nov-2024 23:24:40.759 信息 [main] org.apache.catalina.startup.VersionLoggerListener.log JVM.供应商:        Oracle Corporation
03-Nov-2024 23:24:40.759 信息 [main] org.apache.catalina.startup.VersionLoggerListener.log CATALINA_BASE:     F:\CODE\GIThub\Markdown\大三课程\机器学习\实验34\jetAutoML\apache-tomcat-9.0.62-windows
03-Nov-2024 23:24:40.759 信息 [main] org.apache.catalina.startup.VersionLoggerListener.log CATALINA_HOME:     F:\CODE\GIThub\Markdown\大三课程\机器学习\实验34\jetAutoML\apache-tomcat-9.0.62-windows
03-Nov-2024 23:24:40.762 信息 [main] org.apache.catalina.startup.VersionLoggerListener.log 命令行参数：       -Djava.util.logging.config.file=F:\CODE\GIThub\Markdown\大三课程\机器学习\实验34\jetAutoML\apache-tomcat-9.0.62-windows\conf\logging.properties
03-Nov-2024 23:24:40.762 信息 [main] org.apache.catalina.startup.VersionLoggerListener.log 命令行参数：       -Djava.util.logging.manager=org.apache.juli.ClassLoaderLogManager
03-Nov-2024 23:24:40.762 信息 [main] org.apache.catalina.startup.VersionLoggerListener.log 命令行参数：       -Dspring.profiles.active=windows
03-Nov-2024 23:24:40.762 信息 [main] org.apache.catalina.startup.VersionLoggerListener.log 命令行参数：       -Djdk.tls.ephemeralDHKeySize=2048
03-Nov-2024 23:24:40.763 信息 [main] org.apache.catalina.startup.VersionLoggerListener.log 命令行参数：       -Djava.protocol.handler.pkgs=org.apache.catalina.webresources
03-Nov-2024 23:24:40.763 信息 [main] org.apache.catalina.startup.VersionLoggerListener.log 命令行参数：       -Dignore.endorsed.dirs=
03-Nov-2024 23:24:40.767 信息 [main] org.apache.catalina.startup.VersionLoggerListener.log 命令行参数：       -Dcatalina.base=F:\CODE\GIThub\Markdown\大三课程\机器学习\实验34\jetAutoML\apache-tomcat-9.0.62-windows
03-Nov-2024 23:24:40.767 信息 [main] org.apache.catalina.startup.VersionLoggerListener.log 命令行参数：       -Dcatalina.home=F:\CODE\GIThub\Markdown\大三课程\机器学习\实验34\jetAutoML\apache-tomcat-9.0.62-windows
03-Nov-2024 23:24:40.768 信息 [main] org.apache.catalina.startup.VersionLoggerListener.log 命令行参数：       -Djava.io.tmpdir=F:\CODE\GIThub\Markdown\大三课程\机器学习\实验34\jetAutoML\apache-tomcat-9.0.62-windows\temp
03-Nov-2024 23:24:40.796 信息 [main] org.apache.catalina.core.AprLifecycleListener.lifecycleEvent 在java.library.path:[F:\CODE\GIThub\Markdown\大三课程\机器学习\实验34\jetAutoML\apache-tomcat-9.0.62-windows\jre\bin;C:\WINDOWS\Sun\Java\bin;C:\WINDOWS\system32;C:\WINDOWS;F:\DevelopmentKit\VM\bin\;C:\Users\Lenovo\.jdks\jbr-17.0.9\bin;C:\Program Files\Microsoft\jdk-11.0.16.101-hotspot\bin;C:\Program Files (x86)\Common Files\Intel\Shared Libraries\redist\intel64\compiler;C:\Windows\system32;C:\Windows;C:\Windows\System32\Wbem;C:\Windows\System32\WindowsPowerShell\v1.0\;C:\Windows\System32\OpenSSH\;C:\Program Files (x86)\NVIDIA Corporation\PhysX\Common;C:\Program Files\NVIDIA Corporation\NVIDIA NvDLISR;C:\Program Files\Microsoft SQL Server\150\Tools\Binn\;C:\WINDOWS\system32;C:\WINDOWS;C:\WINDOWS\System32\Wbem;C:\WINDOWS\System32\WindowsPowerShell\v1.0\;C:\WINDOWS\System32\OpenSSH\;E:\matlab2023a\bin;C:\Program Files\dotnet\;F:\MYSQL\MySQL Server 8.0\bin;E:\mingw\bin;F:\MinGW\x86_64-13.2.0-release-win32-seh-ucrt-rt_v11-rev0\mingw64\bin;C:\ProgramData\chocolatey\bin;F:\Git\cmd;F:\JDK\jdk-14.0.2_windows-x64_bin\jdk-14.0.2\bin;F:\nvm;F:\node.js.systemlink;JAVA_HOME\bin;F:\JDK\jdk-14.0.2_windows-x64_bin\jdk-14.0.2\jre\bin;C:\Users\Lenovo\AppData\Lo;C:\Program Files\Pandoc\;F:\Git LFS;F:\DevelopmentKit\CMake\bin;C:\Program Files\Microsoft SQL Server\130\Tools\Binn\;C:\Users\Lenovo\AppData\Local\Microsoft\WindowsApps;F:\DevelopmentKitQT_MSVC\5.15.17\msvc2019\bin;C:\Program Files (x86)\Windows Kits\10\Windows Performance Toolkit\;F:\DevelopmentKit\Rust\.rustup;F:\DevelopmentKit\Rust\.cargo;F:\DevelopmentKit\LLVM\bin;F:\DevelopmentKit\ninja-win;F:\DevelopmentKit\OpenCV\build\x64\vc16\bin;F:\DevelopmentKit\LLVM\bin;F:\DevelopmentKit\LLVM\lib;F:\DevelopmentKit\mysys64\mingw64\bin;F:\Anaconda\Library\bin;F:\Anaconda\Scripts;F:\DevelopmentKit\Yarn\bin\;F:\DevelopmentKit\Redis\;F:\DevelopmentKit\ffmpeg-2024-09-26-git-f43916e217-full_build\bin;F:\DevelopmentKit\Rust\.cargo\bin;C:\Users\Lenovo\.local\bin;F:\DevelopmentKit\VM\bin\;C:\Users\Lenovo\.jdks\jbr-17.0.9\bin;C:\Program Files\Microsoft\jdk-11.0.16.101-hotspot\bin;C:\Program Files (x86)\Common Files\Intel\Shared Libraries\redist\intel64\compiler;C:\Windows\system32;C:\Windows;C:\Windows\System32\Wbem;C:\Windows\System32\WindowsPowerShell\v1.0\;C:\Windows\System32\OpenSSH\;C:\Program Files (x86)\NVIDIA Corporation\PhysX\Common;C:\Program Files\NVIDIA Corporation\NVIDIA NvDLISR;C:\Program Files\Microsoft SQL Server\150\Tools\Binn\;C:\WINDOWS\system32;C:\WINDOWS;C:\WINDOWS\System32\Wbem;C:\WINDOWS\System32\WindowsPowerShell\v1.0\;C:\WINDOWS\System32\OpenSSH\;E:\matlab2023a\bin;C:\Program Files\dotnet\;F:\MYSQL\MySQL Server 8.0\bin;E:\mingw\bin;F:\MinGW\x86_64-13.2.0-release-win32-seh-ucrt-rt_v11-rev0\mingw64\bin;C:\ProgramData\chocolatey\bin;F:\Git\cmd;F:\JDK\jdk-14.0.2_windows-x64_bin\jdk-14.0.2\bin;F:\nvm;F:\node.js.systemlink;JAVA_HOME\bin;F:\JDK\jdk-14.0.2_windows-x64_bin\jdk-14.0.2\jre\bin;C:\Users\Lenovo\AppData\Lo;C:\Program Files\Pandoc\;F:\Git LFS;F:\DevelopmentKit\CMake\bin;C:\Program Files\Microsoft SQL Server\130\Tools\Binn\;C:\Users\Lenovo\AppData\Local\Microsoft\WindowsApps;F:\DevelopmentKitQT_MSVC\5.15.17\msvc2019\bin;C:\Program Files (x86)\Windows Kits\10\Windows Performance Toolkit\;F:\DevelopmentKit\Rust\.rustup;F:\DevelopmentKit\Rust\.cargo;F:\DevelopmentKit\LLVM\bin;F:\DevelopmentKit\ninja-win;F:\DevelopmentKit\OpenCV\build\x64\vc16\bin;F:\DevelopmentKit\LLVM\bin;F:\DevelopmentKit\LLVM\lib;F:\DevelopmentKit\mysys64\mingw64\bin;F:\Anaconda\Library\bin;F:\Anaconda\Scripts;F:\DevelopmentKit\Yarn\bin\;F:\DevelopmentKit\Redis\;F:\DevelopmentKit\ffmpeg-2024-09-26-git-f43916e217-full_build\bin;;F:\Microsoft VS Code\bin;C:\Users\Lenovo\AppData\Local\GitHubDesktop\bin;F:\DevelopmentKit\cpolar\;.]上找不到基于APR的Apache Tomcat本机库，该库允许在生产环境中获得最佳性能
03-Nov-2024 23:24:41.095 信息 [main] org.apache.coyote.AbstractProtocol.init 初始化协议处理器 ["http-nio-5560"]
03-Nov-2024 23:24:41.120 信息 [main] org.apache.catalina.startup.Catalina.load 服务器在[569]毫秒内初始化
03-Nov-2024 23:24:41.146 信息 [main] org.apache.catalina.core.StandardService.startInternal 正在启动服务[Catalina]
03-Nov-2024 23:24:41.147 信息 [main] org.apache.catalina.core.StandardEngine.startInternal 正在启动 Servlet 引擎：[Apache Tomcat/9.0.62]
03-Nov-2024 23:24:41.158 信息 [main] org.apache.catalina.startup.HostConfig.deployDirectory 把web 应用程序部署到目录 [F:\CODE\GIThub\Markdown\大三课程\机器学习\实验34\jetAutoML\apache-tomcat-9.0.62-windows\webapps\ml_client]
03-Nov-2024 23:24:44.974 信息 [main] org.apache.jasper.servlet.TldScanner.scanJars 至少有一个JAR被扫描用于TLD但尚未包含TLD。 为此记录器启用调试日志记录，以获取已扫描但未在其中找到TLD的完整JAR列表。 在扫描期间跳过不需要的JAR可以缩短启动时间和JSP编译时间。
03-Nov-2024 23:24:52.745 警告 [main] org.apache.catalina.util.SessionIdGeneratorBase.createSecureRandom 使用[SHA1PRNG]创建会话ID生成的SecureRandom实例花费了[1,042]毫秒。
03-Nov-2024 23:24:52.764 信息 [main] org.apache.catalina.startup.HostConfig.deployDirectory Web应用程序目录[F:\CODE\GIThub\Markdown\大三课程\机器学习\实验34\jetAutoML\apache-tomcat-9.0.62-windows\webapps\ml_client]的部署已在[11,606]毫秒内完成
03-Nov-2024 23:24:52.767 信息 [main] org.apache.coyote.AbstractProtocol.start 开始协议处理句柄["http-nio-5560"]
03-Nov-2024 23:24:52.785 信息 [main] org.apache.catalina.startup.Catalina.start [11664]毫秒后服务器启动
