10:46:32.936 [main] INFO  c.k.m.c.MySpringBootServletInitializer - [logStarting,55] - Starting MySpringBootServletInitializer v0.0.1-SNAPSHOT on DESKTOP-OE2SO9G with PID 14264 (C:\Users\linhx\Desktop\apache-tomcat-9.0.62-windows\apache-tomcat-9.0.62-windows\webapps\ml_client\WEB-INF\classes started by linhx in C:\Users\linhx\Desktop\apache-tomcat-9.0.62-windows\apache-tomcat-9.0.62-windows\bin)
10:46:32.936 [main] INFO  c.k.m.c.MySpringBootServletInitializer - [logStartupProfileInfo,655] - The following profiles are active: windows
10:46:34.047 [main] INFO  c.k.m.c.MySpringBootServletInitializer - [logStarted,61] - Started MySpringBootServletInitializer in 1.562 seconds (JVM running for 3.754)
10:46:57.457 [http-nio-5560-exec-6] INFO  c.k.m.c.c.ClientController - [noticeExperiment,64] - 接收到实验通知:{"experimentId":"409925096422268","status":0}
10:46:59.645 [http-nio-5560-exec-5] INFO  c.k.m.c.c.ClientController - [noticeRun,96] - 接收到实验运行通知:{"experimentId":"409925096422268","runName":"run-0","status":0}
10:46:59.664 [http-nio-5560-exec-7] INFO  c.k.m.c.c.ClientController - [noticeRun,96] - 接收到实验运行通知:{"experimentId":"409925096422268","runName":"run-0","status":1}
10:46:59.673 [http-nio-5560-exec-3] INFO  c.k.m.c.c.ClientController - [noticeRun,96] - 接收到实验运行通知:{"experimentId":"409925096422268","runName":"run-1","status":0}
10:46:59.684 [http-nio-5560-exec-2] INFO  c.k.m.c.c.ClientController - [noticeRun,96] - 接收到实验运行通知:{"experimentId":"409925096422268","runName":"run-1","status":1}
10:46:59.691 [http-nio-5560-exec-9] INFO  c.k.m.c.c.ClientController - [noticeRun,96] - 接收到实验运行通知:{"experimentId":"409925096422268","runName":"run-2","status":0}
10:46:59.711 [http-nio-5560-exec-10] INFO  c.k.m.c.c.ClientController - [noticeRun,96] - 接收到实验运行通知:{"experimentId":"409925096422268","runName":"run-2","status":1}
10:46:59.721 [http-nio-5560-exec-8] INFO  c.k.m.c.c.ClientController - [noticeExperiment,64] - 接收到实验通知:{"experimentId":"409925096422268","status":1}
10:47:00.061 [threadPoolTaskExecutor-1] INFO  c.k.m.c.f.FileProcess - [push,200] - 【当前请求的参数为】：{"description":"test","experimentId":"409925096422268","experimentName":"TEST-20241102104655","projectId":"1395","repositoryId":"1631b16912864110843d78fa957613e6","runName":"run-1","status":1,"type":1,"userToken":"lfli3pdewm2ogtx411vl2mst"}
10:47:00.079 [threadPoolTaskExecutor-2] INFO  c.k.m.c.f.FileProcess - [push,200] - 【当前请求的参数为】：{"description":"test","experimentId":"409925096422268","experimentName":"TEST-20241102104655","projectId":"1395","repositoryId":"1631b16912864110843d78fa957613e6","runName":"run-0","status":1,"type":1,"userToken":"lfli3pdewm2ogtx411vl2mst"}
10:47:00.099 [threadPoolTaskExecutor-3] INFO  c.k.m.c.f.FileProcess - [push,200] - 【当前请求的参数为】：{"description":"test","experimentId":"409925096422268","experimentName":"TEST-20241102104655","projectId":"1395","repositoryId":"1631b16912864110843d78fa957613e6","runName":"run-2","status":1,"type":1,"userToken":"lfli3pdewm2ogtx411vl2mst"}
10:47:00.114 [scheduling-1] INFO  c.k.m.c.f.FileProcess - [push,200] - 【当前请求的参数为】：{"description":"test","experimentId":"409925096422268","experimentName":"TEST-20241102104655","projectId":"1395","repositoryId":"1631b16912864110843d78fa957613e6","runName":"run-0","status":0,"type":2,"userToken":"lfli3pdewm2ogtx411vl2mst"}
10:47:00.303 [scheduling-1] INFO  c.k.m.c.f.FileProcess - [push,208] - 【推送结果为】：{"code":200,"success":true,"data":null,"msg":"成功"}
10:47:00.319 [threadPoolTaskExecutor-1] INFO  c.k.m.c.f.FileProcess - [push,208] - 【推送结果为】：{"code":200,"success":true,"data":null,"msg":"成功"}
10:47:00.319 [threadPoolTaskExecutor-2] INFO  c.k.m.c.f.FileProcess - [push,208] - 【推送结果为】：{"code":200,"success":true,"data":null,"msg":"成功"}
10:47:00.334 [threadPoolTaskExecutor-3] INFO  c.k.m.c.f.FileProcess - [push,208] - 【推送结果为】：{"code":200,"success":true,"data":null,"msg":"成功"}
10:47:00.406 [scheduling-1] INFO  c.k.m.c.f.FileProcess - [push,200] - 【当前请求的参数为】：{"description":"test","experimentId":"409925096422268","experimentName":"TEST-20241102104655","projectId":"1395","repositoryId":"1631b16912864110843d78fa957613e6","runName":"run-0","status":0,"type":3,"userToken":"lfli3pdewm2ogtx411vl2mst"}
10:47:00.438 [scheduling-1] INFO  c.k.m.c.f.FileProcess - [push,208] - 【推送结果为】：{"code":200,"success":true,"data":null,"msg":"成功"}
10:48:00.061 [threadPoolTaskExecutor-5] INFO  c.k.m.c.f.FileProcess - [push,200] - 【当前请求的参数为】：{"description":"test","experimentId":"409925096422268","experimentName":"TEST-20241102104655","projectId":"1395","repositoryId":"1631b16912864110843d78fa957613e6","status":1,"type":0,"userToken":"lfli3pdewm2ogtx411vl2mst"}
10:48:12.160 [threadPoolTaskExecutor-5] INFO  c.k.m.c.f.FileProcess - [push,208] - 【推送结果为】：{"code":200,"success":true,"data":null,"msg":"成功"}
10:48:56.406 [http-nio-5560-exec-5] INFO  c.k.m.c.c.ClientController - [noticeExperiment,64] - 接收到实验通知:{"experimentId":"731719260159196","status":0}
10:48:58.481 [http-nio-5560-exec-3] INFO  c.k.m.c.c.ClientController - [noticeRun,96] - 接收到实验运行通知:{"experimentId":"731719260159196","runName":"run-0","status":0}
10:48:58.506 [http-nio-5560-exec-9] INFO  c.k.m.c.c.ClientController - [noticeRun,96] - 接收到实验运行通知:{"experimentId":"731719260159196","runName":"run-0","status":1}
10:48:58.519 [http-nio-5560-exec-10] INFO  c.k.m.c.c.ClientController - [noticeRun,96] - 接收到实验运行通知:{"experimentId":"731719260159196","runName":"run-1","status":0}
10:48:58.538 [http-nio-5560-exec-4] INFO  c.k.m.c.c.ClientController - [noticeRun,96] - 接收到实验运行通知:{"experimentId":"731719260159196","runName":"run-1","status":1}
10:48:58.550 [http-nio-5560-exec-1] INFO  c.k.m.c.c.ClientController - [noticeRun,96] - 接收到实验运行通知:{"experimentId":"731719260159196","runName":"run-2","status":0}
10:48:58.571 [http-nio-5560-exec-5] INFO  c.k.m.c.c.ClientController - [noticeRun,96] - 接收到实验运行通知:{"experimentId":"731719260159196","runName":"run-2","status":1}
10:48:58.585 [http-nio-5560-exec-7] INFO  c.k.m.c.c.ClientController - [noticeExperiment,64] - 接收到实验通知:{"experimentId":"731719260159196","status":1}
10:49:00.028 [threadPoolTaskExecutor-6] INFO  c.k.m.c.f.FileProcess - [push,200] - 【当前请求的参数为】：{"description":"test","experimentId":"731719260159196","experimentName":"TEST-20241102104856","projectId":"1395","repositoryId":"1631b16912864110843d78fa957613e6","runName":"run-1","status":1,"type":1,"userToken":"lfli3pdewm2ogtx411vl2mst"}
10:49:00.060 [threadPoolTaskExecutor-7] INFO  c.k.m.c.f.FileProcess - [push,200] - 【当前请求的参数为】：{"description":"test","experimentId":"731719260159196","experimentName":"TEST-20241102104856","projectId":"1395","repositoryId":"1631b16912864110843d78fa957613e6","runName":"run-0","status":1,"type":1,"userToken":"lfli3pdewm2ogtx411vl2mst"}
10:49:00.077 [threadPoolTaskExecutor-8] INFO  c.k.m.c.f.FileProcess - [push,200] - 【当前请求的参数为】：{"description":"test","experimentId":"731719260159196","experimentName":"TEST-20241102104856","projectId":"1395","repositoryId":"1631b16912864110843d78fa957613e6","runName":"run-2","status":1,"type":1,"userToken":"lfli3pdewm2ogtx411vl2mst"}
10:49:00.077 [scheduling-1] INFO  c.k.m.c.f.FileProcess - [push,200] - 【当前请求的参数为】：{"description":"test","experimentId":"731719260159196","experimentName":"TEST-20241102104856","projectId":"1395","repositoryId":"1631b16912864110843d78fa957613e6","runName":"run-0","status":0,"type":2,"userToken":"lfli3pdewm2ogtx411vl2mst"}
10:49:00.077 [threadPoolTaskExecutor-6] INFO  c.k.m.c.f.FileProcess - [push,208] - 【推送结果为】：{"code":200,"success":true,"data":null,"msg":"成功"}
10:49:00.093 [threadPoolTaskExecutor-7] INFO  c.k.m.c.f.FileProcess - [push,208] - 【推送结果为】：{"code":200,"success":true,"data":null,"msg":"成功"}
10:49:00.093 [scheduling-1] INFO  c.k.m.c.f.FileProcess - [push,208] - 【推送结果为】：{"code":200,"success":true,"data":null,"msg":"成功"}
10:49:00.109 [scheduling-1] INFO  c.k.m.c.f.FileProcess - [push,200] - 【当前请求的参数为】：{"description":"test","experimentId":"731719260159196","experimentName":"TEST-20241102104856","projectId":"1395","repositoryId":"1631b16912864110843d78fa957613e6","runName":"run-0","status":0,"type":3,"userToken":"lfli3pdewm2ogtx411vl2mst"}
10:49:00.110 [threadPoolTaskExecutor-8] INFO  c.k.m.c.f.FileProcess - [push,208] - 【推送结果为】：{"code":200,"success":true,"data":null,"msg":"成功"}
10:49:00.124 [scheduling-1] INFO  c.k.m.c.f.FileProcess - [push,208] - 【推送结果为】：{"code":200,"success":true,"data":null,"msg":"成功"}
10:50:00.026 [threadPoolTaskExecutor-10] INFO  c.k.m.c.f.FileProcess - [push,200] - 【当前请求的参数为】：{"description":"test","experimentId":"731719260159196","experimentName":"TEST-20241102104856","projectId":"1395","repositoryId":"1631b16912864110843d78fa957613e6","status":1,"type":0,"userToken":"lfli3pdewm2ogtx411vl2mst"}
10:50:09.434 [threadPoolTaskExecutor-10] INFO  c.k.m.c.f.FileProcess - [push,208] - 【推送结果为】：{"code":200,"success":true,"data":null,"msg":"成功"}
11:12:29.235 [http-nio-5560-exec-9] INFO  c.k.m.c.c.ClientController - [noticeExperiment,64] - 接收到实验通知:{"experimentId":"134484123835767","status":0}
11:12:50.401 [http-nio-5560-exec-10] INFO  c.k.m.c.c.ClientController - [noticeRun,96] - 接收到实验运行通知:{"experimentId":"134484123835767","runName":"run-0","status":0}
11:13:00.015 [scheduling-1] INFO  c.k.m.c.f.FileProcess - [push,200] - 【当前请求的参数为】：{"description":"pnet_train_test","experimentId":"134484123835767","experimentName":"pnet_train_test-20241102111229","projectId":"1395","repositoryId":"1631b16912864110843d78fa957613e6","runName":"run-0","status":0,"type":2,"userToken":"lfli3pdewm2ogtx411vl2mst"}
11:13:00.047 [scheduling-1] INFO  c.k.m.c.f.FileProcess - [push,208] - 【推送结果为】：{"code":200,"success":true,"data":null,"msg":"成功"}
11:13:00.047 [scheduling-1] INFO  c.k.m.c.f.FileProcess - [push,200] - 【当前请求的参数为】：{"description":"pnet_train_test","experimentId":"134484123835767","experimentName":"pnet_train_test-20241102111229","projectId":"1395","repositoryId":"1631b16912864110843d78fa957613e6","runName":"run-0","status":0,"type":3,"userToken":"lfli3pdewm2ogtx411vl2mst"}
11:13:00.078 [scheduling-1] INFO  c.k.m.c.f.FileProcess - [push,208] - 【推送结果为】：{"code":200,"success":true,"data":null,"msg":"成功"}
11:13:06.007 [threadPoolTaskExecutor-4] INFO  c.k.m.c.f.FileProcess - [push,200] - 【当前请求的参数为】：{"description":"pnet_train_test","experimentId":"134484123835767","experimentName":"pnet_train_test-20241102111229","projectId":"1395","repositoryId":"1631b16912864110843d78fa957613e6","status":0,"type":0,"userToken":"lfli3pdewm2ogtx411vl2mst"}
11:15:51.339 [main] INFO  c.k.m.c.MySpringBootServletInitializer - [logStarting,55] - Starting MySpringBootServletInitializer v0.0.1-SNAPSHOT on DESKTOP-OE2SO9G with PID 12148 (C:\Users\linhx\Desktop\apache-tomcat-9.0.62-windows\apache-tomcat-9.0.62-windows\webapps\ml_client\WEB-INF\classes started by linhx in C:\Users\linhx\Desktop\apache-tomcat-9.0.62-windows\apache-tomcat-9.0.62-windows\bin)
11:15:51.355 [main] INFO  c.k.m.c.MySpringBootServletInitializer - [logStartupProfileInfo,655] - The following profiles are active: windows
11:15:52.560 [main] INFO  c.k.m.c.MySpringBootServletInitializer - [logStarted,61] - Started MySpringBootServletInitializer in 1.779 seconds (JVM running for 4.039)
11:16:05.971 [http-nio-5560-exec-6] INFO  c.k.m.c.c.ClientController - [noticeExperiment,64] - 接收到实验通知:{"experimentId":"781876111545090","status":0}
11:16:25.881 [http-nio-5560-exec-8] INFO  c.k.m.c.c.ClientController - [noticeRun,96] - 接收到实验运行通知:{"experimentId":"781876111545090","runName":"run-0","status":0}
11:17:00.016 [scheduling-1] INFO  c.k.m.c.f.FileProcess - [push,200] - 【当前请求的参数为】：{"description":"pnet_train_test","experimentId":"781876111545090","experimentName":"pnet_train_test-20241102111604","projectId":"1395","repositoryId":"1631b16912864110843d78fa957613e6","runName":"run-0","status":0,"type":2,"userToken":"lfli3pdewm2ogtx411vl2mst"}
11:17:00.113 [scheduling-1] INFO  c.k.m.c.f.FileProcess - [push,208] - 【推送结果为】：{"code":200,"success":true,"data":null,"msg":"成功"}
11:17:00.136 [scheduling-1] INFO  c.k.m.c.f.FileProcess - [push,200] - 【当前请求的参数为】：{"description":"pnet_train_test","experimentId":"781876111545090","experimentName":"pnet_train_test-20241102111604","projectId":"1395","repositoryId":"1631b16912864110843d78fa957613e6","runName":"run-0","status":0,"type":3,"userToken":"lfli3pdewm2ogtx411vl2mst"}
11:17:00.152 [scheduling-1] INFO  c.k.m.c.f.FileProcess - [push,208] - 【推送结果为】：{"code":200,"success":true,"data":null,"msg":"成功"}
11:17:01.704 [threadPoolTaskExecutor-1] INFO  c.k.m.c.f.FileProcess - [push,200] - 【当前请求的参数为】：{"description":"pnet_train_test","experimentId":"781876111545090","experimentName":"pnet_train_test-20241102111604","projectId":"1395","repositoryId":"1631b16912864110843d78fa957613e6","status":0,"type":0,"userToken":"lfli3pdewm2ogtx411vl2mst"}
11:18:00.007 [scheduling-1] INFO  c.k.m.c.f.FileProcess - [push,200] - 【当前请求的参数为】：{"description":"pnet_train_test","experimentId":"781876111545090","experimentName":"pnet_train_test-20241102111604","projectId":"1395","repositoryId":"1631b16912864110843d78fa957613e6","runName":"run-0","status":0,"type":2,"userToken":"lfli3pdewm2ogtx411vl2mst"}
11:18:00.023 [scheduling-1] INFO  c.k.m.c.f.FileProcess - [push,208] - 【推送结果为】：{"code":200,"success":true,"data":null,"msg":"成功"}
11:18:00.023 [scheduling-1] INFO  c.k.m.c.f.FileProcess - [push,200] - 【当前请求的参数为】：{"description":"pnet_train_test","experimentId":"781876111545090","experimentName":"pnet_train_test-20241102111604","projectId":"1395","repositoryId":"1631b16912864110843d78fa957613e6","runName":"run-0","status":0,"type":3,"userToken":"lfli3pdewm2ogtx411vl2mst"}
11:18:00.054 [scheduling-1] INFO  c.k.m.c.f.FileProcess - [push,208] - 【推送结果为】：{"code":200,"success":true,"data":null,"msg":"成功"}
11:18:00.399 [threadPoolTaskExecutor-1] INFO  c.k.m.c.f.FileProcess - [push,208] - 【推送结果为】：{"code":200,"success":true,"data":null,"msg":"成功"}
11:26:07.678 [main] INFO  c.k.m.c.MySpringBootServletInitializer - [logStarting,55] - Starting MySpringBootServletInitializer v0.0.1-SNAPSHOT on DESKTOP-OE2SO9G with PID 13056 (C:\Users\linhx\Desktop\apache-tomcat-9.0.62-windows\apache-tomcat-9.0.62-windows\webapps\ml_client\WEB-INF\classes started by linhx in C:\Users\linhx\Desktop\apache-tomcat-9.0.62-windows\apache-tomcat-9.0.62-windows\bin)
11:26:07.678 [main] INFO  c.k.m.c.MySpringBootServletInitializer - [logStartupProfileInfo,655] - The following profiles are active: windows
11:26:08.943 [main] INFO  c.k.m.c.MySpringBootServletInitializer - [logStarted,61] - Started MySpringBootServletInitializer in 1.783 seconds (JVM running for 4.025)
11:26:25.229 [http-nio-5560-exec-4] INFO  c.k.m.c.c.ClientController - [noticeExperiment,64] - 接收到实验通知:{"experimentId":"565348315638222","status":0}
11:26:45.070 [http-nio-5560-exec-8] INFO  c.k.m.c.c.ClientController - [noticeRun,96] - 接收到实验运行通知:{"experimentId":"565348315638222","runName":"run-0","status":0}
11:27:00.042 [scheduling-1] INFO  c.k.m.c.f.FileProcess - [push,200] - 【当前请求的参数为】：{"description":"pnet_train_test","experimentId":"565348315638222","experimentName":"pnet_train_test-20241102112623","projectId":"1395","repositoryId":"1631b16912864110843d78fa957613e6","runName":"run-0","status":0,"type":2,"userToken":"lfli3pdewm2ogtx411vl2mst"}
11:27:00.337 [scheduling-1] INFO  c.k.m.c.f.FileProcess - [push,208] - 【推送结果为】：{"code":200,"success":true,"data":null,"msg":"成功"}
11:27:00.415 [scheduling-1] INFO  c.k.m.c.f.FileProcess - [push,200] - 【当前请求的参数为】：{"description":"pnet_train_test","experimentId":"565348315638222","experimentName":"pnet_train_test-20241102112623","projectId":"1395","repositoryId":"1631b16912864110843d78fa957613e6","runName":"run-0","status":0,"type":3,"userToken":"lfli3pdewm2ogtx411vl2mst"}
11:27:00.431 [scheduling-1] INFO  c.k.m.c.f.FileProcess - [push,208] - 【推送结果为】：{"code":200,"success":true,"data":null,"msg":"成功"}
11:27:06.408 [threadPoolTaskExecutor-1] INFO  c.k.m.c.f.FileProcess - [push,200] - 【当前请求的参数为】：{"description":"pnet_train_test","experimentId":"565348315638222","experimentName":"pnet_train_test-20241102112623","projectId":"1395","repositoryId":"1631b16912864110843d78fa957613e6","status":0,"type":0,"userToken":"lfli3pdewm2ogtx411vl2mst"}
11:28:00.017 [scheduling-1] INFO  c.k.m.c.f.FileProcess - [push,200] - 【当前请求的参数为】：{"description":"pnet_train_test","experimentId":"565348315638222","experimentName":"pnet_train_test-20241102112623","projectId":"1395","repositoryId":"1631b16912864110843d78fa957613e6","runName":"run-0","status":0,"type":2,"userToken":"lfli3pdewm2ogtx411vl2mst"}
11:28:00.049 [scheduling-1] INFO  c.k.m.c.f.FileProcess - [push,208] - 【推送结果为】：{"code":200,"success":true,"data":null,"msg":"成功"}
11:28:00.049 [scheduling-1] INFO  c.k.m.c.f.FileProcess - [push,200] - 【当前请求的参数为】：{"description":"pnet_train_test","experimentId":"565348315638222","experimentName":"pnet_train_test-20241102112623","projectId":"1395","repositoryId":"1631b16912864110843d78fa957613e6","runName":"run-0","status":0,"type":3,"userToken":"lfli3pdewm2ogtx411vl2mst"}
11:28:00.080 [scheduling-1] INFO  c.k.m.c.f.FileProcess - [push,208] - 【推送结果为】：{"code":200,"success":true,"data":null,"msg":"成功"}
11:28:06.355 [threadPoolTaskExecutor-2] INFO  c.k.m.c.f.FileProcess - [push,200] - 【当前请求的参数为】：{"description":"pnet_train_test","experimentId":"565348315638222","experimentName":"pnet_train_test-20241102112623","projectId":"1395","repositoryId":"1631b16912864110843d78fa957613e6","status":0,"type":0,"userToken":"lfli3pdewm2ogtx411vl2mst"}
11:31:01.102 [main] INFO  c.k.m.c.MySpringBootServletInitializer - [logStarting,55] - Starting MySpringBootServletInitializer v0.0.1-SNAPSHOT on DESKTOP-OE2SO9G with PID 7440 (C:\Users\linhx\Desktop\apache-tomcat-9.0.62-windows\apache-tomcat-9.0.62-windows\webapps\ml_client\WEB-INF\classes started by linhx in C:\Users\linhx\Desktop\apache-tomcat-9.0.62-windows\apache-tomcat-9.0.62-windows\bin)
11:31:01.102 [main] INFO  c.k.m.c.MySpringBootServletInitializer - [logStartupProfileInfo,655] - The following profiles are active: windows
11:31:05.718 [main] INFO  c.k.m.c.MySpringBootServletInitializer - [logStarted,61] - Started MySpringBootServletInitializer in 5.127 seconds (JVM running for 7.236)
11:31:16.926 [http-nio-5560-exec-1] INFO  c.k.m.c.c.ClientController - [noticeExperiment,64] - 接收到实验通知:{"experimentId":"429888101436356","status":0}
11:31:35.543 [http-nio-5560-exec-3] INFO  c.k.m.c.c.ClientController - [noticeRun,96] - 接收到实验运行通知:{"experimentId":"429888101436356","runName":"run-0","status":0}
11:32:00.045 [scheduling-1] INFO  c.k.m.c.f.FileProcess - [push,200] - 【当前请求的参数为】：{"description":"pnet_train_test","experimentId":"429888101436356","experimentName":"pnet_train_test-20241102113115","projectId":"1395","repositoryId":"1631b16912864110843d78fa957613e6","runName":"run-0","status":0,"type":2,"userToken":"lfli3pdewm2ogtx411vl2mst"}
11:32:00.281 [scheduling-1] INFO  c.k.m.c.f.FileProcess - [push,208] - 【推送结果为】：{"code":200,"success":true,"data":null,"msg":"成功"}
11:32:00.373 [scheduling-1] INFO  c.k.m.c.f.FileProcess - [push,200] - 【当前请求的参数为】：{"description":"pnet_train_test","experimentId":"429888101436356","experimentName":"pnet_train_test-20241102113115","projectId":"1395","repositoryId":"1631b16912864110843d78fa957613e6","runName":"run-0","status":0,"type":3,"userToken":"lfli3pdewm2ogtx411vl2mst"}
11:32:00.389 [scheduling-1] INFO  c.k.m.c.f.FileProcess - [push,208] - 【推送结果为】：{"code":200,"success":true,"data":null,"msg":"成功"}
11:32:06.050 [threadPoolTaskExecutor-1] INFO  c.k.m.c.f.FileProcess - [push,200] - 【当前请求的参数为】：{"description":"pnet_train_test","experimentId":"429888101436356","experimentName":"pnet_train_test-20241102113115","projectId":"1395","repositoryId":"1631b16912864110843d78fa957613e6","status":0,"type":0,"userToken":"lfli3pdewm2ogtx411vl2mst"}
11:41:37.728 [main] INFO  c.k.m.c.MySpringBootServletInitializer - [logStarting,55] - Starting MySpringBootServletInitializer v0.0.1-SNAPSHOT on DESKTOP-OE2SO9G with PID 21924 (C:\Users\linhx\Desktop\apache-tomcat-9.0.62-windows\apache-tomcat-9.0.62-windows\webapps\ml_client\WEB-INF\classes started by linhx in C:\Users\linhx\Desktop\apache-tomcat-9.0.62-windows\apache-tomcat-9.0.62-windows\bin)
11:41:37.744 [main] INFO  c.k.m.c.MySpringBootServletInitializer - [logStartupProfileInfo,655] - The following profiles are active: windows
11:41:39.014 [main] INFO  c.k.m.c.MySpringBootServletInitializer - [logStarted,61] - Started MySpringBootServletInitializer in 1.798 seconds (JVM running for 3.95)
11:41:50.907 [http-nio-5560-exec-1] INFO  c.k.m.c.c.ClientController - [noticeExperiment,64] - 接收到实验通知:{"experimentId":"482906298510642","status":0}
11:42:01.859 [threadPoolTaskExecutor-1] INFO  c.k.m.c.f.FileProcess - [push,200] - 【当前请求的参数为】：{"description":"pnet_train_test","experimentId":"482906298510642","experimentName":"pnet_train_test-20241102114149","projectId":"1395","repositoryId":"1631b16912864110843d78fa957613e6","status":0,"type":0,"userToken":"lfli3pdewm2ogtx411vl2mst"}
11:42:14.142 [http-nio-5560-exec-3] INFO  c.k.m.c.c.ClientController - [noticeRun,96] - 接收到实验运行通知:{"experimentId":"482906298510642","runName":"run-0","status":0}
11:42:50.392 [threadPoolTaskExecutor-1] INFO  c.k.m.c.f.FileProcess - [push,208] - 【推送结果为】：{"code":200,"success":true,"data":null,"msg":"成功"}
11:42:53.789 [http-nio-5560-exec-5] INFO  c.k.m.c.c.ClientController - [noticeRun,96] - 接收到实验运行通知:{"experimentId":"482906298510642","runName":"run-0","status":1}
11:42:53.802 [http-nio-5560-exec-6] INFO  c.k.m.c.c.ClientController - [noticeRun,96] - 接收到实验运行通知:{"experimentId":"482906298510642","runName":"run-1","status":0}
11:43:00.007 [scheduling-1] INFO  c.k.m.c.f.FileProcess - [push,200] - 【当前请求的参数为】：{"description":"pnet_train_test","experimentId":"482906298510642","experimentName":"pnet_train_test-20241102114149","projectId":"1395","repositoryId":"1631b16912864110843d78fa957613e6","runName":"run-0","status":0,"type":2,"userToken":"lfli3pdewm2ogtx411vl2mst"}
11:43:00.038 [threadPoolTaskExecutor-2] INFO  c.k.m.c.f.FileProcess - [push,200] - 【当前请求的参数为】：{"description":"pnet_train_test","experimentId":"482906298510642","experimentName":"pnet_train_test-20241102114149","projectId":"1395","repositoryId":"1631b16912864110843d78fa957613e6","runName":"run-0","status":1,"type":1,"userToken":"lfli3pdewm2ogtx411vl2mst"}
11:43:00.054 [scheduling-1] INFO  c.k.m.c.f.FileProcess - [push,208] - 【推送结果为】：{"code":200,"success":true,"data":null,"msg":"成功"}
11:43:00.054 [scheduling-1] INFO  c.k.m.c.f.FileProcess - [push,200] - 【当前请求的参数为】：{"description":"pnet_train_test","experimentId":"482906298510642","experimentName":"pnet_train_test-20241102114149","projectId":"1395","repositoryId":"1631b16912864110843d78fa957613e6","runName":"run-0","status":0,"type":3,"userToken":"lfli3pdewm2ogtx411vl2mst"}
11:43:00.069 [threadPoolTaskExecutor-2] INFO  c.k.m.c.f.FileProcess - [push,208] - 【推送结果为】：{"code":200,"success":true,"data":null,"msg":"成功"}
11:43:00.069 [scheduling-1] INFO  c.k.m.c.f.FileProcess - [push,208] - 【推送结果为】：{"code":200,"success":true,"data":null,"msg":"成功"}
11:43:00.085 [scheduling-1] INFO  c.k.m.c.f.FileProcess - [push,200] - 【当前请求的参数为】：{"description":"pnet_train_test","experimentId":"482906298510642","experimentName":"pnet_train_test-20241102114149","projectId":"1395","repositoryId":"1631b16912864110843d78fa957613e6","runName":"run-1","status":0,"type":2,"userToken":"lfli3pdewm2ogtx411vl2mst"}
11:43:00.101 [scheduling-1] INFO  c.k.m.c.f.FileProcess - [push,208] - 【推送结果为】：{"code":200,"success":true,"data":null,"msg":"成功"}
11:43:00.101 [scheduling-1] INFO  c.k.m.c.f.FileProcess - [push,200] - 【当前请求的参数为】：{"description":"pnet_train_test","experimentId":"482906298510642","experimentName":"pnet_train_test-20241102114149","projectId":"1395","repositoryId":"1631b16912864110843d78fa957613e6","runName":"run-1","status":0,"type":3,"userToken":"lfli3pdewm2ogtx411vl2mst"}
11:43:00.116 [scheduling-1] INFO  c.k.m.c.f.FileProcess - [push,208] - 【推送结果为】：{"code":200,"success":true,"data":null,"msg":"成功"}
11:43:38.734 [http-nio-5560-exec-8] INFO  c.k.m.c.c.ClientController - [noticeRun,96] - 接收到实验运行通知:{"experimentId":"482906298510642","runName":"run-1","status":1}
11:43:38.734 [http-nio-5560-exec-10] INFO  c.k.m.c.c.ClientController - [noticeRun,96] - 接收到实验运行通知:{"experimentId":"482906298510642","runName":"run-2","status":0}
11:44:00.017 [threadPoolTaskExecutor-4] INFO  c.k.m.c.f.FileProcess - [push,200] - 【当前请求的参数为】：{"description":"pnet_train_test","experimentId":"482906298510642","experimentName":"pnet_train_test-20241102114149","projectId":"1395","repositoryId":"1631b16912864110843d78fa957613e6","runName":"run-1","status":1,"type":1,"userToken":"lfli3pdewm2ogtx411vl2mst"}
11:44:00.024 [scheduling-1] INFO  c.k.m.c.f.FileProcess - [push,200] - 【当前请求的参数为】：{"description":"pnet_train_test","experimentId":"482906298510642","experimentName":"pnet_train_test-20241102114149","projectId":"1395","repositoryId":"1631b16912864110843d78fa957613e6","runName":"run-1","status":0,"type":2,"userToken":"lfli3pdewm2ogtx411vl2mst"}
11:44:00.044 [scheduling-1] INFO  c.k.m.c.f.FileProcess - [push,208] - 【推送结果为】：{"code":200,"success":true,"data":null,"msg":"成功"}
11:44:00.044 [scheduling-1] INFO  c.k.m.c.f.FileProcess - [push,200] - 【当前请求的参数为】：{"description":"pnet_train_test","experimentId":"482906298510642","experimentName":"pnet_train_test-20241102114149","projectId":"1395","repositoryId":"1631b16912864110843d78fa957613e6","runName":"run-1","status":0,"type":3,"userToken":"lfli3pdewm2ogtx411vl2mst"}
11:44:00.059 [scheduling-1] INFO  c.k.m.c.f.FileProcess - [push,208] - 【推送结果为】：{"code":200,"success":true,"data":null,"msg":"成功"}
11:44:00.059 [threadPoolTaskExecutor-4] INFO  c.k.m.c.f.FileProcess - [push,208] - 【推送结果为】：{"code":200,"success":true,"data":null,"msg":"成功"}
11:44:00.059 [scheduling-1] INFO  c.k.m.c.f.FileProcess - [push,200] - 【当前请求的参数为】：{"description":"pnet_train_test","experimentId":"482906298510642","experimentName":"pnet_train_test-20241102114149","projectId":"1395","repositoryId":"1631b16912864110843d78fa957613e6","runName":"run-2","status":0,"type":2,"userToken":"lfli3pdewm2ogtx411vl2mst"}
11:44:00.075 [scheduling-1] INFO  c.k.m.c.f.FileProcess - [push,208] - 【推送结果为】：{"code":200,"success":true,"data":null,"msg":"成功"}
11:44:00.075 [scheduling-1] INFO  c.k.m.c.f.FileProcess - [push,200] - 【当前请求的参数为】：{"description":"pnet_train_test","experimentId":"482906298510642","experimentName":"pnet_train_test-20241102114149","projectId":"1395","repositoryId":"1631b16912864110843d78fa957613e6","runName":"run-2","status":0,"type":3,"userToken":"lfli3pdewm2ogtx411vl2mst"}
11:44:00.106 [scheduling-1] INFO  c.k.m.c.f.FileProcess - [push,208] - 【推送结果为】：{"code":200,"success":true,"data":null,"msg":"成功"}
11:44:17.546 [http-nio-5560-exec-1] INFO  c.k.m.c.c.ClientController - [noticeRun,96] - 接收到实验运行通知:{"experimentId":"482906298510642","runName":"run-2","status":1}
11:44:17.546 [http-nio-5560-exec-4] INFO  c.k.m.c.c.ClientController - [noticeExperiment,64] - 接收到实验通知:{"experimentId":"482906298510642","status":1}
11:45:00.019 [scheduling-1] INFO  c.k.m.c.f.FileProcess - [push,200] - 【当前请求的参数为】：{"description":"pnet_train_test","experimentId":"482906298510642","experimentName":"pnet_train_test-20241102114149","projectId":"1395","repositoryId":"1631b16912864110843d78fa957613e6","runName":"run-2","status":0,"type":2,"userToken":"lfli3pdewm2ogtx411vl2mst"}
11:45:00.044 [scheduling-1] INFO  c.k.m.c.f.FileProcess - [push,208] - 【推送结果为】：{"code":200,"success":true,"data":null,"msg":"成功"}
11:45:00.050 [scheduling-1] INFO  c.k.m.c.f.FileProcess - [push,200] - 【当前请求的参数为】：{"description":"pnet_train_test","experimentId":"482906298510642","experimentName":"pnet_train_test-20241102114149","projectId":"1395","repositoryId":"1631b16912864110843d78fa957613e6","runName":"run-2","status":0,"type":3,"userToken":"lfli3pdewm2ogtx411vl2mst"}
11:45:00.071 [scheduling-1] INFO  c.k.m.c.f.FileProcess - [push,208] - 【推送结果为】：{"code":200,"success":true,"data":null,"msg":"成功"}
11:45:00.097 [threadPoolTaskExecutor-6] INFO  c.k.m.c.f.FileProcess - [push,200] - 【当前请求的参数为】：{"description":"pnet_train_test","experimentId":"482906298510642","experimentName":"pnet_train_test-20241102114149","projectId":"1395","repositoryId":"1631b16912864110843d78fa957613e6","runName":"run-2","status":1,"type":1,"userToken":"lfli3pdewm2ogtx411vl2mst"}
11:45:00.141 [threadPoolTaskExecutor-6] INFO  c.k.m.c.f.FileProcess - [push,208] - 【推送结果为】：{"code":200,"success":true,"data":null,"msg":"成功"}
11:46:05.888 [threadPoolTaskExecutor-8] INFO  c.k.m.c.f.FileProcess - [push,200] - 【当前请求的参数为】：{"description":"pnet_train_test","experimentId":"482906298510642","experimentName":"pnet_train_test-20241102114149","projectId":"1395","repositoryId":"1631b16912864110843d78fa957613e6","status":1,"type":0,"userToken":"lfli3pdewm2ogtx411vl2mst"}
11:46:42.741 [threadPoolTaskExecutor-8] INFO  c.k.m.c.f.FileProcess - [push,208] - 【推送结果为】：{"code":200,"success":true,"data":null,"msg":"成功"}
13:33:47.655 [main] INFO  c.k.m.c.MySpringBootServletInitializer - [logStarting,55] - Starting MySpringBootServletInitializer v0.0.1-SNAPSHOT on DESKTOP-OE2SO9G with PID 8608 (C:\Users\linhx\Desktop\apache-tomcat-9.0.62-windows\apache-tomcat-9.0.62-windows\webapps\ml_client\WEB-INF\classes started by linhx in C:\Users\linhx\Desktop\apache-tomcat-9.0.62-windows\apache-tomcat-9.0.62-windows\bin)
13:33:47.660 [main] INFO  c.k.m.c.MySpringBootServletInitializer - [logStartupProfileInfo,655] - The following profiles are active: windows
13:33:49.022 [main] INFO  c.k.m.c.MySpringBootServletInitializer - [logStarted,61] - Started MySpringBootServletInitializer in 1.95 seconds (JVM running for 4.137)
13:37:14.992 [http-nio-5560-exec-3] INFO  c.k.m.c.c.ClientController - [noticeExperiment,64] - 接收到实验通知:{"experimentId":"683820497224678","status":0}
13:37:33.242 [http-nio-5560-exec-5] INFO  c.k.m.c.c.ClientController - [noticeRun,96] - 接收到实验运行通知:{"experimentId":"683820497224678","runName":"run-0","status":0}
13:38:00.039 [scheduling-1] INFO  c.k.m.c.f.FileProcess - [push,200] - 【当前请求的参数为】：{"description":"pnet_train_test","experimentId":"683820497224678","experimentName":"pnet_train_test-20241102133712","projectId":"1395","repositoryId":"1631b16912864110843d78fa957613e6","runName":"run-0","status":0,"type":2,"userToken":"lfli3pdewm2ogtx411vl2mst"}
13:38:00.305 [scheduling-1] INFO  c.k.m.c.f.FileProcess - [push,208] - 【推送结果为】：{"code":200,"success":true,"data":null,"msg":"成功"}
13:38:00.383 [scheduling-1] INFO  c.k.m.c.f.FileProcess - [push,200] - 【当前请求的参数为】：{"description":"pnet_train_test","experimentId":"683820497224678","experimentName":"pnet_train_test-20241102133712","projectId":"1395","repositoryId":"1631b16912864110843d78fa957613e6","runName":"run-0","status":0,"type":3,"userToken":"lfli3pdewm2ogtx411vl2mst"}
13:38:00.399 [scheduling-1] INFO  c.k.m.c.f.FileProcess - [push,208] - 【推送结果为】：{"code":200,"success":true,"data":null,"msg":"成功"}
13:38:04.676 [threadPoolTaskExecutor-1] INFO  c.k.m.c.f.FileProcess - [push,200] - 【当前请求的参数为】：{"description":"pnet_train_test","experimentId":"683820497224678","experimentName":"pnet_train_test-20241102133712","projectId":"1395","repositoryId":"1631b16912864110843d78fa957613e6","status":0,"type":0,"userToken":"lfli3pdewm2ogtx411vl2mst"}
13:38:11.080 [http-nio-5560-exec-4] INFO  c.k.m.c.c.ClientController - [noticeRun,96] - 接收到实验运行通知:{"experimentId":"683820497224678","runName":"run-0","status":1}
13:38:11.095 [http-nio-5560-exec-6] INFO  c.k.m.c.c.ClientController - [noticeRun,96] - 接收到实验运行通知:{"experimentId":"683820497224678","runName":"run-1","status":0}
13:38:53.104 [threadPoolTaskExecutor-1] INFO  c.k.m.c.f.FileProcess - [push,208] - 【推送结果为】：{"code":200,"success":true,"data":null,"msg":"成功"}
13:38:55.785 [http-nio-5560-exec-9] INFO  c.k.m.c.c.ClientController - [noticeRun,96] - 接收到实验运行通知:{"experimentId":"683820497224678","runName":"run-1","status":1}
13:38:55.814 [http-nio-5560-exec-10] INFO  c.k.m.c.c.ClientController - [noticeRun,96] - 接收到实验运行通知:{"experimentId":"683820497224678","runName":"run-2","status":0}
13:39:00.011 [scheduling-1] INFO  c.k.m.c.f.FileProcess - [push,200] - 【当前请求的参数为】：{"description":"pnet_train_test","experimentId":"683820497224678","experimentName":"pnet_train_test-20241102133712","projectId":"1395","repositoryId":"1631b16912864110843d78fa957613e6","runName":"run-0","status":0,"type":2,"userToken":"lfli3pdewm2ogtx411vl2mst"}
13:39:00.043 [scheduling-1] INFO  c.k.m.c.f.FileProcess - [push,208] - 【推送结果为】：{"code":200,"success":true,"data":null,"msg":"成功"}
13:39:00.063 [scheduling-1] INFO  c.k.m.c.f.FileProcess - [push,200] - 【当前请求的参数为】：{"description":"pnet_train_test","experimentId":"683820497224678","experimentName":"pnet_train_test-20241102133712","projectId":"1395","repositoryId":"1631b16912864110843d78fa957613e6","runName":"run-0","status":0,"type":3,"userToken":"lfli3pdewm2ogtx411vl2mst"}
13:39:00.074 [scheduling-1] INFO  c.k.m.c.f.FileProcess - [push,208] - 【推送结果为】：{"code":200,"success":true,"data":null,"msg":"成功"}
13:39:00.074 [scheduling-1] INFO  c.k.m.c.f.FileProcess - [push,200] - 【当前请求的参数为】：{"description":"pnet_train_test","experimentId":"683820497224678","experimentName":"pnet_train_test-20241102133712","projectId":"1395","repositoryId":"1631b16912864110843d78fa957613e6","runName":"run-1","status":0,"type":2,"userToken":"lfli3pdewm2ogtx411vl2mst"}
13:39:00.090 [scheduling-1] INFO  c.k.m.c.f.FileProcess - [push,208] - 【推送结果为】：{"code":200,"success":true,"data":null,"msg":"成功"}
13:39:00.105 [scheduling-1] INFO  c.k.m.c.f.FileProcess - [push,200] - 【当前请求的参数为】：{"description":"pnet_train_test","experimentId":"683820497224678","experimentName":"pnet_train_test-20241102133712","projectId":"1395","repositoryId":"1631b16912864110843d78fa957613e6","runName":"run-1","status":0,"type":3,"userToken":"lfli3pdewm2ogtx411vl2mst"}
13:39:00.121 [scheduling-1] INFO  c.k.m.c.f.FileProcess - [push,208] - 【推送结果为】：{"code":200,"success":true,"data":null,"msg":"成功"}
13:39:00.137 [scheduling-1] INFO  c.k.m.c.f.FileProcess - [push,200] - 【当前请求的参数为】：{"description":"pnet_train_test","experimentId":"683820497224678","experimentName":"pnet_train_test-20241102133712","projectId":"1395","repositoryId":"1631b16912864110843d78fa957613e6","runName":"run-2","status":0,"type":2,"userToken":"lfli3pdewm2ogtx411vl2mst"}
13:39:00.152 [scheduling-1] INFO  c.k.m.c.f.FileProcess - [push,208] - 【推送结果为】：{"code":200,"success":true,"data":null,"msg":"成功"}
13:39:00.152 [scheduling-1] INFO  c.k.m.c.f.FileProcess - [push,200] - 【当前请求的参数为】：{"description":"pnet_train_test","experimentId":"683820497224678","experimentName":"pnet_train_test-20241102133712","projectId":"1395","repositoryId":"1631b16912864110843d78fa957613e6","runName":"run-2","status":0,"type":3,"userToken":"lfli3pdewm2ogtx411vl2mst"}
13:39:00.168 [scheduling-1] INFO  c.k.m.c.f.FileProcess - [push,208] - 【推送结果为】：{"code":200,"success":true,"data":null,"msg":"成功"}
13:39:00.215 [threadPoolTaskExecutor-2] INFO  c.k.m.c.f.FileProcess - [push,200] - 【当前请求的参数为】：{"description":"pnet_train_test","experimentId":"683820497224678","experimentName":"pnet_train_test-20241102133712","projectId":"1395","repositoryId":"1631b16912864110843d78fa957613e6","runName":"run-1","status":1,"type":1,"userToken":"lfli3pdewm2ogtx411vl2mst"}
13:39:00.231 [threadPoolTaskExecutor-3] INFO  c.k.m.c.f.FileProcess - [push,200] - 【当前请求的参数为】：{"description":"pnet_train_test","experimentId":"683820497224678","experimentName":"pnet_train_test-20241102133712","projectId":"1395","repositoryId":"1631b16912864110843d78fa957613e6","runName":"run-0","status":1,"type":1,"userToken":"lfli3pdewm2ogtx411vl2mst"}
13:39:00.246 [threadPoolTaskExecutor-2] INFO  c.k.m.c.f.FileProcess - [push,208] - 【推送结果为】：{"code":200,"success":true,"data":null,"msg":"成功"}
13:39:00.262 [threadPoolTaskExecutor-3] INFO  c.k.m.c.f.FileProcess - [push,208] - 【推送结果为】：{"code":200,"success":true,"data":null,"msg":"成功"}
13:39:36.454 [http-nio-5560-exec-3] INFO  c.k.m.c.c.ClientController - [noticeRun,96] - 接收到实验运行通知:{"experimentId":"683820497224678","runName":"run-2","status":1}
13:39:36.466 [http-nio-5560-exec-5] INFO  c.k.m.c.c.ClientController - [noticeExperiment,64] - 接收到实验通知:{"experimentId":"683820497224678","status":1}
13:40:00.015 [scheduling-1] INFO  c.k.m.c.f.FileProcess - [push,200] - 【当前请求的参数为】：{"description":"pnet_train_test","experimentId":"683820497224678","experimentName":"pnet_train_test-20241102133712","projectId":"1395","repositoryId":"1631b16912864110843d78fa957613e6","runName":"run-2","status":0,"type":2,"userToken":"lfli3pdewm2ogtx411vl2mst"}
13:40:00.048 [scheduling-1] INFO  c.k.m.c.f.FileProcess - [push,208] - 【推送结果为】：{"code":200,"success":true,"data":null,"msg":"成功"}
13:40:00.052 [scheduling-1] INFO  c.k.m.c.f.FileProcess - [push,200] - 【当前请求的参数为】：{"description":"pnet_train_test","experimentId":"683820497224678","experimentName":"pnet_train_test-20241102133712","projectId":"1395","repositoryId":"1631b16912864110843d78fa957613e6","runName":"run-2","status":0,"type":3,"userToken":"lfli3pdewm2ogtx411vl2mst"}
13:40:00.062 [scheduling-1] INFO  c.k.m.c.f.FileProcess - [push,208] - 【推送结果为】：{"code":200,"success":true,"data":null,"msg":"成功"}
13:40:00.094 [threadPoolTaskExecutor-5] INFO  c.k.m.c.f.FileProcess - [push,200] - 【当前请求的参数为】：{"description":"pnet_train_test","experimentId":"683820497224678","experimentName":"pnet_train_test-20241102133712","projectId":"1395","repositoryId":"1631b16912864110843d78fa957613e6","runName":"run-2","status":1,"type":1,"userToken":"lfli3pdewm2ogtx411vl2mst"}
13:40:00.125 [threadPoolTaskExecutor-5] INFO  c.k.m.c.f.FileProcess - [push,208] - 【推送结果为】：{"code":200,"success":true,"data":null,"msg":"成功"}
13:41:06.079 [threadPoolTaskExecutor-7] INFO  c.k.m.c.f.FileProcess - [push,200] - 【当前请求的参数为】：{"description":"pnet_train_test","experimentId":"683820497224678","experimentName":"pnet_train_test-20241102133712","projectId":"1395","repositoryId":"1631b16912864110843d78fa957613e6","status":1,"type":0,"userToken":"lfli3pdewm2ogtx411vl2mst"}
13:41:48.720 [threadPoolTaskExecutor-7] INFO  c.k.m.c.f.FileProcess - [push,208] - 【推送结果为】：{"code":200,"success":true,"data":null,"msg":"成功"}
13:46:12.979 [http-nio-5560-exec-6] INFO  c.k.m.c.c.ClientController - [noticeExperiment,64] - 接收到实验通知:{"experimentId":"247145027139359","status":0}
13:46:37.691 [http-nio-5560-exec-8] INFO  c.k.m.c.c.ClientController - [noticeRun,96] - 接收到实验运行通知:{"experimentId":"247145027139359","runName":"run-0","status":0}
13:47:18.384 [main] INFO  c.k.m.c.MySpringBootServletInitializer - [logStarting,55] - Starting MySpringBootServletInitializer v0.0.1-SNAPSHOT on DESKTOP-OE2SO9G with PID 21436 (C:\Users\linhx\Desktop\apache-tomcat-9.0.62-windows\apache-tomcat-9.0.62-windows\webapps\ml_client\WEB-INF\classes started by linhx in C:\Users\linhx\Desktop\apache-tomcat-9.0.62-windows\apache-tomcat-9.0.62-windows\bin)
13:47:18.384 [main] INFO  c.k.m.c.MySpringBootServletInitializer - [logStartupProfileInfo,655] - The following profiles are active: windows
13:47:19.661 [main] INFO  c.k.m.c.MySpringBootServletInitializer - [logStarted,61] - Started MySpringBootServletInitializer in 1.863 seconds (JVM running for 4.122)
13:47:33.105 [http-nio-5560-exec-2] INFO  c.k.m.c.c.ClientController - [noticeExperiment,64] - 接收到实验通知:{"experimentId":"817469883111020","status":0}
13:47:59.197 [http-nio-5560-exec-3] INFO  c.k.m.c.c.ClientController - [noticeRun,96] - 接收到实验运行通知:{"experimentId":"817469883111020","runName":"run-0","status":0}
13:48:00.012 [scheduling-1] INFO  c.k.m.c.f.FileProcess - [push,200] - 【当前请求的参数为】：{"description":"onet_train_test","experimentId":"817469883111020","experimentName":"onet_train_test-20241102134731","projectId":"1395","repositoryId":"1631b16912864110843d78fa957613e6","runName":"run-0","status":0,"type":2,"userToken":"lfli3pdewm2ogtx411vl2mst"}
13:48:00.139 [scheduling-1] INFO  c.k.m.c.f.FileProcess - [push,208] - 【推送结果为】：{"code":200,"success":true,"data":null,"msg":"成功"}
13:48:00.155 [scheduling-1] INFO  c.k.m.c.f.FileProcess - [push,200] - 【当前请求的参数为】：{"description":"onet_train_test","experimentId":"817469883111020","experimentName":"onet_train_test-20241102134731","projectId":"1395","repositoryId":"1631b16912864110843d78fa957613e6","runName":"run-0","status":0,"type":3,"userToken":"lfli3pdewm2ogtx411vl2mst"}
13:48:00.185 [scheduling-1] INFO  c.k.m.c.f.FileProcess - [push,208] - 【推送结果为】：{"code":200,"success":true,"data":null,"msg":"成功"}
13:48:01.713 [threadPoolTaskExecutor-1] INFO  c.k.m.c.f.FileProcess - [push,200] - 【当前请求的参数为】：{"description":"onet_train_test","experimentId":"817469883111020","experimentName":"onet_train_test-20241102134731","projectId":"1395","repositoryId":"1631b16912864110843d78fa957613e6","status":0,"type":0,"userToken":"lfli3pdewm2ogtx411vl2mst"}
13:48:44.701 [http-nio-5560-exec-5] INFO  c.k.m.c.c.ClientController - [noticeRun,96] - 接收到实验运行通知:{"experimentId":"817469883111020","runName":"run-0","status":1}
13:48:44.711 [http-nio-5560-exec-7] INFO  c.k.m.c.c.ClientController - [noticeRun,96] - 接收到实验运行通知:{"experimentId":"817469883111020","runName":"run-1","status":0}
13:48:50.314 [threadPoolTaskExecutor-1] INFO  c.k.m.c.f.FileProcess - [push,208] - 【推送结果为】：{"code":200,"success":true,"data":null,"msg":"成功"}
13:49:00.010 [scheduling-1] INFO  c.k.m.c.f.FileProcess - [push,200] - 【当前请求的参数为】：{"description":"onet_train_test","experimentId":"817469883111020","experimentName":"onet_train_test-20241102134731","projectId":"1395","repositoryId":"1631b16912864110843d78fa957613e6","runName":"run-0","status":0,"type":2,"userToken":"lfli3pdewm2ogtx411vl2mst"}
13:49:00.042 [scheduling-1] INFO  c.k.m.c.f.FileProcess - [push,208] - 【推送结果为】：{"code":200,"success":true,"data":null,"msg":"成功"}
13:49:00.042 [scheduling-1] INFO  c.k.m.c.f.FileProcess - [push,200] - 【当前请求的参数为】：{"description":"onet_train_test","experimentId":"817469883111020","experimentName":"onet_train_test-20241102134731","projectId":"1395","repositoryId":"1631b16912864110843d78fa957613e6","runName":"run-0","status":0,"type":3,"userToken":"lfli3pdewm2ogtx411vl2mst"}
13:49:00.057 [scheduling-1] INFO  c.k.m.c.f.FileProcess - [push,208] - 【推送结果为】：{"code":200,"success":true,"data":null,"msg":"成功"}
13:49:00.073 [scheduling-1] INFO  c.k.m.c.f.FileProcess - [push,200] - 【当前请求的参数为】：{"description":"onet_train_test","experimentId":"817469883111020","experimentName":"onet_train_test-20241102134731","projectId":"1395","repositoryId":"1631b16912864110843d78fa957613e6","runName":"run-1","status":0,"type":2,"userToken":"lfli3pdewm2ogtx411vl2mst"}
13:49:00.089 [scheduling-1] INFO  c.k.m.c.f.FileProcess - [push,208] - 【推送结果为】：{"code":200,"success":true,"data":null,"msg":"成功"}
13:49:00.089 [scheduling-1] INFO  c.k.m.c.f.FileProcess - [push,200] - 【当前请求的参数为】：{"description":"onet_train_test","experimentId":"817469883111020","experimentName":"onet_train_test-20241102134731","projectId":"1395","repositoryId":"1631b16912864110843d78fa957613e6","runName":"run-1","status":0,"type":3,"userToken":"lfli3pdewm2ogtx411vl2mst"}
13:49:00.105 [scheduling-1] INFO  c.k.m.c.f.FileProcess - [push,208] - 【推送结果为】：{"code":200,"success":true,"data":null,"msg":"成功"}
13:49:00.120 [threadPoolTaskExecutor-3] INFO  c.k.m.c.f.FileProcess - [push,200] - 【当前请求的参数为】：{"description":"onet_train_test","experimentId":"817469883111020","experimentName":"onet_train_test-20241102134731","projectId":"1395","repositoryId":"1631b16912864110843d78fa957613e6","runName":"run-0","status":1,"type":1,"userToken":"lfli3pdewm2ogtx411vl2mst"}
13:49:00.167 [threadPoolTaskExecutor-3] INFO  c.k.m.c.f.FileProcess - [push,208] - 【推送结果为】：{"code":200,"success":true,"data":null,"msg":"成功"}
13:49:29.089 [http-nio-5560-exec-9] INFO  c.k.m.c.c.ClientController - [noticeRun,96] - 接收到实验运行通知:{"experimentId":"817469883111020","runName":"run-1","status":1}
13:49:29.104 [http-nio-5560-exec-1] INFO  c.k.m.c.c.ClientController - [noticeRun,96] - 接收到实验运行通知:{"experimentId":"817469883111020","runName":"run-2","status":0}
13:50:00.011 [scheduling-1] INFO  c.k.m.c.f.FileProcess - [push,200] - 【当前请求的参数为】：{"description":"onet_train_test","experimentId":"817469883111020","experimentName":"onet_train_test-20241102134731","projectId":"1395","repositoryId":"1631b16912864110843d78fa957613e6","runName":"run-1","status":0,"type":2,"userToken":"lfli3pdewm2ogtx411vl2mst"}
13:50:00.046 [scheduling-1] INFO  c.k.m.c.f.FileProcess - [push,208] - 【推送结果为】：{"code":200,"success":true,"data":null,"msg":"成功"}
13:50:00.046 [scheduling-1] INFO  c.k.m.c.f.FileProcess - [push,200] - 【当前请求的参数为】：{"description":"onet_train_test","experimentId":"817469883111020","experimentName":"onet_train_test-20241102134731","projectId":"1395","repositoryId":"1631b16912864110843d78fa957613e6","runName":"run-1","status":0,"type":3,"userToken":"lfli3pdewm2ogtx411vl2mst"}
13:50:00.059 [scheduling-1] INFO  c.k.m.c.f.FileProcess - [push,208] - 【推送结果为】：{"code":200,"success":true,"data":null,"msg":"成功"}
13:50:00.075 [scheduling-1] INFO  c.k.m.c.f.FileProcess - [push,200] - 【当前请求的参数为】：{"description":"onet_train_test","experimentId":"817469883111020","experimentName":"onet_train_test-20241102134731","projectId":"1395","repositoryId":"1631b16912864110843d78fa957613e6","runName":"run-2","status":0,"type":2,"userToken":"lfli3pdewm2ogtx411vl2mst"}
13:50:00.091 [scheduling-1] INFO  c.k.m.c.f.FileProcess - [push,208] - 【推送结果为】：{"code":200,"success":true,"data":null,"msg":"成功"}
13:50:00.091 [scheduling-1] INFO  c.k.m.c.f.FileProcess - [push,200] - 【当前请求的参数为】：{"description":"onet_train_test","experimentId":"817469883111020","experimentName":"onet_train_test-20241102134731","projectId":"1395","repositoryId":"1631b16912864110843d78fa957613e6","runName":"run-2","status":0,"type":3,"userToken":"lfli3pdewm2ogtx411vl2mst"}
13:50:00.112 [scheduling-1] INFO  c.k.m.c.f.FileProcess - [push,208] - 【推送结果为】：{"code":200,"success":true,"data":null,"msg":"成功"}
13:50:00.138 [threadPoolTaskExecutor-4] INFO  c.k.m.c.f.FileProcess - [push,200] - 【当前请求的参数为】：{"description":"onet_train_test","experimentId":"817469883111020","experimentName":"onet_train_test-20241102134731","projectId":"1395","repositoryId":"1631b16912864110843d78fa957613e6","runName":"run-1","status":1,"type":1,"userToken":"lfli3pdewm2ogtx411vl2mst"}
13:50:00.170 [threadPoolTaskExecutor-4] INFO  c.k.m.c.f.FileProcess - [push,208] - 【推送结果为】：{"code":200,"success":true,"data":null,"msg":"成功"}
13:50:18.014 [http-nio-5560-exec-3] INFO  c.k.m.c.c.ClientController - [noticeRun,96] - 接收到实验运行通知:{"experimentId":"817469883111020","runName":"run-2","status":1}
13:50:18.029 [http-nio-5560-exec-5] INFO  c.k.m.c.c.ClientController - [noticeExperiment,64] - 接收到实验通知:{"experimentId":"817469883111020","status":1}
13:51:00.069 [threadPoolTaskExecutor-7] INFO  c.k.m.c.f.FileProcess - [push,200] - 【当前请求的参数为】：{"description":"onet_train_test","experimentId":"817469883111020","experimentName":"onet_train_test-20241102134731","projectId":"1395","repositoryId":"1631b16912864110843d78fa957613e6","runName":"run-2","status":1,"type":1,"userToken":"lfli3pdewm2ogtx411vl2mst"}
13:51:00.069 [scheduling-1] INFO  c.k.m.c.f.FileProcess - [push,200] - 【当前请求的参数为】：{"description":"onet_train_test","experimentId":"817469883111020","experimentName":"onet_train_test-20241102134731","projectId":"1395","repositoryId":"1631b16912864110843d78fa957613e6","runName":"run-2","status":0,"type":2,"userToken":"lfli3pdewm2ogtx411vl2mst"}
13:51:00.100 [scheduling-1] INFO  c.k.m.c.f.FileProcess - [push,208] - 【推送结果为】：{"code":200,"success":true,"data":null,"msg":"成功"}
13:51:00.100 [scheduling-1] INFO  c.k.m.c.f.FileProcess - [push,200] - 【当前请求的参数为】：{"description":"onet_train_test","experimentId":"817469883111020","experimentName":"onet_train_test-20241102134731","projectId":"1395","repositoryId":"1631b16912864110843d78fa957613e6","runName":"run-2","status":0,"type":3,"userToken":"lfli3pdewm2ogtx411vl2mst"}
13:51:00.116 [threadPoolTaskExecutor-7] INFO  c.k.m.c.f.FileProcess - [push,208] - 【推送结果为】：{"code":200,"success":true,"data":null,"msg":"成功"}
13:51:00.120 [scheduling-1] INFO  c.k.m.c.f.FileProcess - [push,208] - 【推送结果为】：{"code":200,"success":true,"data":null,"msg":"成功"}
13:52:06.009 [threadPoolTaskExecutor-8] INFO  c.k.m.c.f.FileProcess - [push,200] - 【当前请求的参数为】：{"description":"onet_train_test","experimentId":"817469883111020","experimentName":"onet_train_test-20241102134731","projectId":"1395","repositoryId":"1631b16912864110843d78fa957613e6","status":1,"type":0,"userToken":"lfli3pdewm2ogtx411vl2mst"}
13:52:49.490 [threadPoolTaskExecutor-8] INFO  c.k.m.c.f.FileProcess - [push,208] - 【推送结果为】：{"code":200,"success":true,"data":null,"msg":"成功"}
