23:39:33.127 [main] INFO  c.k.m.c.MySpringBootServletInitializer - [logStarting,55] - Starting MySpringBootServletInitializer v0.0.1-SNAPSHOT on DESKTOP-OE2SO9G with PID 33496 (C:\Users\linhx\Desktop\apache-tomcat-9.0.62-windows\apache-tomcat-9.0.62-windows\webapps\ml_client\WEB-INF\classes started by linhx in C:\Users\linhx\Desktop\apache-tomcat-9.0.62-windows\apache-tomcat-9.0.62-windows\bin)
23:39:33.127 [main] INFO  c.k.m.c.MySpringBootServletInitializer - [logStartupProfileInfo,655] - The following profiles are active: windows
23:39:34.215 [main] INFO  c.k.m.c.MySpringBootServletInitializer - [logStarted,61] - Started MySpringBootServletInitializer in 1.557 seconds (JVM running for 3.772)
23:41:22.859 [http-nio-5560-exec-2] INFO  c.k.m.c.c.ClientController - [noticeExperiment,64] - 接收到实验通知:{"experimentId":"757607598928642","status":0}
23:41:24.261 [http-nio-5560-exec-10] INFO  c.k.m.c.c.ClientController - [noticeRun,96] - 接收到实验运行通知:{"experimentId":"757607598928642","runName":"run-0","status":0}
23:41:24.298 [http-nio-5560-exec-5] INFO  c.k.m.c.c.ClientController - [noticeRun,96] - 接收到实验运行通知:{"experimentId":"757607598928642","runName":"run-0","status":1}
23:41:24.310 [http-nio-5560-exec-4] INFO  c.k.m.c.c.ClientController - [noticeRun,96] - 接收到实验运行通知:{"experimentId":"757607598928642","runName":"run-1","status":0}
23:41:24.337 [http-nio-5560-exec-6] INFO  c.k.m.c.c.ClientController - [noticeRun,96] - 接收到实验运行通知:{"experimentId":"757607598928642","runName":"run-1","status":1}
23:41:24.352 [http-nio-5560-exec-7] INFO  c.k.m.c.c.ClientController - [noticeRun,96] - 接收到实验运行通知:{"experimentId":"757607598928642","runName":"run-2","status":0}
23:41:24.381 [http-nio-5560-exec-1] INFO  c.k.m.c.c.ClientController - [noticeRun,96] - 接收到实验运行通知:{"experimentId":"757607598928642","runName":"run-2","status":1}
23:41:24.398 [http-nio-5560-exec-10] INFO  c.k.m.c.c.ClientController - [noticeExperiment,64] - 接收到实验通知:{"experimentId":"757607598928642","status":1}
23:42:00.031 [scheduling-1] INFO  c.k.m.c.f.FileProcess - [push,200] - 【当前请求的参数为】：{"description":"test","experimentId":"757607598928642","experimentName":"TEST-20241101234121","projectId":"1395","repositoryId":"1631b16912864110843d78fa957613e6","runName":"run-0","status":0,"type":2,"userToken":"lfli3pdewm2ogtx411vl2mst"}
23:42:00.251 [scheduling-1] INFO  c.k.m.c.f.FileProcess - [push,208] - 【推送结果为】：{"code":200,"success":true,"data":null,"msg":"成功"}
23:42:00.344 [scheduling-1] INFO  c.k.m.c.f.FileProcess - [push,200] - 【当前请求的参数为】：{"description":"test","experimentId":"757607598928642","experimentName":"TEST-20241101234121","projectId":"1395","repositoryId":"1631b16912864110843d78fa957613e6","runName":"run-0","status":0,"type":3,"userToken":"lfli3pdewm2ogtx411vl2mst"}
23:42:00.376 [scheduling-1] INFO  c.k.m.c.f.FileProcess - [push,208] - 【推送结果为】：{"code":200,"success":true,"data":null,"msg":"成功"}
23:42:00.411 [threadPoolTaskExecutor-2] INFO  c.k.m.c.f.FileProcess - [push,200] - 【当前请求的参数为】：{"description":"test","experimentId":"757607598928642","experimentName":"TEST-20241101234121","projectId":"1395","repositoryId":"1631b16912864110843d78fa957613e6","runName":"run-1","status":1,"type":1,"userToken":"lfli3pdewm2ogtx411vl2mst"}
23:42:00.424 [threadPoolTaskExecutor-3] INFO  c.k.m.c.f.FileProcess - [push,200] - 【当前请求的参数为】：{"description":"test","experimentId":"757607598928642","experimentName":"TEST-20241101234121","projectId":"1395","repositoryId":"1631b16912864110843d78fa957613e6","runName":"run-0","status":1,"type":1,"userToken":"lfli3pdewm2ogtx411vl2mst"}
23:42:00.455 [threadPoolTaskExecutor-2] INFO  c.k.m.c.f.FileProcess - [push,208] - 【推送结果为】：{"code":200,"success":true,"data":null,"msg":"成功"}
23:42:00.455 [threadPoolTaskExecutor-4] INFO  c.k.m.c.f.FileProcess - [push,200] - 【当前请求的参数为】：{"description":"test","experimentId":"757607598928642","experimentName":"TEST-20241101234121","projectId":"1395","repositoryId":"1631b16912864110843d78fa957613e6","runName":"run-2","status":1,"type":1,"userToken":"lfli3pdewm2ogtx411vl2mst"}
23:42:00.471 [threadPoolTaskExecutor-3] INFO  c.k.m.c.f.FileProcess - [push,208] - 【推送结果为】：{"code":200,"success":true,"data":null,"msg":"成功"}
23:42:00.486 [threadPoolTaskExecutor-4] INFO  c.k.m.c.f.FileProcess - [push,208] - 【推送结果为】：{"code":200,"success":true,"data":null,"msg":"成功"}
23:43:00.066 [threadPoolTaskExecutor-5] INFO  c.k.m.c.f.FileProcess - [push,200] - 【当前请求的参数为】：{"description":"test","experimentId":"757607598928642","experimentName":"TEST-20241101234121","projectId":"1395","repositoryId":"1631b16912864110843d78fa957613e6","status":1,"type":0,"userToken":"lfli3pdewm2ogtx411vl2mst"}
23:43:01.009 [threadPoolTaskExecutor-5] INFO  c.k.m.c.f.FileProcess - [push,208] - 【推送结果为】：{"code":200,"success":true,"data":null,"msg":"成功"}
23:43:51.398 [main] INFO  c.k.m.c.MySpringBootServletInitializer - [logStarting,55] - Starting MySpringBootServletInitializer v0.0.1-SNAPSHOT on DESKTOP-OE2SO9G with PID 34104 (C:\Users\linhx\Desktop\apache-tomcat-9.0.62-windows\apache-tomcat-9.0.62-windows\webapps\ml_client\WEB-INF\classes started by linhx in C:\Users\linhx\Desktop\apache-tomcat-9.0.62-windows\apache-tomcat-9.0.62-windows\bin)
23:43:51.398 [main] INFO  c.k.m.c.MySpringBootServletInitializer - [logStartupProfileInfo,655] - The following profiles are active: windows
23:43:52.420 [main] INFO  c.k.m.c.MySpringBootServletInitializer - [logStarted,61] - Started MySpringBootServletInitializer in 1.46 seconds (JVM running for 3.372)
23:44:20.791 [http-nio-5560-exec-6] INFO  c.k.m.c.c.ClientController - [noticeExperiment,64] - 接收到实验通知:{"experimentId":"102068361858970","status":0}
23:44:22.266 [http-nio-5560-exec-4] INFO  c.k.m.c.c.ClientController - [noticeRun,96] - 接收到实验运行通知:{"experimentId":"102068361858970","runName":"run-0","status":0}
23:44:22.297 [http-nio-5560-exec-10] INFO  c.k.m.c.c.ClientController - [noticeRun,96] - 接收到实验运行通知:{"experimentId":"102068361858970","runName":"run-0","status":1}
23:44:22.315 [http-nio-5560-exec-8] INFO  c.k.m.c.c.ClientController - [noticeRun,96] - 接收到实验运行通知:{"experimentId":"102068361858970","runName":"run-1","status":0}
23:44:22.329 [http-nio-5560-exec-9] INFO  c.k.m.c.c.ClientController - [noticeRun,96] - 接收到实验运行通知:{"experimentId":"102068361858970","runName":"run-1","status":1}
23:44:22.329 [http-nio-5560-exec-5] INFO  c.k.m.c.c.ClientController - [noticeRun,96] - 接收到实验运行通知:{"experimentId":"102068361858970","runName":"run-2","status":0}
23:44:22.347 [http-nio-5560-exec-2] INFO  c.k.m.c.c.ClientController - [noticeRun,96] - 接收到实验运行通知:{"experimentId":"102068361858970","runName":"run-2","status":1}
23:44:22.347 [http-nio-5560-exec-6] INFO  c.k.m.c.c.ClientController - [noticeExperiment,64] - 接收到实验通知:{"experimentId":"102068361858970","status":1}
23:45:00.018 [scheduling-1] INFO  c.k.m.c.f.FileProcess - [push,200] - 【当前请求的参数为】：{"description":"test","experimentId":"102068361858970","experimentName":"TEST-20241101234419","projectId":"1395","repositoryId":"1631b16912864110843d78fa957613e6","runName":"run-0","status":0,"type":2,"userToken":"lfli3pdewm2ogtx411vl2mst"}
23:45:00.237 [scheduling-1] INFO  c.k.m.c.f.FileProcess - [push,208] - 【推送结果为】：{"code":200,"success":true,"data":null,"msg":"成功"}
23:45:00.315 [scheduling-1] INFO  c.k.m.c.f.FileProcess - [push,200] - 【当前请求的参数为】：{"description":"test","experimentId":"102068361858970","experimentName":"TEST-20241101234419","projectId":"1395","repositoryId":"1631b16912864110843d78fa957613e6","runName":"run-0","status":0,"type":3,"userToken":"lfli3pdewm2ogtx411vl2mst"}
23:45:00.331 [scheduling-1] INFO  c.k.m.c.f.FileProcess - [push,208] - 【推送结果为】：{"code":200,"success":true,"data":null,"msg":"成功"}
23:45:00.378 [threadPoolTaskExecutor-1] INFO  c.k.m.c.f.FileProcess - [push,200] - 【当前请求的参数为】：{"description":"test","experimentId":"102068361858970","experimentName":"TEST-20241101234419","projectId":"1395","repositoryId":"1631b16912864110843d78fa957613e6","runName":"run-1","status":1,"type":1,"userToken":"lfli3pdewm2ogtx411vl2mst"}
23:45:00.409 [threadPoolTaskExecutor-2] INFO  c.k.m.c.f.FileProcess - [push,200] - 【当前请求的参数为】：{"description":"test","experimentId":"102068361858970","experimentName":"TEST-20241101234419","projectId":"1395","repositoryId":"1631b16912864110843d78fa957613e6","runName":"run-0","status":1,"type":1,"userToken":"lfli3pdewm2ogtx411vl2mst"}
23:45:00.409 [threadPoolTaskExecutor-1] INFO  c.k.m.c.f.FileProcess - [push,208] - 【推送结果为】：{"code":200,"success":true,"data":null,"msg":"成功"}
23:45:00.425 [threadPoolTaskExecutor-3] INFO  c.k.m.c.f.FileProcess - [push,200] - 【当前请求的参数为】：{"description":"test","experimentId":"102068361858970","experimentName":"TEST-20241101234419","projectId":"1395","repositoryId":"1631b16912864110843d78fa957613e6","runName":"run-2","status":1,"type":1,"userToken":"lfli3pdewm2ogtx411vl2mst"}
23:45:00.441 [threadPoolTaskExecutor-2] INFO  c.k.m.c.f.FileProcess - [push,208] - 【推送结果为】：{"code":200,"success":true,"data":null,"msg":"成功"}
23:45:00.456 [threadPoolTaskExecutor-3] INFO  c.k.m.c.f.FileProcess - [push,208] - 【推送结果为】：{"code":200,"success":true,"data":null,"msg":"成功"}
23:46:00.036 [threadPoolTaskExecutor-5] INFO  c.k.m.c.f.FileProcess - [push,200] - 【当前请求的参数为】：{"description":"test","experimentId":"102068361858970","experimentName":"TEST-20241101234419","projectId":"1395","repositoryId":"1631b16912864110843d78fa957613e6","status":1,"type":0,"userToken":"lfli3pdewm2ogtx411vl2mst"}
23:46:00.756 [threadPoolTaskExecutor-5] INFO  c.k.m.c.f.FileProcess - [push,208] - 【推送结果为】：{"code":200,"success":true,"data":null,"msg":"成功"}
23:47:32.832 [http-nio-5560-exec-3] INFO  c.k.m.c.c.ClientController - [noticeExperiment,64] - 接收到实验通知:{"experimentId":"986869620279586","status":0}
23:47:34.250 [http-nio-5560-exec-9] INFO  c.k.m.c.c.ClientController - [noticeRun,96] - 接收到实验运行通知:{"experimentId":"986869620279586","runName":"run-0","status":0}
23:47:34.295 [http-nio-5560-exec-5] INFO  c.k.m.c.c.ClientController - [noticeRun,96] - 接收到实验运行通知:{"experimentId":"986869620279586","runName":"run-0","status":1}
23:47:34.308 [http-nio-5560-exec-2] INFO  c.k.m.c.c.ClientController - [noticeRun,96] - 接收到实验运行通知:{"experimentId":"986869620279586","runName":"run-1","status":0}
23:47:34.337 [http-nio-5560-exec-6] INFO  c.k.m.c.c.ClientController - [noticeRun,96] - 接收到实验运行通知:{"experimentId":"986869620279586","runName":"run-1","status":1}
23:47:34.349 [http-nio-5560-exec-10] INFO  c.k.m.c.c.ClientController - [noticeRun,96] - 接收到实验运行通知:{"experimentId":"986869620279586","runName":"run-2","status":0}
23:47:34.375 [http-nio-5560-exec-3] INFO  c.k.m.c.c.ClientController - [noticeRun,96] - 接收到实验运行通知:{"experimentId":"986869620279586","runName":"run-2","status":1}
23:47:34.390 [http-nio-5560-exec-7] INFO  c.k.m.c.c.ClientController - [noticeExperiment,64] - 接收到实验通知:{"experimentId":"986869620279586","status":1}
23:48:00.020 [threadPoolTaskExecutor-6] INFO  c.k.m.c.f.FileProcess - [push,200] - 【当前请求的参数为】：{"description":"test","experimentId":"986869620279586","experimentName":"TEST-20241101234732","projectId":"1395","repositoryId":"1631b16912864110843d78fa957613e6","runName":"run-1","status":1,"type":1,"userToken":"lfli3pdewm2ogtx411vl2mst"}
23:48:00.032 [threadPoolTaskExecutor-7] INFO  c.k.m.c.f.FileProcess - [push,200] - 【当前请求的参数为】：{"description":"test","experimentId":"986869620279586","experimentName":"TEST-20241101234732","projectId":"1395","repositoryId":"1631b16912864110843d78fa957613e6","runName":"run-0","status":1,"type":1,"userToken":"lfli3pdewm2ogtx411vl2mst"}
23:48:00.032 [threadPoolTaskExecutor-8] INFO  c.k.m.c.f.FileProcess - [push,200] - 【当前请求的参数为】：{"description":"test","experimentId":"986869620279586","experimentName":"TEST-20241101234732","projectId":"1395","repositoryId":"1631b16912864110843d78fa957613e6","runName":"run-2","status":1,"type":1,"userToken":"lfli3pdewm2ogtx411vl2mst"}
23:48:00.048 [scheduling-1] INFO  c.k.m.c.f.FileProcess - [push,200] - 【当前请求的参数为】：{"description":"test","experimentId":"986869620279586","experimentName":"TEST-20241101234732","projectId":"1395","repositoryId":"1631b16912864110843d78fa957613e6","runName":"run-0","status":0,"type":2,"userToken":"lfli3pdewm2ogtx411vl2mst"}
23:48:00.064 [scheduling-1] INFO  c.k.m.c.f.FileProcess - [push,208] - 【推送结果为】：{"code":200,"success":true,"data":null,"msg":"成功"}
23:48:00.064 [scheduling-1] INFO  c.k.m.c.f.FileProcess - [push,200] - 【当前请求的参数为】：{"description":"test","experimentId":"986869620279586","experimentName":"TEST-20241101234732","projectId":"1395","repositoryId":"1631b16912864110843d78fa957613e6","runName":"run-0","status":0,"type":3,"userToken":"lfli3pdewm2ogtx411vl2mst"}
23:48:00.079 [threadPoolTaskExecutor-6] INFO  c.k.m.c.f.FileProcess - [push,208] - 【推送结果为】：{"code":200,"success":true,"data":null,"msg":"成功"}
23:48:00.079 [threadPoolTaskExecutor-7] INFO  c.k.m.c.f.FileProcess - [push,208] - 【推送结果为】：{"code":200,"success":true,"data":null,"msg":"成功"}
23:48:00.079 [scheduling-1] INFO  c.k.m.c.f.FileProcess - [push,208] - 【推送结果为】：{"code":200,"success":true,"data":null,"msg":"成功"}
23:48:00.095 [threadPoolTaskExecutor-8] INFO  c.k.m.c.f.FileProcess - [push,208] - 【推送结果为】：{"code":200,"success":true,"data":null,"msg":"成功"}
23:49:00.046 [threadPoolTaskExecutor-10] INFO  c.k.m.c.f.FileProcess - [push,200] - 【当前请求的参数为】：{"description":"test","experimentId":"986869620279586","experimentName":"TEST-20241101234732","projectId":"1395","repositoryId":"1631b16912864110843d78fa957613e6","status":1,"type":0,"userToken":"lfli3pdewm2ogtx411vl2mst"}
23:49:00.833 [threadPoolTaskExecutor-10] INFO  c.k.m.c.f.FileProcess - [push,208] - 【推送结果为】：{"code":200,"success":true,"data":null,"msg":"成功"}
23:51:16.827 [main] INFO  c.k.m.c.MySpringBootServletInitializer - [logStarting,55] - Starting MySpringBootServletInitializer v0.0.1-SNAPSHOT on DESKTOP-OE2SO9G with PID 33688 (C:\Users\linhx\Desktop\apache-tomcat-9.0.62-windows\apache-tomcat-9.0.62-windows\webapps\ml_client\WEB-INF\classes started by linhx in C:\Users\linhx\Desktop\apache-tomcat-9.0.62-windows\apache-tomcat-9.0.62-windows\bin)
23:51:16.827 [main] INFO  c.k.m.c.MySpringBootServletInitializer - [logStartupProfileInfo,655] - The following profiles are active: windows
23:51:17.844 [main] INFO  c.k.m.c.MySpringBootServletInitializer - [logStarted,61] - Started MySpringBootServletInitializer in 1.45 seconds (JVM running for 3.24)
23:51:30.718 [http-nio-5560-exec-7] INFO  c.k.m.c.c.ClientController - [noticeExperiment,64] - 接收到实验通知:{"experimentId":"592111704113458","status":0}
23:51:32.141 [http-nio-5560-exec-2] INFO  c.k.m.c.c.ClientController - [noticeRun,96] - 接收到实验运行通知:{"experimentId":"592111704113458","runName":"run-0","status":0}
23:51:32.177 [http-nio-5560-exec-4] INFO  c.k.m.c.c.ClientController - [noticeRun,96] - 接收到实验运行通知:{"experimentId":"592111704113458","runName":"run-0","status":1}
23:51:32.195 [http-nio-5560-exec-8] INFO  c.k.m.c.c.ClientController - [noticeRun,96] - 接收到实验运行通知:{"experimentId":"592111704113458","runName":"run-1","status":0}
23:51:32.221 [http-nio-5560-exec-6] INFO  c.k.m.c.c.ClientController - [noticeRun,96] - 接收到实验运行通知:{"experimentId":"592111704113458","runName":"run-1","status":1}
23:51:32.231 [http-nio-5560-exec-3] INFO  c.k.m.c.c.ClientController - [noticeRun,96] - 接收到实验运行通知:{"experimentId":"592111704113458","runName":"run-2","status":0}
23:51:32.252 [http-nio-5560-exec-1] INFO  c.k.m.c.c.ClientController - [noticeRun,96] - 接收到实验运行通知:{"experimentId":"592111704113458","runName":"run-2","status":1}
23:51:32.267 [http-nio-5560-exec-2] INFO  c.k.m.c.c.ClientController - [noticeExperiment,64] - 接收到实验通知:{"experimentId":"592111704113458","status":1}
23:52:00.048 [scheduling-1] INFO  c.k.m.c.f.FileProcess - [push,200] - 【当前请求的参数为】：{"description":"test","experimentId":"592111704113458","experimentName":"TEST-20241101235129","projectId":"1395","repositoryId":"1631b16912864110843d78fa957613e6","runName":"run-0","status":0,"type":2,"userToken":"lfli3pdewm2ogtx411vl2mst"}
23:52:00.267 [scheduling-1] INFO  c.k.m.c.f.FileProcess - [push,208] - 【推送结果为】：{"code":200,"success":true,"data":null,"msg":"成功"}
23:52:00.346 [scheduling-1] INFO  c.k.m.c.f.FileProcess - [push,200] - 【当前请求的参数为】：{"description":"test","experimentId":"592111704113458","experimentName":"TEST-20241101235129","projectId":"1395","repositoryId":"1631b16912864110843d78fa957613e6","runName":"run-0","status":0,"type":3,"userToken":"lfli3pdewm2ogtx411vl2mst"}
23:52:00.361 [scheduling-1] INFO  c.k.m.c.f.FileProcess - [push,208] - 【推送结果为】：{"code":200,"success":true,"data":null,"msg":"成功"}
23:52:00.408 [threadPoolTaskExecutor-1] INFO  c.k.m.c.f.FileProcess - [push,200] - 【当前请求的参数为】：{"description":"test","experimentId":"592111704113458","experimentName":"TEST-20241101235129","projectId":"1395","repositoryId":"1631b16912864110843d78fa957613e6","runName":"run-1","status":1,"type":1,"userToken":"lfli3pdewm2ogtx411vl2mst"}
23:52:00.424 [threadPoolTaskExecutor-2] INFO  c.k.m.c.f.FileProcess - [push,200] - 【当前请求的参数为】：{"description":"test","experimentId":"592111704113458","experimentName":"TEST-20241101235129","projectId":"1395","repositoryId":"1631b16912864110843d78fa957613e6","runName":"run-0","status":1,"type":1,"userToken":"lfli3pdewm2ogtx411vl2mst"}
23:52:00.439 [threadPoolTaskExecutor-1] INFO  c.k.m.c.f.FileProcess - [push,208] - 【推送结果为】：{"code":200,"success":true,"data":null,"msg":"成功"}
23:52:00.455 [threadPoolTaskExecutor-3] INFO  c.k.m.c.f.FileProcess - [push,200] - 【当前请求的参数为】：{"description":"test","experimentId":"592111704113458","experimentName":"TEST-20241101235129","projectId":"1395","repositoryId":"1631b16912864110843d78fa957613e6","runName":"run-2","status":1,"type":1,"userToken":"lfli3pdewm2ogtx411vl2mst"}
23:52:00.471 [threadPoolTaskExecutor-2] INFO  c.k.m.c.f.FileProcess - [push,208] - 【推送结果为】：{"code":200,"success":true,"data":null,"msg":"成功"}
23:52:00.486 [threadPoolTaskExecutor-3] INFO  c.k.m.c.f.FileProcess - [push,208] - 【推送结果为】：{"code":200,"success":true,"data":null,"msg":"成功"}
23:53:00.048 [threadPoolTaskExecutor-5] INFO  c.k.m.c.f.FileProcess - [push,200] - 【当前请求的参数为】：{"description":"test","experimentId":"592111704113458","experimentName":"TEST-20241101235129","projectId":"1395","repositoryId":"1631b16912864110843d78fa957613e6","status":1,"type":0,"userToken":"lfli3pdewm2ogtx411vl2mst"}
23:53:00.797 [threadPoolTaskExecutor-5] INFO  c.k.m.c.f.FileProcess - [push,208] - 【推送结果为】：{"code":200,"success":true,"data":null,"msg":"成功"}
