19:34:43.744 [main] INFO  c.k.m.c.MySpringBootServletInitializer - [logStarting,55] - Starting MySpringBootServletInitializer v0.0.1-SNAPSHOT on Summer with PID 31140 (F:\CODE\GIThub\Markdown\大三课程\机器学习\实验34\jetAutoML\apache-tomcat-9.0.62-windows\webapps\ml_client\WEB-INF\classes started by Lenovo in F:\CODE\GIThub\Markdown\大三课程\机器学习\实验34\jetAutoML\apache-tomcat-9.0.62-windows\bin)
19:34:43.781 [main] INFO  c.k.m.c.MySpringBootServletInitializer - [logStartupProfileInfo,655] - The following profiles are active: windows
19:34:48.285 [main] INFO  c.k.m.c.MySpringBootServletInitializer - [logStarted,61] - Started MySpringBootServletInitializer in 6.64 seconds (JVM running for 14.214)
19:36:13.244 [http-nio-5560-exec-1] INFO  c.k.m.c.c.ClientController - [noticeExperiment,64] - 接收到实验通知:{"experimentId":"187107751310597","status":0}
19:36:20.942 [http-nio-5560-exec-4] INFO  c.k.m.c.c.ClientController - [noticeRun,96] - 接收到实验运行通知:{"experimentId":"187107751310597","runName":"run-0","status":0}
19:37:00.097 [scheduling-1] INFO  c.k.m.c.f.FileProcess - [push,200] - 【当前请求的参数为】：{"description":"lab4train","experimentId":"187107751310597","experimentName":"lab4-20241110193611","projectId":"1698","repositoryId":"a68dac18203a47ed9f35512f4cee5bad","runName":"run-0","status":0,"type":2,"userToken":"oe9f7l5ax53saarwz0ss1wss"}
19:37:00.510 [scheduling-1] INFO  c.k.m.c.f.FileProcess - [push,208] - 【推送结果为】：{"code":200,"success":true,"data":null,"msg":"成功"}
19:37:00.603 [scheduling-1] INFO  c.k.m.c.f.FileProcess - [push,200] - 【当前请求的参数为】：{"description":"lab4train","experimentId":"187107751310597","experimentName":"lab4-20241110193611","projectId":"1698","repositoryId":"a68dac18203a47ed9f35512f4cee5bad","runName":"run-0","status":0,"type":3,"userToken":"oe9f7l5ax53saarwz0ss1wss"}
19:37:00.642 [scheduling-1] INFO  c.k.m.c.f.FileProcess - [push,208] - 【推送结果为】：{"code":200,"success":true,"data":null,"msg":"成功"}
19:37:01.797 [threadPoolTaskExecutor-1] INFO  c.k.m.c.f.FileProcess - [push,200] - 【当前请求的参数为】：{"description":"lab4train","experimentId":"187107751310597","experimentName":"lab4-20241110193611","projectId":"1698","repositoryId":"a68dac18203a47ed9f35512f4cee5bad","status":0,"type":0,"userToken":"oe9f7l5ax53saarwz0ss1wss"}
19:37:13.810 [threadPoolTaskExecutor-1] INFO  c.k.m.c.f.FileProcess - [push,208] - 【推送结果为】：{"code":200,"success":true,"data":null,"msg":"成功"}
19:38:00.095 [scheduling-1] INFO  c.k.m.c.f.FileProcess - [push,200] - 【当前请求的参数为】：{"description":"lab4train","experimentId":"187107751310597","experimentName":"lab4-20241110193611","projectId":"1698","repositoryId":"a68dac18203a47ed9f35512f4cee5bad","runName":"run-0","status":0,"type":2,"userToken":"oe9f7l5ax53saarwz0ss1wss"}
19:38:00.127 [scheduling-1] INFO  c.k.m.c.f.FileProcess - [push,208] - 【推送结果为】：{"code":200,"success":true,"data":null,"msg":"成功"}
19:38:00.133 [scheduling-1] INFO  c.k.m.c.f.FileProcess - [push,200] - 【当前请求的参数为】：{"description":"lab4train","experimentId":"187107751310597","experimentName":"lab4-20241110193611","projectId":"1698","repositoryId":"a68dac18203a47ed9f35512f4cee5bad","runName":"run-0","status":0,"type":3,"userToken":"oe9f7l5ax53saarwz0ss1wss"}
19:38:00.170 [scheduling-1] INFO  c.k.m.c.f.FileProcess - [push,208] - 【推送结果为】：{"code":200,"success":true,"data":null,"msg":"成功"}
19:39:00.026 [scheduling-1] INFO  c.k.m.c.f.FileProcess - [push,200] - 【当前请求的参数为】：{"description":"lab4train","experimentId":"187107751310597","experimentName":"lab4-20241110193611","projectId":"1698","repositoryId":"a68dac18203a47ed9f35512f4cee5bad","runName":"run-0","status":0,"type":2,"userToken":"oe9f7l5ax53saarwz0ss1wss"}
19:39:00.058 [scheduling-1] INFO  c.k.m.c.f.FileProcess - [push,208] - 【推送结果为】：{"code":200,"success":true,"data":null,"msg":"成功"}
19:39:00.062 [scheduling-1] INFO  c.k.m.c.f.FileProcess - [push,200] - 【当前请求的参数为】：{"description":"lab4train","experimentId":"187107751310597","experimentName":"lab4-20241110193611","projectId":"1698","repositoryId":"a68dac18203a47ed9f35512f4cee5bad","runName":"run-0","status":0,"type":3,"userToken":"oe9f7l5ax53saarwz0ss1wss"}
19:39:00.081 [scheduling-1] INFO  c.k.m.c.f.FileProcess - [push,208] - 【推送结果为】：{"code":200,"success":true,"data":null,"msg":"成功"}
19:40:00.025 [scheduling-1] INFO  c.k.m.c.f.FileProcess - [push,200] - 【当前请求的参数为】：{"description":"lab4train","experimentId":"187107751310597","experimentName":"lab4-20241110193611","projectId":"1698","repositoryId":"a68dac18203a47ed9f35512f4cee5bad","runName":"run-0","status":0,"type":2,"userToken":"oe9f7l5ax53saarwz0ss1wss"}
19:40:00.054 [scheduling-1] INFO  c.k.m.c.f.FileProcess - [push,208] - 【推送结果为】：{"code":200,"success":true,"data":null,"msg":"成功"}
19:40:00.060 [scheduling-1] INFO  c.k.m.c.f.FileProcess - [push,200] - 【当前请求的参数为】：{"description":"lab4train","experimentId":"187107751310597","experimentName":"lab4-20241110193611","projectId":"1698","repositoryId":"a68dac18203a47ed9f35512f4cee5bad","runName":"run-0","status":0,"type":3,"userToken":"oe9f7l5ax53saarwz0ss1wss"}
19:40:00.083 [scheduling-1] INFO  c.k.m.c.f.FileProcess - [push,208] - 【推送结果为】：{"code":200,"success":true,"data":null,"msg":"成功"}
19:41:00.016 [scheduling-1] INFO  c.k.m.c.f.FileProcess - [push,200] - 【当前请求的参数为】：{"description":"lab4train","experimentId":"187107751310597","experimentName":"lab4-20241110193611","projectId":"1698","repositoryId":"a68dac18203a47ed9f35512f4cee5bad","runName":"run-0","status":0,"type":2,"userToken":"oe9f7l5ax53saarwz0ss1wss"}
19:41:00.046 [scheduling-1] INFO  c.k.m.c.f.FileProcess - [push,208] - 【推送结果为】：{"code":200,"success":true,"data":null,"msg":"成功"}
19:41:00.052 [scheduling-1] INFO  c.k.m.c.f.FileProcess - [push,200] - 【当前请求的参数为】：{"description":"lab4train","experimentId":"187107751310597","experimentName":"lab4-20241110193611","projectId":"1698","repositoryId":"a68dac18203a47ed9f35512f4cee5bad","runName":"run-0","status":0,"type":3,"userToken":"oe9f7l5ax53saarwz0ss1wss"}
19:41:00.075 [scheduling-1] INFO  c.k.m.c.f.FileProcess - [push,208] - 【推送结果为】：{"code":200,"success":true,"data":null,"msg":"成功"}
19:42:00.080 [scheduling-1] INFO  c.k.m.c.f.FileProcess - [push,200] - 【当前请求的参数为】：{"description":"lab4train","experimentId":"187107751310597","experimentName":"lab4-20241110193611","projectId":"1698","repositoryId":"a68dac18203a47ed9f35512f4cee5bad","runName":"run-0","status":0,"type":2,"userToken":"oe9f7l5ax53saarwz0ss1wss"}
19:42:00.117 [scheduling-1] INFO  c.k.m.c.f.FileProcess - [push,208] - 【推送结果为】：{"code":200,"success":true,"data":null,"msg":"成功"}
19:42:00.123 [scheduling-1] INFO  c.k.m.c.f.FileProcess - [push,200] - 【当前请求的参数为】：{"description":"lab4train","experimentId":"187107751310597","experimentName":"lab4-20241110193611","projectId":"1698","repositoryId":"a68dac18203a47ed9f35512f4cee5bad","runName":"run-0","status":0,"type":3,"userToken":"oe9f7l5ax53saarwz0ss1wss"}
19:42:00.140 [scheduling-1] INFO  c.k.m.c.f.FileProcess - [push,208] - 【推送结果为】：{"code":200,"success":true,"data":null,"msg":"成功"}
19:43:00.017 [scheduling-1] INFO  c.k.m.c.f.FileProcess - [push,200] - 【当前请求的参数为】：{"description":"lab4train","experimentId":"187107751310597","experimentName":"lab4-20241110193611","projectId":"1698","repositoryId":"a68dac18203a47ed9f35512f4cee5bad","runName":"run-0","status":0,"type":2,"userToken":"oe9f7l5ax53saarwz0ss1wss"}
19:43:00.046 [scheduling-1] INFO  c.k.m.c.f.FileProcess - [push,208] - 【推送结果为】：{"code":200,"success":true,"data":null,"msg":"成功"}
19:43:00.052 [scheduling-1] INFO  c.k.m.c.f.FileProcess - [push,200] - 【当前请求的参数为】：{"description":"lab4train","experimentId":"187107751310597","experimentName":"lab4-20241110193611","projectId":"1698","repositoryId":"a68dac18203a47ed9f35512f4cee5bad","runName":"run-0","status":0,"type":3,"userToken":"oe9f7l5ax53saarwz0ss1wss"}
19:43:00.074 [scheduling-1] INFO  c.k.m.c.f.FileProcess - [push,208] - 【推送结果为】：{"code":200,"success":true,"data":null,"msg":"成功"}
19:44:00.078 [scheduling-1] INFO  c.k.m.c.f.FileProcess - [push,200] - 【当前请求的参数为】：{"description":"lab4train","experimentId":"187107751310597","experimentName":"lab4-20241110193611","projectId":"1698","repositoryId":"a68dac18203a47ed9f35512f4cee5bad","runName":"run-0","status":0,"type":2,"userToken":"oe9f7l5ax53saarwz0ss1wss"}
19:44:00.107 [scheduling-1] INFO  c.k.m.c.f.FileProcess - [push,208] - 【推送结果为】：{"code":200,"success":true,"data":null,"msg":"成功"}
19:44:00.114 [scheduling-1] INFO  c.k.m.c.f.FileProcess - [push,200] - 【当前请求的参数为】：{"description":"lab4train","experimentId":"187107751310597","experimentName":"lab4-20241110193611","projectId":"1698","repositoryId":"a68dac18203a47ed9f35512f4cee5bad","runName":"run-0","status":0,"type":3,"userToken":"oe9f7l5ax53saarwz0ss1wss"}
19:44:00.133 [scheduling-1] INFO  c.k.m.c.f.FileProcess - [push,208] - 【推送结果为】：{"code":200,"success":true,"data":null,"msg":"成功"}
19:45:00.082 [scheduling-1] INFO  c.k.m.c.f.FileProcess - [push,200] - 【当前请求的参数为】：{"description":"lab4train","experimentId":"187107751310597","experimentName":"lab4-20241110193611","projectId":"1698","repositoryId":"a68dac18203a47ed9f35512f4cee5bad","runName":"run-0","status":0,"type":2,"userToken":"oe9f7l5ax53saarwz0ss1wss"}
19:45:00.112 [scheduling-1] INFO  c.k.m.c.f.FileProcess - [push,208] - 【推送结果为】：{"code":200,"success":true,"data":null,"msg":"成功"}
19:45:00.116 [scheduling-1] INFO  c.k.m.c.f.FileProcess - [push,200] - 【当前请求的参数为】：{"description":"lab4train","experimentId":"187107751310597","experimentName":"lab4-20241110193611","projectId":"1698","repositoryId":"a68dac18203a47ed9f35512f4cee5bad","runName":"run-0","status":0,"type":3,"userToken":"oe9f7l5ax53saarwz0ss1wss"}
19:45:00.136 [scheduling-1] INFO  c.k.m.c.f.FileProcess - [push,208] - 【推送结果为】：{"code":200,"success":true,"data":null,"msg":"成功"}
19:46:00.014 [scheduling-1] INFO  c.k.m.c.f.FileProcess - [push,200] - 【当前请求的参数为】：{"description":"lab4train","experimentId":"187107751310597","experimentName":"lab4-20241110193611","projectId":"1698","repositoryId":"a68dac18203a47ed9f35512f4cee5bad","runName":"run-0","status":0,"type":2,"userToken":"oe9f7l5ax53saarwz0ss1wss"}
19:46:00.044 [scheduling-1] INFO  c.k.m.c.f.FileProcess - [push,208] - 【推送结果为】：{"code":200,"success":true,"data":null,"msg":"成功"}
19:46:00.048 [scheduling-1] INFO  c.k.m.c.f.FileProcess - [push,200] - 【当前请求的参数为】：{"description":"lab4train","experimentId":"187107751310597","experimentName":"lab4-20241110193611","projectId":"1698","repositoryId":"a68dac18203a47ed9f35512f4cee5bad","runName":"run-0","status":0,"type":3,"userToken":"oe9f7l5ax53saarwz0ss1wss"}
19:46:00.070 [scheduling-1] INFO  c.k.m.c.f.FileProcess - [push,208] - 【推送结果为】：{"code":200,"success":true,"data":null,"msg":"成功"}
19:47:00.087 [scheduling-1] INFO  c.k.m.c.f.FileProcess - [push,200] - 【当前请求的参数为】：{"description":"lab4train","experimentId":"187107751310597","experimentName":"lab4-20241110193611","projectId":"1698","repositoryId":"a68dac18203a47ed9f35512f4cee5bad","runName":"run-0","status":0,"type":2,"userToken":"oe9f7l5ax53saarwz0ss1wss"}
19:47:00.174 [scheduling-1] INFO  c.k.m.c.f.FileProcess - [push,208] - 【推送结果为】：{"code":200,"success":true,"data":null,"msg":"成功"}
19:47:00.178 [scheduling-1] INFO  c.k.m.c.f.FileProcess - [push,200] - 【当前请求的参数为】：{"description":"lab4train","experimentId":"187107751310597","experimentName":"lab4-20241110193611","projectId":"1698","repositoryId":"a68dac18203a47ed9f35512f4cee5bad","runName":"run-0","status":0,"type":3,"userToken":"oe9f7l5ax53saarwz0ss1wss"}
19:47:00.204 [scheduling-1] INFO  c.k.m.c.f.FileProcess - [push,208] - 【推送结果为】：{"code":200,"success":true,"data":null,"msg":"成功"}
19:48:00.080 [scheduling-1] INFO  c.k.m.c.f.FileProcess - [push,200] - 【当前请求的参数为】：{"description":"lab4train","experimentId":"187107751310597","experimentName":"lab4-20241110193611","projectId":"1698","repositoryId":"a68dac18203a47ed9f35512f4cee5bad","runName":"run-0","status":0,"type":2,"userToken":"oe9f7l5ax53saarwz0ss1wss"}
19:48:00.109 [scheduling-1] INFO  c.k.m.c.f.FileProcess - [push,208] - 【推送结果为】：{"code":200,"success":true,"data":null,"msg":"成功"}
19:48:00.116 [scheduling-1] INFO  c.k.m.c.f.FileProcess - [push,200] - 【当前请求的参数为】：{"description":"lab4train","experimentId":"187107751310597","experimentName":"lab4-20241110193611","projectId":"1698","repositoryId":"a68dac18203a47ed9f35512f4cee5bad","runName":"run-0","status":0,"type":3,"userToken":"oe9f7l5ax53saarwz0ss1wss"}
19:48:00.136 [scheduling-1] INFO  c.k.m.c.f.FileProcess - [push,208] - 【推送结果为】：{"code":200,"success":true,"data":null,"msg":"成功"}
19:49:00.020 [scheduling-1] INFO  c.k.m.c.f.FileProcess - [push,200] - 【当前请求的参数为】：{"description":"lab4train","experimentId":"187107751310597","experimentName":"lab4-20241110193611","projectId":"1698","repositoryId":"a68dac18203a47ed9f35512f4cee5bad","runName":"run-0","status":0,"type":2,"userToken":"oe9f7l5ax53saarwz0ss1wss"}
19:49:00.052 [scheduling-1] INFO  c.k.m.c.f.FileProcess - [push,208] - 【推送结果为】：{"code":200,"success":true,"data":null,"msg":"成功"}
19:49:00.056 [scheduling-1] INFO  c.k.m.c.f.FileProcess - [push,200] - 【当前请求的参数为】：{"description":"lab4train","experimentId":"187107751310597","experimentName":"lab4-20241110193611","projectId":"1698","repositoryId":"a68dac18203a47ed9f35512f4cee5bad","runName":"run-0","status":0,"type":3,"userToken":"oe9f7l5ax53saarwz0ss1wss"}
19:49:00.079 [scheduling-1] INFO  c.k.m.c.f.FileProcess - [push,208] - 【推送结果为】：{"code":200,"success":true,"data":null,"msg":"成功"}
19:50:00.087 [scheduling-1] INFO  c.k.m.c.f.FileProcess - [push,200] - 【当前请求的参数为】：{"description":"lab4train","experimentId":"187107751310597","experimentName":"lab4-20241110193611","projectId":"1698","repositoryId":"a68dac18203a47ed9f35512f4cee5bad","runName":"run-0","status":0,"type":2,"userToken":"oe9f7l5ax53saarwz0ss1wss"}
19:50:00.134 [scheduling-1] INFO  c.k.m.c.f.FileProcess - [push,208] - 【推送结果为】：{"code":200,"success":true,"data":null,"msg":"成功"}
19:50:00.140 [scheduling-1] INFO  c.k.m.c.f.FileProcess - [push,200] - 【当前请求的参数为】：{"description":"lab4train","experimentId":"187107751310597","experimentName":"lab4-20241110193611","projectId":"1698","repositoryId":"a68dac18203a47ed9f35512f4cee5bad","runName":"run-0","status":0,"type":3,"userToken":"oe9f7l5ax53saarwz0ss1wss"}
19:50:00.166 [scheduling-1] INFO  c.k.m.c.f.FileProcess - [push,208] - 【推送结果为】：{"code":200,"success":true,"data":null,"msg":"成功"}
19:51:00.021 [scheduling-1] INFO  c.k.m.c.f.FileProcess - [push,200] - 【当前请求的参数为】：{"description":"lab4train","experimentId":"187107751310597","experimentName":"lab4-20241110193611","projectId":"1698","repositoryId":"a68dac18203a47ed9f35512f4cee5bad","runName":"run-0","status":0,"type":2,"userToken":"oe9f7l5ax53saarwz0ss1wss"}
19:51:00.050 [scheduling-1] INFO  c.k.m.c.f.FileProcess - [push,208] - 【推送结果为】：{"code":200,"success":true,"data":null,"msg":"成功"}
19:51:00.054 [scheduling-1] INFO  c.k.m.c.f.FileProcess - [push,200] - 【当前请求的参数为】：{"description":"lab4train","experimentId":"187107751310597","experimentName":"lab4-20241110193611","projectId":"1698","repositoryId":"a68dac18203a47ed9f35512f4cee5bad","runName":"run-0","status":0,"type":3,"userToken":"oe9f7l5ax53saarwz0ss1wss"}
19:51:00.078 [scheduling-1] INFO  c.k.m.c.f.FileProcess - [push,208] - 【推送结果为】：{"code":200,"success":true,"data":null,"msg":"成功"}
19:52:00.014 [scheduling-1] INFO  c.k.m.c.f.FileProcess - [push,200] - 【当前请求的参数为】：{"description":"lab4train","experimentId":"187107751310597","experimentName":"lab4-20241110193611","projectId":"1698","repositoryId":"a68dac18203a47ed9f35512f4cee5bad","runName":"run-0","status":0,"type":2,"userToken":"oe9f7l5ax53saarwz0ss1wss"}
19:52:00.042 [scheduling-1] INFO  c.k.m.c.f.FileProcess - [push,208] - 【推送结果为】：{"code":200,"success":true,"data":null,"msg":"成功"}
19:52:00.046 [scheduling-1] INFO  c.k.m.c.f.FileProcess - [push,200] - 【当前请求的参数为】：{"description":"lab4train","experimentId":"187107751310597","experimentName":"lab4-20241110193611","projectId":"1698","repositoryId":"a68dac18203a47ed9f35512f4cee5bad","runName":"run-0","status":0,"type":3,"userToken":"oe9f7l5ax53saarwz0ss1wss"}
19:52:00.066 [scheduling-1] INFO  c.k.m.c.f.FileProcess - [push,208] - 【推送结果为】：{"code":200,"success":true,"data":null,"msg":"成功"}
19:53:00.075 [scheduling-1] INFO  c.k.m.c.f.FileProcess - [push,200] - 【当前请求的参数为】：{"description":"lab4train","experimentId":"187107751310597","experimentName":"lab4-20241110193611","projectId":"1698","repositoryId":"a68dac18203a47ed9f35512f4cee5bad","runName":"run-0","status":0,"type":2,"userToken":"oe9f7l5ax53saarwz0ss1wss"}
19:53:00.116 [scheduling-1] INFO  c.k.m.c.f.FileProcess - [push,208] - 【推送结果为】：{"code":200,"success":true,"data":null,"msg":"成功"}
19:53:00.120 [scheduling-1] INFO  c.k.m.c.f.FileProcess - [push,200] - 【当前请求的参数为】：{"description":"lab4train","experimentId":"187107751310597","experimentName":"lab4-20241110193611","projectId":"1698","repositoryId":"a68dac18203a47ed9f35512f4cee5bad","runName":"run-0","status":0,"type":3,"userToken":"oe9f7l5ax53saarwz0ss1wss"}
19:53:00.142 [scheduling-1] INFO  c.k.m.c.f.FileProcess - [push,208] - 【推送结果为】：{"code":200,"success":true,"data":null,"msg":"成功"}
19:54:00.018 [scheduling-1] INFO  c.k.m.c.f.FileProcess - [push,200] - 【当前请求的参数为】：{"description":"lab4train","experimentId":"187107751310597","experimentName":"lab4-20241110193611","projectId":"1698","repositoryId":"a68dac18203a47ed9f35512f4cee5bad","runName":"run-0","status":0,"type":2,"userToken":"oe9f7l5ax53saarwz0ss1wss"}
19:54:00.049 [scheduling-1] INFO  c.k.m.c.f.FileProcess - [push,208] - 【推送结果为】：{"code":200,"success":true,"data":null,"msg":"成功"}
19:54:00.056 [scheduling-1] INFO  c.k.m.c.f.FileProcess - [push,200] - 【当前请求的参数为】：{"description":"lab4train","experimentId":"187107751310597","experimentName":"lab4-20241110193611","projectId":"1698","repositoryId":"a68dac18203a47ed9f35512f4cee5bad","runName":"run-0","status":0,"type":3,"userToken":"oe9f7l5ax53saarwz0ss1wss"}
19:54:00.079 [scheduling-1] INFO  c.k.m.c.f.FileProcess - [push,208] - 【推送结果为】：{"code":200,"success":true,"data":null,"msg":"成功"}
19:55:00.013 [scheduling-1] INFO  c.k.m.c.f.FileProcess - [push,200] - 【当前请求的参数为】：{"description":"lab4train","experimentId":"187107751310597","experimentName":"lab4-20241110193611","projectId":"1698","repositoryId":"a68dac18203a47ed9f35512f4cee5bad","runName":"run-0","status":0,"type":2,"userToken":"oe9f7l5ax53saarwz0ss1wss"}
19:55:00.046 [scheduling-1] INFO  c.k.m.c.f.FileProcess - [push,208] - 【推送结果为】：{"code":200,"success":true,"data":null,"msg":"成功"}
19:55:00.052 [scheduling-1] INFO  c.k.m.c.f.FileProcess - [push,200] - 【当前请求的参数为】：{"description":"lab4train","experimentId":"187107751310597","experimentName":"lab4-20241110193611","projectId":"1698","repositoryId":"a68dac18203a47ed9f35512f4cee5bad","runName":"run-0","status":0,"type":3,"userToken":"oe9f7l5ax53saarwz0ss1wss"}
19:55:00.076 [scheduling-1] INFO  c.k.m.c.f.FileProcess - [push,208] - 【推送结果为】：{"code":200,"success":true,"data":null,"msg":"成功"}
19:56:00.017 [scheduling-1] INFO  c.k.m.c.f.FileProcess - [push,200] - 【当前请求的参数为】：{"description":"lab4train","experimentId":"187107751310597","experimentName":"lab4-20241110193611","projectId":"1698","repositoryId":"a68dac18203a47ed9f35512f4cee5bad","runName":"run-0","status":0,"type":2,"userToken":"oe9f7l5ax53saarwz0ss1wss"}
19:56:00.046 [scheduling-1] INFO  c.k.m.c.f.FileProcess - [push,208] - 【推送结果为】：{"code":200,"success":true,"data":null,"msg":"成功"}
19:56:00.050 [scheduling-1] INFO  c.k.m.c.f.FileProcess - [push,200] - 【当前请求的参数为】：{"description":"lab4train","experimentId":"187107751310597","experimentName":"lab4-20241110193611","projectId":"1698","repositoryId":"a68dac18203a47ed9f35512f4cee5bad","runName":"run-0","status":0,"type":3,"userToken":"oe9f7l5ax53saarwz0ss1wss"}
19:56:00.070 [scheduling-1] INFO  c.k.m.c.f.FileProcess - [push,208] - 【推送结果为】：{"code":200,"success":true,"data":null,"msg":"成功"}
19:57:00.020 [scheduling-1] INFO  c.k.m.c.f.FileProcess - [push,200] - 【当前请求的参数为】：{"description":"lab4train","experimentId":"187107751310597","experimentName":"lab4-20241110193611","projectId":"1698","repositoryId":"a68dac18203a47ed9f35512f4cee5bad","runName":"run-0","status":0,"type":2,"userToken":"oe9f7l5ax53saarwz0ss1wss"}
19:57:00.049 [scheduling-1] INFO  c.k.m.c.f.FileProcess - [push,208] - 【推送结果为】：{"code":200,"success":true,"data":null,"msg":"成功"}
19:57:00.053 [scheduling-1] INFO  c.k.m.c.f.FileProcess - [push,200] - 【当前请求的参数为】：{"description":"lab4train","experimentId":"187107751310597","experimentName":"lab4-20241110193611","projectId":"1698","repositoryId":"a68dac18203a47ed9f35512f4cee5bad","runName":"run-0","status":0,"type":3,"userToken":"oe9f7l5ax53saarwz0ss1wss"}
19:57:00.071 [scheduling-1] INFO  c.k.m.c.f.FileProcess - [push,208] - 【推送结果为】：{"code":200,"success":true,"data":null,"msg":"成功"}
19:58:00.080 [scheduling-1] INFO  c.k.m.c.f.FileProcess - [push,200] - 【当前请求的参数为】：{"description":"lab4train","experimentId":"187107751310597","experimentName":"lab4-20241110193611","projectId":"1698","repositoryId":"a68dac18203a47ed9f35512f4cee5bad","runName":"run-0","status":0,"type":2,"userToken":"oe9f7l5ax53saarwz0ss1wss"}
19:58:00.107 [scheduling-1] INFO  c.k.m.c.f.FileProcess - [push,208] - 【推送结果为】：{"code":200,"success":true,"data":null,"msg":"成功"}
19:58:00.114 [scheduling-1] INFO  c.k.m.c.f.FileProcess - [push,200] - 【当前请求的参数为】：{"description":"lab4train","experimentId":"187107751310597","experimentName":"lab4-20241110193611","projectId":"1698","repositoryId":"a68dac18203a47ed9f35512f4cee5bad","runName":"run-0","status":0,"type":3,"userToken":"oe9f7l5ax53saarwz0ss1wss"}
19:58:00.133 [scheduling-1] INFO  c.k.m.c.f.FileProcess - [push,208] - 【推送结果为】：{"code":200,"success":true,"data":null,"msg":"成功"}
19:59:00.024 [scheduling-1] INFO  c.k.m.c.f.FileProcess - [push,200] - 【当前请求的参数为】：{"description":"lab4train","experimentId":"187107751310597","experimentName":"lab4-20241110193611","projectId":"1698","repositoryId":"a68dac18203a47ed9f35512f4cee5bad","runName":"run-0","status":0,"type":2,"userToken":"oe9f7l5ax53saarwz0ss1wss"}
19:59:00.054 [scheduling-1] INFO  c.k.m.c.f.FileProcess - [push,208] - 【推送结果为】：{"code":200,"success":true,"data":null,"msg":"成功"}
19:59:00.060 [scheduling-1] INFO  c.k.m.c.f.FileProcess - [push,200] - 【当前请求的参数为】：{"description":"lab4train","experimentId":"187107751310597","experimentName":"lab4-20241110193611","projectId":"1698","repositoryId":"a68dac18203a47ed9f35512f4cee5bad","runName":"run-0","status":0,"type":3,"userToken":"oe9f7l5ax53saarwz0ss1wss"}
19:59:00.080 [scheduling-1] INFO  c.k.m.c.f.FileProcess - [push,208] - 【推送结果为】：{"code":200,"success":true,"data":null,"msg":"成功"}
20:00:00.093 [scheduling-1] INFO  c.k.m.c.f.FileProcess - [push,200] - 【当前请求的参数为】：{"description":"lab4train","experimentId":"187107751310597","experimentName":"lab4-20241110193611","projectId":"1698","repositoryId":"a68dac18203a47ed9f35512f4cee5bad","runName":"run-0","status":0,"type":2,"userToken":"oe9f7l5ax53saarwz0ss1wss"}
20:00:00.123 [scheduling-1] INFO  c.k.m.c.f.FileProcess - [push,208] - 【推送结果为】：{"code":200,"success":true,"data":null,"msg":"成功"}
20:00:00.129 [scheduling-1] INFO  c.k.m.c.f.FileProcess - [push,200] - 【当前请求的参数为】：{"description":"lab4train","experimentId":"187107751310597","experimentName":"lab4-20241110193611","projectId":"1698","repositoryId":"a68dac18203a47ed9f35512f4cee5bad","runName":"run-0","status":0,"type":3,"userToken":"oe9f7l5ax53saarwz0ss1wss"}
20:00:00.152 [scheduling-1] INFO  c.k.m.c.f.FileProcess - [push,208] - 【推送结果为】：{"code":200,"success":true,"data":null,"msg":"成功"}
20:01:00.079 [scheduling-1] INFO  c.k.m.c.f.FileProcess - [push,200] - 【当前请求的参数为】：{"description":"lab4train","experimentId":"187107751310597","experimentName":"lab4-20241110193611","projectId":"1698","repositoryId":"a68dac18203a47ed9f35512f4cee5bad","runName":"run-0","status":0,"type":2,"userToken":"oe9f7l5ax53saarwz0ss1wss"}
20:01:00.119 [scheduling-1] INFO  c.k.m.c.f.FileProcess - [push,208] - 【推送结果为】：{"code":200,"success":true,"data":null,"msg":"成功"}
20:01:00.124 [scheduling-1] INFO  c.k.m.c.f.FileProcess - [push,200] - 【当前请求的参数为】：{"description":"lab4train","experimentId":"187107751310597","experimentName":"lab4-20241110193611","projectId":"1698","repositoryId":"a68dac18203a47ed9f35512f4cee5bad","runName":"run-0","status":0,"type":3,"userToken":"oe9f7l5ax53saarwz0ss1wss"}
20:01:00.149 [scheduling-1] INFO  c.k.m.c.f.FileProcess - [push,208] - 【推送结果为】：{"code":200,"success":true,"data":null,"msg":"成功"}
20:02:00.023 [scheduling-1] INFO  c.k.m.c.f.FileProcess - [push,200] - 【当前请求的参数为】：{"description":"lab4train","experimentId":"187107751310597","experimentName":"lab4-20241110193611","projectId":"1698","repositoryId":"a68dac18203a47ed9f35512f4cee5bad","runName":"run-0","status":0,"type":2,"userToken":"oe9f7l5ax53saarwz0ss1wss"}
20:02:00.056 [scheduling-1] INFO  c.k.m.c.f.FileProcess - [push,208] - 【推送结果为】：{"code":200,"success":true,"data":null,"msg":"成功"}
20:02:00.060 [scheduling-1] INFO  c.k.m.c.f.FileProcess - [push,200] - 【当前请求的参数为】：{"description":"lab4train","experimentId":"187107751310597","experimentName":"lab4-20241110193611","projectId":"1698","repositoryId":"a68dac18203a47ed9f35512f4cee5bad","runName":"run-0","status":0,"type":3,"userToken":"oe9f7l5ax53saarwz0ss1wss"}
20:02:00.083 [scheduling-1] INFO  c.k.m.c.f.FileProcess - [push,208] - 【推送结果为】：{"code":200,"success":true,"data":null,"msg":"成功"}
20:03:00.086 [scheduling-1] INFO  c.k.m.c.f.FileProcess - [push,200] - 【当前请求的参数为】：{"description":"lab4train","experimentId":"187107751310597","experimentName":"lab4-20241110193611","projectId":"1698","repositoryId":"a68dac18203a47ed9f35512f4cee5bad","runName":"run-0","status":0,"type":2,"userToken":"oe9f7l5ax53saarwz0ss1wss"}
20:03:00.116 [scheduling-1] INFO  c.k.m.c.f.FileProcess - [push,208] - 【推送结果为】：{"code":200,"success":true,"data":null,"msg":"成功"}
20:03:00.121 [scheduling-1] INFO  c.k.m.c.f.FileProcess - [push,200] - 【当前请求的参数为】：{"description":"lab4train","experimentId":"187107751310597","experimentName":"lab4-20241110193611","projectId":"1698","repositoryId":"a68dac18203a47ed9f35512f4cee5bad","runName":"run-0","status":0,"type":3,"userToken":"oe9f7l5ax53saarwz0ss1wss"}
20:03:00.146 [scheduling-1] INFO  c.k.m.c.f.FileProcess - [push,208] - 【推送结果为】：{"code":200,"success":true,"data":null,"msg":"成功"}
20:04:00.014 [scheduling-1] INFO  c.k.m.c.f.FileProcess - [push,200] - 【当前请求的参数为】：{"description":"lab4train","experimentId":"187107751310597","experimentName":"lab4-20241110193611","projectId":"1698","repositoryId":"a68dac18203a47ed9f35512f4cee5bad","runName":"run-0","status":0,"type":2,"userToken":"oe9f7l5ax53saarwz0ss1wss"}
20:04:00.042 [scheduling-1] INFO  c.k.m.c.f.FileProcess - [push,208] - 【推送结果为】：{"code":200,"success":true,"data":null,"msg":"成功"}
20:04:00.046 [scheduling-1] INFO  c.k.m.c.f.FileProcess - [push,200] - 【当前请求的参数为】：{"description":"lab4train","experimentId":"187107751310597","experimentName":"lab4-20241110193611","projectId":"1698","repositoryId":"a68dac18203a47ed9f35512f4cee5bad","runName":"run-0","status":0,"type":3,"userToken":"oe9f7l5ax53saarwz0ss1wss"}
20:04:00.069 [scheduling-1] INFO  c.k.m.c.f.FileProcess - [push,208] - 【推送结果为】：{"code":200,"success":true,"data":null,"msg":"成功"}
20:05:00.073 [scheduling-1] INFO  c.k.m.c.f.FileProcess - [push,200] - 【当前请求的参数为】：{"description":"lab4train","experimentId":"187107751310597","experimentName":"lab4-20241110193611","projectId":"1698","repositoryId":"a68dac18203a47ed9f35512f4cee5bad","runName":"run-0","status":0,"type":2,"userToken":"oe9f7l5ax53saarwz0ss1wss"}
20:05:00.106 [scheduling-1] INFO  c.k.m.c.f.FileProcess - [push,208] - 【推送结果为】：{"code":200,"success":true,"data":null,"msg":"成功"}
20:05:00.110 [scheduling-1] INFO  c.k.m.c.f.FileProcess - [push,200] - 【当前请求的参数为】：{"description":"lab4train","experimentId":"187107751310597","experimentName":"lab4-20241110193611","projectId":"1698","repositoryId":"a68dac18203a47ed9f35512f4cee5bad","runName":"run-0","status":0,"type":3,"userToken":"oe9f7l5ax53saarwz0ss1wss"}
20:05:00.135 [scheduling-1] INFO  c.k.m.c.f.FileProcess - [push,208] - 【推送结果为】：{"code":200,"success":true,"data":null,"msg":"成功"}
20:06:00.068 [scheduling-1] INFO  c.k.m.c.f.FileProcess - [push,200] - 【当前请求的参数为】：{"description":"lab4train","experimentId":"187107751310597","experimentName":"lab4-20241110193611","projectId":"1698","repositoryId":"a68dac18203a47ed9f35512f4cee5bad","runName":"run-0","status":0,"type":2,"userToken":"oe9f7l5ax53saarwz0ss1wss"}
20:06:00.099 [scheduling-1] INFO  c.k.m.c.f.FileProcess - [push,208] - 【推送结果为】：{"code":200,"success":true,"data":null,"msg":"成功"}
20:06:00.104 [scheduling-1] INFO  c.k.m.c.f.FileProcess - [push,200] - 【当前请求的参数为】：{"description":"lab4train","experimentId":"187107751310597","experimentName":"lab4-20241110193611","projectId":"1698","repositoryId":"a68dac18203a47ed9f35512f4cee5bad","runName":"run-0","status":0,"type":3,"userToken":"oe9f7l5ax53saarwz0ss1wss"}
20:06:00.126 [scheduling-1] INFO  c.k.m.c.f.FileProcess - [push,208] - 【推送结果为】：{"code":200,"success":true,"data":null,"msg":"成功"}
20:07:00.075 [scheduling-1] INFO  c.k.m.c.f.FileProcess - [push,200] - 【当前请求的参数为】：{"description":"lab4train","experimentId":"187107751310597","experimentName":"lab4-20241110193611","projectId":"1698","repositoryId":"a68dac18203a47ed9f35512f4cee5bad","runName":"run-0","status":0,"type":2,"userToken":"oe9f7l5ax53saarwz0ss1wss"}
20:07:00.106 [scheduling-1] INFO  c.k.m.c.f.FileProcess - [push,208] - 【推送结果为】：{"code":200,"success":true,"data":null,"msg":"成功"}
20:07:00.108 [scheduling-1] INFO  c.k.m.c.f.FileProcess - [push,200] - 【当前请求的参数为】：{"description":"lab4train","experimentId":"187107751310597","experimentName":"lab4-20241110193611","projectId":"1698","repositoryId":"a68dac18203a47ed9f35512f4cee5bad","runName":"run-0","status":0,"type":2,"userToken":"oe9f7l5ax53saarwz0ss1wss"}
20:07:00.130 [scheduling-1] INFO  c.k.m.c.f.FileProcess - [push,208] - 【推送结果为】：{"code":200,"success":true,"data":null,"msg":"成功"}
20:07:00.139 [scheduling-1] INFO  c.k.m.c.f.FileProcess - [push,200] - 【当前请求的参数为】：{"description":"lab4train","experimentId":"187107751310597","experimentName":"lab4-20241110193611","projectId":"1698","repositoryId":"a68dac18203a47ed9f35512f4cee5bad","runName":"run-0","status":0,"type":3,"userToken":"oe9f7l5ax53saarwz0ss1wss"}
20:07:00.160 [scheduling-1] INFO  c.k.m.c.f.FileProcess - [push,208] - 【推送结果为】：{"code":200,"success":true,"data":null,"msg":"成功"}
20:07:00.163 [scheduling-1] INFO  c.k.m.c.f.FileProcess - [push,200] - 【当前请求的参数为】：{"description":"lab4train","experimentId":"187107751310597","experimentName":"lab4-20241110193611","projectId":"1698","repositoryId":"a68dac18203a47ed9f35512f4cee5bad","runName":"run-0","status":0,"type":3,"userToken":"oe9f7l5ax53saarwz0ss1wss"}
20:07:00.184 [scheduling-1] INFO  c.k.m.c.f.FileProcess - [push,208] - 【推送结果为】：{"code":200,"success":true,"data":null,"msg":"成功"}
20:08:00.065 [scheduling-1] INFO  c.k.m.c.f.FileProcess - [push,200] - 【当前请求的参数为】：{"description":"lab4train","experimentId":"187107751310597","experimentName":"lab4-20241110193611","projectId":"1698","repositoryId":"a68dac18203a47ed9f35512f4cee5bad","runName":"run-0","status":0,"type":2,"userToken":"oe9f7l5ax53saarwz0ss1wss"}
20:08:00.093 [scheduling-1] INFO  c.k.m.c.f.FileProcess - [push,208] - 【推送结果为】：{"code":200,"success":true,"data":null,"msg":"成功"}
20:08:00.098 [scheduling-1] INFO  c.k.m.c.f.FileProcess - [push,200] - 【当前请求的参数为】：{"description":"lab4train","experimentId":"187107751310597","experimentName":"lab4-20241110193611","projectId":"1698","repositoryId":"a68dac18203a47ed9f35512f4cee5bad","runName":"run-0","status":0,"type":3,"userToken":"oe9f7l5ax53saarwz0ss1wss"}
20:08:00.116 [scheduling-1] INFO  c.k.m.c.f.FileProcess - [push,208] - 【推送结果为】：{"code":200,"success":true,"data":null,"msg":"成功"}
20:09:00.014 [scheduling-1] INFO  c.k.m.c.f.FileProcess - [push,200] - 【当前请求的参数为】：{"description":"lab4train","experimentId":"187107751310597","experimentName":"lab4-20241110193611","projectId":"1698","repositoryId":"a68dac18203a47ed9f35512f4cee5bad","runName":"run-0","status":0,"type":2,"userToken":"oe9f7l5ax53saarwz0ss1wss"}
20:09:00.060 [scheduling-1] INFO  c.k.m.c.f.FileProcess - [push,208] - 【推送结果为】：{"code":200,"success":true,"data":null,"msg":"成功"}
20:09:00.066 [scheduling-1] INFO  c.k.m.c.f.FileProcess - [push,200] - 【当前请求的参数为】：{"description":"lab4train","experimentId":"187107751310597","experimentName":"lab4-20241110193611","projectId":"1698","repositoryId":"a68dac18203a47ed9f35512f4cee5bad","runName":"run-0","status":0,"type":3,"userToken":"oe9f7l5ax53saarwz0ss1wss"}
20:09:00.087 [scheduling-1] INFO  c.k.m.c.f.FileProcess - [push,208] - 【推送结果为】：{"code":200,"success":true,"data":null,"msg":"成功"}
20:10:00.080 [scheduling-1] INFO  c.k.m.c.f.FileProcess - [push,200] - 【当前请求的参数为】：{"description":"lab4train","experimentId":"187107751310597","experimentName":"lab4-20241110193611","projectId":"1698","repositoryId":"a68dac18203a47ed9f35512f4cee5bad","runName":"run-0","status":0,"type":2,"userToken":"oe9f7l5ax53saarwz0ss1wss"}
20:10:00.111 [scheduling-1] INFO  c.k.m.c.f.FileProcess - [push,208] - 【推送结果为】：{"code":200,"success":true,"data":null,"msg":"成功"}
20:10:00.115 [scheduling-1] INFO  c.k.m.c.f.FileProcess - [push,200] - 【当前请求的参数为】：{"description":"lab4train","experimentId":"187107751310597","experimentName":"lab4-20241110193611","projectId":"1698","repositoryId":"a68dac18203a47ed9f35512f4cee5bad","runName":"run-0","status":0,"type":3,"userToken":"oe9f7l5ax53saarwz0ss1wss"}
20:10:00.136 [scheduling-1] INFO  c.k.m.c.f.FileProcess - [push,208] - 【推送结果为】：{"code":200,"success":true,"data":null,"msg":"成功"}
20:11:00.017 [scheduling-1] INFO  c.k.m.c.f.FileProcess - [push,200] - 【当前请求的参数为】：{"description":"lab4train","experimentId":"187107751310597","experimentName":"lab4-20241110193611","projectId":"1698","repositoryId":"a68dac18203a47ed9f35512f4cee5bad","runName":"run-0","status":0,"type":2,"userToken":"oe9f7l5ax53saarwz0ss1wss"}
20:11:00.045 [scheduling-1] INFO  c.k.m.c.f.FileProcess - [push,208] - 【推送结果为】：{"code":200,"success":true,"data":null,"msg":"成功"}
20:11:00.052 [scheduling-1] INFO  c.k.m.c.f.FileProcess - [push,200] - 【当前请求的参数为】：{"description":"lab4train","experimentId":"187107751310597","experimentName":"lab4-20241110193611","projectId":"1698","repositoryId":"a68dac18203a47ed9f35512f4cee5bad","runName":"run-0","status":0,"type":3,"userToken":"oe9f7l5ax53saarwz0ss1wss"}
20:11:00.072 [scheduling-1] INFO  c.k.m.c.f.FileProcess - [push,208] - 【推送结果为】：{"code":200,"success":true,"data":null,"msg":"成功"}
20:12:00.014 [scheduling-1] INFO  c.k.m.c.f.FileProcess - [push,200] - 【当前请求的参数为】：{"description":"lab4train","experimentId":"187107751310597","experimentName":"lab4-20241110193611","projectId":"1698","repositoryId":"a68dac18203a47ed9f35512f4cee5bad","runName":"run-0","status":0,"type":2,"userToken":"oe9f7l5ax53saarwz0ss1wss"}
20:12:00.054 [scheduling-1] INFO  c.k.m.c.f.FileProcess - [push,208] - 【推送结果为】：{"code":200,"success":true,"data":null,"msg":"成功"}
20:12:00.059 [scheduling-1] INFO  c.k.m.c.f.FileProcess - [push,200] - 【当前请求的参数为】：{"description":"lab4train","experimentId":"187107751310597","experimentName":"lab4-20241110193611","projectId":"1698","repositoryId":"a68dac18203a47ed9f35512f4cee5bad","runName":"run-0","status":0,"type":3,"userToken":"oe9f7l5ax53saarwz0ss1wss"}
20:12:00.083 [scheduling-1] INFO  c.k.m.c.f.FileProcess - [push,208] - 【推送结果为】：{"code":200,"success":true,"data":null,"msg":"成功"}
20:13:00.085 [scheduling-1] INFO  c.k.m.c.f.FileProcess - [push,200] - 【当前请求的参数为】：{"description":"lab4train","experimentId":"187107751310597","experimentName":"lab4-20241110193611","projectId":"1698","repositoryId":"a68dac18203a47ed9f35512f4cee5bad","runName":"run-0","status":0,"type":2,"userToken":"oe9f7l5ax53saarwz0ss1wss"}
20:13:00.117 [scheduling-1] INFO  c.k.m.c.f.FileProcess - [push,208] - 【推送结果为】：{"code":200,"success":true,"data":null,"msg":"成功"}
20:13:00.122 [scheduling-1] INFO  c.k.m.c.f.FileProcess - [push,200] - 【当前请求的参数为】：{"description":"lab4train","experimentId":"187107751310597","experimentName":"lab4-20241110193611","projectId":"1698","repositoryId":"a68dac18203a47ed9f35512f4cee5bad","runName":"run-0","status":0,"type":3,"userToken":"oe9f7l5ax53saarwz0ss1wss"}
20:13:00.155 [scheduling-1] INFO  c.k.m.c.f.FileProcess - [push,208] - 【推送结果为】：{"code":200,"success":true,"data":null,"msg":"成功"}
20:14:00.010 [scheduling-1] INFO  c.k.m.c.f.FileProcess - [push,200] - 【当前请求的参数为】：{"description":"lab4train","experimentId":"187107751310597","experimentName":"lab4-20241110193611","projectId":"1698","repositoryId":"a68dac18203a47ed9f35512f4cee5bad","runName":"run-0","status":0,"type":2,"userToken":"oe9f7l5ax53saarwz0ss1wss"}
20:14:00.039 [scheduling-1] INFO  c.k.m.c.f.FileProcess - [push,208] - 【推送结果为】：{"code":200,"success":true,"data":null,"msg":"成功"}
20:14:00.045 [scheduling-1] INFO  c.k.m.c.f.FileProcess - [push,200] - 【当前请求的参数为】：{"description":"lab4train","experimentId":"187107751310597","experimentName":"lab4-20241110193611","projectId":"1698","repositoryId":"a68dac18203a47ed9f35512f4cee5bad","runName":"run-0","status":0,"type":3,"userToken":"oe9f7l5ax53saarwz0ss1wss"}
20:14:00.067 [scheduling-1] INFO  c.k.m.c.f.FileProcess - [push,208] - 【推送结果为】：{"code":200,"success":true,"data":null,"msg":"成功"}
20:15:00.009 [scheduling-1] INFO  c.k.m.c.f.FileProcess - [push,200] - 【当前请求的参数为】：{"description":"lab4train","experimentId":"187107751310597","experimentName":"lab4-20241110193611","projectId":"1698","repositoryId":"a68dac18203a47ed9f35512f4cee5bad","runName":"run-0","status":0,"type":2,"userToken":"oe9f7l5ax53saarwz0ss1wss"}
20:15:00.039 [scheduling-1] INFO  c.k.m.c.f.FileProcess - [push,208] - 【推送结果为】：{"code":200,"success":true,"data":null,"msg":"成功"}
20:15:00.044 [scheduling-1] INFO  c.k.m.c.f.FileProcess - [push,200] - 【当前请求的参数为】：{"description":"lab4train","experimentId":"187107751310597","experimentName":"lab4-20241110193611","projectId":"1698","repositoryId":"a68dac18203a47ed9f35512f4cee5bad","runName":"run-0","status":0,"type":3,"userToken":"oe9f7l5ax53saarwz0ss1wss"}
20:15:00.066 [scheduling-1] INFO  c.k.m.c.f.FileProcess - [push,208] - 【推送结果为】：{"code":200,"success":true,"data":null,"msg":"成功"}
20:16:00.018 [scheduling-1] INFO  c.k.m.c.f.FileProcess - [push,200] - 【当前请求的参数为】：{"description":"lab4train","experimentId":"187107751310597","experimentName":"lab4-20241110193611","projectId":"1698","repositoryId":"a68dac18203a47ed9f35512f4cee5bad","runName":"run-0","status":0,"type":2,"userToken":"oe9f7l5ax53saarwz0ss1wss"}
20:16:00.049 [scheduling-1] INFO  c.k.m.c.f.FileProcess - [push,208] - 【推送结果为】：{"code":200,"success":true,"data":null,"msg":"成功"}
20:16:00.054 [scheduling-1] INFO  c.k.m.c.f.FileProcess - [push,200] - 【当前请求的参数为】：{"description":"lab4train","experimentId":"187107751310597","experimentName":"lab4-20241110193611","projectId":"1698","repositoryId":"a68dac18203a47ed9f35512f4cee5bad","runName":"run-0","status":0,"type":3,"userToken":"oe9f7l5ax53saarwz0ss1wss"}
20:16:00.076 [scheduling-1] INFO  c.k.m.c.f.FileProcess - [push,208] - 【推送结果为】：{"code":200,"success":true,"data":null,"msg":"成功"}
20:17:00.020 [scheduling-1] INFO  c.k.m.c.f.FileProcess - [push,200] - 【当前请求的参数为】：{"description":"lab4train","experimentId":"187107751310597","experimentName":"lab4-20241110193611","projectId":"1698","repositoryId":"a68dac18203a47ed9f35512f4cee5bad","runName":"run-0","status":0,"type":2,"userToken":"oe9f7l5ax53saarwz0ss1wss"}
20:17:00.052 [scheduling-1] INFO  c.k.m.c.f.FileProcess - [push,208] - 【推送结果为】：{"code":200,"success":true,"data":null,"msg":"成功"}
20:17:00.057 [scheduling-1] INFO  c.k.m.c.f.FileProcess - [push,200] - 【当前请求的参数为】：{"description":"lab4train","experimentId":"187107751310597","experimentName":"lab4-20241110193611","projectId":"1698","repositoryId":"a68dac18203a47ed9f35512f4cee5bad","runName":"run-0","status":0,"type":3,"userToken":"oe9f7l5ax53saarwz0ss1wss"}
20:17:00.084 [scheduling-1] INFO  c.k.m.c.f.FileProcess - [push,208] - 【推送结果为】：{"code":200,"success":true,"data":null,"msg":"成功"}
20:18:00.078 [scheduling-1] INFO  c.k.m.c.f.FileProcess - [push,200] - 【当前请求的参数为】：{"description":"lab4train","experimentId":"187107751310597","experimentName":"lab4-20241110193611","projectId":"1698","repositoryId":"a68dac18203a47ed9f35512f4cee5bad","runName":"run-0","status":0,"type":2,"userToken":"oe9f7l5ax53saarwz0ss1wss"}
20:18:00.113 [scheduling-1] INFO  c.k.m.c.f.FileProcess - [push,208] - 【推送结果为】：{"code":200,"success":true,"data":null,"msg":"成功"}
20:18:00.117 [scheduling-1] INFO  c.k.m.c.f.FileProcess - [push,200] - 【当前请求的参数为】：{"description":"lab4train","experimentId":"187107751310597","experimentName":"lab4-20241110193611","projectId":"1698","repositoryId":"a68dac18203a47ed9f35512f4cee5bad","runName":"run-0","status":0,"type":3,"userToken":"oe9f7l5ax53saarwz0ss1wss"}
20:18:00.139 [scheduling-1] INFO  c.k.m.c.f.FileProcess - [push,208] - 【推送结果为】：{"code":200,"success":true,"data":null,"msg":"成功"}
20:19:00.074 [scheduling-1] INFO  c.k.m.c.f.FileProcess - [push,200] - 【当前请求的参数为】：{"description":"lab4train","experimentId":"187107751310597","experimentName":"lab4-20241110193611","projectId":"1698","repositoryId":"a68dac18203a47ed9f35512f4cee5bad","runName":"run-0","status":0,"type":2,"userToken":"oe9f7l5ax53saarwz0ss1wss"}
20:19:00.109 [scheduling-1] INFO  c.k.m.c.f.FileProcess - [push,208] - 【推送结果为】：{"code":200,"success":true,"data":null,"msg":"成功"}
20:19:00.115 [scheduling-1] INFO  c.k.m.c.f.FileProcess - [push,200] - 【当前请求的参数为】：{"description":"lab4train","experimentId":"187107751310597","experimentName":"lab4-20241110193611","projectId":"1698","repositoryId":"a68dac18203a47ed9f35512f4cee5bad","runName":"run-0","status":0,"type":3,"userToken":"oe9f7l5ax53saarwz0ss1wss"}
20:19:00.143 [scheduling-1] INFO  c.k.m.c.f.FileProcess - [push,208] - 【推送结果为】：{"code":200,"success":true,"data":null,"msg":"成功"}
20:20:00.082 [scheduling-1] INFO  c.k.m.c.f.FileProcess - [push,200] - 【当前请求的参数为】：{"description":"lab4train","experimentId":"187107751310597","experimentName":"lab4-20241110193611","projectId":"1698","repositoryId":"a68dac18203a47ed9f35512f4cee5bad","runName":"run-0","status":0,"type":2,"userToken":"oe9f7l5ax53saarwz0ss1wss"}
20:20:00.113 [scheduling-1] INFO  c.k.m.c.f.FileProcess - [push,208] - 【推送结果为】：{"code":200,"success":true,"data":null,"msg":"成功"}
20:20:00.118 [scheduling-1] INFO  c.k.m.c.f.FileProcess - [push,200] - 【当前请求的参数为】：{"description":"lab4train","experimentId":"187107751310597","experimentName":"lab4-20241110193611","projectId":"1698","repositoryId":"a68dac18203a47ed9f35512f4cee5bad","runName":"run-0","status":0,"type":3,"userToken":"oe9f7l5ax53saarwz0ss1wss"}
20:20:00.141 [scheduling-1] INFO  c.k.m.c.f.FileProcess - [push,208] - 【推送结果为】：{"code":200,"success":true,"data":null,"msg":"成功"}
20:21:00.012 [scheduling-1] INFO  c.k.m.c.f.FileProcess - [push,200] - 【当前请求的参数为】：{"description":"lab4train","experimentId":"187107751310597","experimentName":"lab4-20241110193611","projectId":"1698","repositoryId":"a68dac18203a47ed9f35512f4cee5bad","runName":"run-0","status":0,"type":2,"userToken":"oe9f7l5ax53saarwz0ss1wss"}
20:21:00.044 [scheduling-1] INFO  c.k.m.c.f.FileProcess - [push,208] - 【推送结果为】：{"code":200,"success":true,"data":null,"msg":"成功"}
20:21:00.048 [scheduling-1] INFO  c.k.m.c.f.FileProcess - [push,200] - 【当前请求的参数为】：{"description":"lab4train","experimentId":"187107751310597","experimentName":"lab4-20241110193611","projectId":"1698","repositoryId":"a68dac18203a47ed9f35512f4cee5bad","runName":"run-0","status":0,"type":3,"userToken":"oe9f7l5ax53saarwz0ss1wss"}
20:21:00.071 [scheduling-1] INFO  c.k.m.c.f.FileProcess - [push,208] - 【推送结果为】：{"code":200,"success":true,"data":null,"msg":"成功"}
20:22:00.085 [scheduling-1] INFO  c.k.m.c.f.FileProcess - [push,200] - 【当前请求的参数为】：{"description":"lab4train","experimentId":"187107751310597","experimentName":"lab4-20241110193611","projectId":"1698","repositoryId":"a68dac18203a47ed9f35512f4cee5bad","runName":"run-0","status":0,"type":2,"userToken":"oe9f7l5ax53saarwz0ss1wss"}
20:22:00.118 [scheduling-1] INFO  c.k.m.c.f.FileProcess - [push,208] - 【推送结果为】：{"code":200,"success":true,"data":null,"msg":"成功"}
20:22:00.124 [scheduling-1] INFO  c.k.m.c.f.FileProcess - [push,200] - 【当前请求的参数为】：{"description":"lab4train","experimentId":"187107751310597","experimentName":"lab4-20241110193611","projectId":"1698","repositoryId":"a68dac18203a47ed9f35512f4cee5bad","runName":"run-0","status":0,"type":3,"userToken":"oe9f7l5ax53saarwz0ss1wss"}
20:22:00.148 [scheduling-1] INFO  c.k.m.c.f.FileProcess - [push,208] - 【推送结果为】：{"code":200,"success":true,"data":null,"msg":"成功"}
20:23:00.016 [scheduling-1] INFO  c.k.m.c.f.FileProcess - [push,200] - 【当前请求的参数为】：{"description":"lab4train","experimentId":"187107751310597","experimentName":"lab4-20241110193611","projectId":"1698","repositoryId":"a68dac18203a47ed9f35512f4cee5bad","runName":"run-0","status":0,"type":2,"userToken":"oe9f7l5ax53saarwz0ss1wss"}
20:23:00.048 [scheduling-1] INFO  c.k.m.c.f.FileProcess - [push,208] - 【推送结果为】：{"code":200,"success":true,"data":null,"msg":"成功"}
20:23:00.054 [scheduling-1] INFO  c.k.m.c.f.FileProcess - [push,200] - 【当前请求的参数为】：{"description":"lab4train","experimentId":"187107751310597","experimentName":"lab4-20241110193611","projectId":"1698","repositoryId":"a68dac18203a47ed9f35512f4cee5bad","runName":"run-0","status":0,"type":3,"userToken":"oe9f7l5ax53saarwz0ss1wss"}
20:23:00.083 [scheduling-1] INFO  c.k.m.c.f.FileProcess - [push,208] - 【推送结果为】：{"code":200,"success":true,"data":null,"msg":"成功"}
20:24:00.082 [scheduling-1] INFO  c.k.m.c.f.FileProcess - [push,200] - 【当前请求的参数为】：{"description":"lab4train","experimentId":"187107751310597","experimentName":"lab4-20241110193611","projectId":"1698","repositoryId":"a68dac18203a47ed9f35512f4cee5bad","runName":"run-0","status":0,"type":2,"userToken":"oe9f7l5ax53saarwz0ss1wss"}
20:24:00.113 [scheduling-1] INFO  c.k.m.c.f.FileProcess - [push,208] - 【推送结果为】：{"code":200,"success":true,"data":null,"msg":"成功"}
20:24:00.117 [scheduling-1] INFO  c.k.m.c.f.FileProcess - [push,200] - 【当前请求的参数为】：{"description":"lab4train","experimentId":"187107751310597","experimentName":"lab4-20241110193611","projectId":"1698","repositoryId":"a68dac18203a47ed9f35512f4cee5bad","runName":"run-0","status":0,"type":3,"userToken":"oe9f7l5ax53saarwz0ss1wss"}
20:24:00.142 [scheduling-1] INFO  c.k.m.c.f.FileProcess - [push,208] - 【推送结果为】：{"code":200,"success":true,"data":null,"msg":"成功"}
20:25:00.024 [scheduling-1] INFO  c.k.m.c.f.FileProcess - [push,200] - 【当前请求的参数为】：{"description":"lab4train","experimentId":"187107751310597","experimentName":"lab4-20241110193611","projectId":"1698","repositoryId":"a68dac18203a47ed9f35512f4cee5bad","runName":"run-0","status":0,"type":2,"userToken":"oe9f7l5ax53saarwz0ss1wss"}
20:25:00.054 [scheduling-1] INFO  c.k.m.c.f.FileProcess - [push,208] - 【推送结果为】：{"code":200,"success":true,"data":null,"msg":"成功"}
20:25:00.060 [scheduling-1] INFO  c.k.m.c.f.FileProcess - [push,200] - 【当前请求的参数为】：{"description":"lab4train","experimentId":"187107751310597","experimentName":"lab4-20241110193611","projectId":"1698","repositoryId":"a68dac18203a47ed9f35512f4cee5bad","runName":"run-0","status":0,"type":3,"userToken":"oe9f7l5ax53saarwz0ss1wss"}
20:25:00.083 [scheduling-1] INFO  c.k.m.c.f.FileProcess - [push,208] - 【推送结果为】：{"code":200,"success":true,"data":null,"msg":"成功"}
20:26:00.072 [scheduling-1] INFO  c.k.m.c.f.FileProcess - [push,200] - 【当前请求的参数为】：{"description":"lab4train","experimentId":"187107751310597","experimentName":"lab4-20241110193611","projectId":"1698","repositoryId":"a68dac18203a47ed9f35512f4cee5bad","runName":"run-0","status":0,"type":2,"userToken":"oe9f7l5ax53saarwz0ss1wss"}
20:26:00.099 [scheduling-1] INFO  c.k.m.c.f.FileProcess - [push,208] - 【推送结果为】：Error request, response status: 500
20:26:00.140 [scheduling-1] INFO  c.k.m.c.f.FileProcess - [push,214] - 推送失败:
com.alibaba.fastjson.JSONException: error, offset 7, char r
	at com.alibaba.fastjson.JSON.parseObject(JSON.java:510)
	at com.kingoint.ml.client.file.FileProcess.push(FileProcess.java:209)
	at com.kingoint.ml.client.file.FileProcess.pushSystemMonitor(FileProcess.java:341)
	at com.kingoint.ml.client.file.FileProcess.serverPerformanceIndicator(FileProcess.java:302)
	at com.kingoint.ml.client.schedule.ScheduleTask.serverPerformanceIndicator(ScheduleTask.java:75)
	at sun.reflect.GeneratedMethodAccessor56.invoke(Unknown Source)
	at sun.reflect.DelegatingMethodAccessorImpl.invoke(DelegatingMethodAccessorImpl.java:43)
	at java.lang.reflect.Method.invoke(Method.java:498)
	at org.springframework.scheduling.support.ScheduledMethodRunnable.run(ScheduledMethodRunnable.java:84)
	at org.springframework.scheduling.support.DelegatingErrorHandlingRunnable.run(DelegatingErrorHandlingRunnable.java:54)
	at org.springframework.scheduling.concurrent.ReschedulingRunnable.run(ReschedulingRunnable.java:93)
	at java.util.concurrent.Executors$RunnableAdapter.call(Executors.java:511)
	at java.util.concurrent.FutureTask.run(FutureTask.java:266)
	at java.util.concurrent.ScheduledThreadPoolExecutor$ScheduledFutureTask.access$201(ScheduledThreadPoolExecutor.java:180)
	at java.util.concurrent.ScheduledThreadPoolExecutor$ScheduledFutureTask.run(ScheduledThreadPoolExecutor.java:293)
	at java.util.concurrent.ThreadPoolExecutor.runWorker(ThreadPoolExecutor.java:1149)
	at java.util.concurrent.ThreadPoolExecutor$Worker.run(ThreadPoolExecutor.java:624)
	at java.lang.Thread.run(Thread.java:748)
Caused by: com.alibaba.fastjson2.JSONException: error, offset 7, char r
	at com.alibaba.fastjson2.JSONReaderUTF16.skipValue(JSONReaderUTF16.java:3875)
	at com.alibaba.fastjson2.reader.ObjectReaderBean.processExtra(ObjectReaderBean.java:93)
	at com.alibaba.fastjson2.reader.ObjectReader_1.readObject(Unknown Source)
	at com.alibaba.fastjson.JSON.parseObject(JSON.java:500)
	... 17 common frames omitted
20:26:00.142 [scheduling-1] ERROR o.s.s.s.TaskUtils$LoggingErrorHandler - [handleError,95] - Unexpected error occurred in scheduled task
com.kingoint.ml.client.exception.BaseException: null
	at com.kingoint.ml.client.file.FileProcess.push(FileProcess.java:215)
	at com.kingoint.ml.client.file.FileProcess.pushSystemMonitor(FileProcess.java:341)
	at com.kingoint.ml.client.file.FileProcess.serverPerformanceIndicator(FileProcess.java:302)
	at com.kingoint.ml.client.schedule.ScheduleTask.serverPerformanceIndicator(ScheduleTask.java:75)
	at sun.reflect.GeneratedMethodAccessor56.invoke(Unknown Source)
	at sun.reflect.DelegatingMethodAccessorImpl.invoke(DelegatingMethodAccessorImpl.java:43)
	at java.lang.reflect.Method.invoke(Method.java:498)
	at org.springframework.scheduling.support.ScheduledMethodRunnable.run(ScheduledMethodRunnable.java:84)
	at org.springframework.scheduling.support.DelegatingErrorHandlingRunnable.run(DelegatingErrorHandlingRunnable.java:54)
	at org.springframework.scheduling.concurrent.ReschedulingRunnable.run(ReschedulingRunnable.java:93)
	at java.util.concurrent.Executors$RunnableAdapter.call(Executors.java:511)
	at java.util.concurrent.FutureTask.run(FutureTask.java:266)
	at java.util.concurrent.ScheduledThreadPoolExecutor$ScheduledFutureTask.access$201(ScheduledThreadPoolExecutor.java:180)
	at java.util.concurrent.ScheduledThreadPoolExecutor$ScheduledFutureTask.run(ScheduledThreadPoolExecutor.java:293)
	at java.util.concurrent.ThreadPoolExecutor.runWorker(ThreadPoolExecutor.java:1149)
	at java.util.concurrent.ThreadPoolExecutor$Worker.run(ThreadPoolExecutor.java:624)
	at java.lang.Thread.run(Thread.java:748)
20:27:00.020 [scheduling-1] INFO  c.k.m.c.f.FileProcess - [push,200] - 【当前请求的参数为】：{"description":"lab4train","experimentId":"187107751310597","experimentName":"lab4-20241110193611","projectId":"1698","repositoryId":"a68dac18203a47ed9f35512f4cee5bad","runName":"run-0","status":0,"type":2,"userToken":"oe9f7l5ax53saarwz0ss1wss"}
20:27:00.043 [scheduling-1] INFO  c.k.m.c.f.FileProcess - [push,208] - 【推送结果为】：Error request, response status: 500
20:27:00.043 [scheduling-1] INFO  c.k.m.c.f.FileProcess - [push,214] - 推送失败:
com.alibaba.fastjson.JSONException: error, offset 7, char r
	at com.alibaba.fastjson.JSON.parseObject(JSON.java:510)
	at com.kingoint.ml.client.file.FileProcess.push(FileProcess.java:209)
	at com.kingoint.ml.client.file.FileProcess.pushSystemMonitor(FileProcess.java:341)
	at com.kingoint.ml.client.file.FileProcess.serverPerformanceIndicator(FileProcess.java:302)
	at com.kingoint.ml.client.schedule.ScheduleTask.serverPerformanceIndicator(ScheduleTask.java:75)
	at sun.reflect.GeneratedMethodAccessor56.invoke(Unknown Source)
	at sun.reflect.DelegatingMethodAccessorImpl.invoke(DelegatingMethodAccessorImpl.java:43)
	at java.lang.reflect.Method.invoke(Method.java:498)
	at org.springframework.scheduling.support.ScheduledMethodRunnable.run(ScheduledMethodRunnable.java:84)
	at org.springframework.scheduling.support.DelegatingErrorHandlingRunnable.run(DelegatingErrorHandlingRunnable.java:54)
	at org.springframework.scheduling.concurrent.ReschedulingRunnable.run(ReschedulingRunnable.java:93)
	at java.util.concurrent.Executors$RunnableAdapter.call(Executors.java:511)
	at java.util.concurrent.FutureTask.run(FutureTask.java:266)
	at java.util.concurrent.ScheduledThreadPoolExecutor$ScheduledFutureTask.access$201(ScheduledThreadPoolExecutor.java:180)
	at java.util.concurrent.ScheduledThreadPoolExecutor$ScheduledFutureTask.run(ScheduledThreadPoolExecutor.java:293)
	at java.util.concurrent.ThreadPoolExecutor.runWorker(ThreadPoolExecutor.java:1149)
	at java.util.concurrent.ThreadPoolExecutor$Worker.run(ThreadPoolExecutor.java:624)
	at java.lang.Thread.run(Thread.java:748)
Caused by: com.alibaba.fastjson2.JSONException: error, offset 7, char r
	at com.alibaba.fastjson2.JSONReaderUTF16.skipValue(JSONReaderUTF16.java:3875)
	at com.alibaba.fastjson2.reader.ObjectReaderBean.processExtra(ObjectReaderBean.java:93)
	at com.alibaba.fastjson2.reader.ObjectReader_1.readObject(Unknown Source)
	at com.alibaba.fastjson.JSON.parseObject(JSON.java:500)
	... 17 common frames omitted
20:27:00.045 [scheduling-1] ERROR o.s.s.s.TaskUtils$LoggingErrorHandler - [handleError,95] - Unexpected error occurred in scheduled task
com.kingoint.ml.client.exception.BaseException: null
	at com.kingoint.ml.client.file.FileProcess.push(FileProcess.java:215)
	at com.kingoint.ml.client.file.FileProcess.pushSystemMonitor(FileProcess.java:341)
	at com.kingoint.ml.client.file.FileProcess.serverPerformanceIndicator(FileProcess.java:302)
	at com.kingoint.ml.client.schedule.ScheduleTask.serverPerformanceIndicator(ScheduleTask.java:75)
	at sun.reflect.GeneratedMethodAccessor56.invoke(Unknown Source)
	at sun.reflect.DelegatingMethodAccessorImpl.invoke(DelegatingMethodAccessorImpl.java:43)
	at java.lang.reflect.Method.invoke(Method.java:498)
	at org.springframework.scheduling.support.ScheduledMethodRunnable.run(ScheduledMethodRunnable.java:84)
	at org.springframework.scheduling.support.DelegatingErrorHandlingRunnable.run(DelegatingErrorHandlingRunnable.java:54)
	at org.springframework.scheduling.concurrent.ReschedulingRunnable.run(ReschedulingRunnable.java:93)
	at java.util.concurrent.Executors$RunnableAdapter.call(Executors.java:511)
	at java.util.concurrent.FutureTask.run(FutureTask.java:266)
	at java.util.concurrent.ScheduledThreadPoolExecutor$ScheduledFutureTask.access$201(ScheduledThreadPoolExecutor.java:180)
	at java.util.concurrent.ScheduledThreadPoolExecutor$ScheduledFutureTask.run(ScheduledThreadPoolExecutor.java:293)
	at java.util.concurrent.ThreadPoolExecutor.runWorker(ThreadPoolExecutor.java:1149)
	at java.util.concurrent.ThreadPoolExecutor$Worker.run(ThreadPoolExecutor.java:624)
	at java.lang.Thread.run(Thread.java:748)
20:28:00.078 [scheduling-1] INFO  c.k.m.c.f.FileProcess - [push,200] - 【当前请求的参数为】：{"description":"lab4train","experimentId":"187107751310597","experimentName":"lab4-20241110193611","projectId":"1698","repositoryId":"a68dac18203a47ed9f35512f4cee5bad","runName":"run-0","status":0,"type":2,"userToken":"oe9f7l5ax53saarwz0ss1wss"}
20:28:00.097 [scheduling-1] INFO  c.k.m.c.f.FileProcess - [push,208] - 【推送结果为】：Error request, response status: 500
20:28:00.099 [scheduling-1] INFO  c.k.m.c.f.FileProcess - [push,214] - 推送失败:
com.alibaba.fastjson.JSONException: error, offset 7, char r
	at com.alibaba.fastjson.JSON.parseObject(JSON.java:510)
	at com.kingoint.ml.client.file.FileProcess.push(FileProcess.java:209)
	at com.kingoint.ml.client.file.FileProcess.pushSystemMonitor(FileProcess.java:341)
	at com.kingoint.ml.client.file.FileProcess.serverPerformanceIndicator(FileProcess.java:302)
	at com.kingoint.ml.client.schedule.ScheduleTask.serverPerformanceIndicator(ScheduleTask.java:75)
	at sun.reflect.GeneratedMethodAccessor56.invoke(Unknown Source)
	at sun.reflect.DelegatingMethodAccessorImpl.invoke(DelegatingMethodAccessorImpl.java:43)
	at java.lang.reflect.Method.invoke(Method.java:498)
	at org.springframework.scheduling.support.ScheduledMethodRunnable.run(ScheduledMethodRunnable.java:84)
	at org.springframework.scheduling.support.DelegatingErrorHandlingRunnable.run(DelegatingErrorHandlingRunnable.java:54)
	at org.springframework.scheduling.concurrent.ReschedulingRunnable.run(ReschedulingRunnable.java:93)
	at java.util.concurrent.Executors$RunnableAdapter.call(Executors.java:511)
	at java.util.concurrent.FutureTask.run(FutureTask.java:266)
	at java.util.concurrent.ScheduledThreadPoolExecutor$ScheduledFutureTask.access$201(ScheduledThreadPoolExecutor.java:180)
	at java.util.concurrent.ScheduledThreadPoolExecutor$ScheduledFutureTask.run(ScheduledThreadPoolExecutor.java:293)
	at java.util.concurrent.ThreadPoolExecutor.runWorker(ThreadPoolExecutor.java:1149)
	at java.util.concurrent.ThreadPoolExecutor$Worker.run(ThreadPoolExecutor.java:624)
	at java.lang.Thread.run(Thread.java:748)
Caused by: com.alibaba.fastjson2.JSONException: error, offset 7, char r
	at com.alibaba.fastjson2.JSONReaderUTF16.skipValue(JSONReaderUTF16.java:3875)
	at com.alibaba.fastjson2.reader.ObjectReaderBean.processExtra(ObjectReaderBean.java:93)
	at com.alibaba.fastjson2.reader.ObjectReader_1.readObject(Unknown Source)
	at com.alibaba.fastjson.JSON.parseObject(JSON.java:500)
	... 17 common frames omitted
20:28:00.100 [scheduling-1] ERROR o.s.s.s.TaskUtils$LoggingErrorHandler - [handleError,95] - Unexpected error occurred in scheduled task
com.kingoint.ml.client.exception.BaseException: null
	at com.kingoint.ml.client.file.FileProcess.push(FileProcess.java:215)
	at com.kingoint.ml.client.file.FileProcess.pushSystemMonitor(FileProcess.java:341)
	at com.kingoint.ml.client.file.FileProcess.serverPerformanceIndicator(FileProcess.java:302)
	at com.kingoint.ml.client.schedule.ScheduleTask.serverPerformanceIndicator(ScheduleTask.java:75)
	at sun.reflect.GeneratedMethodAccessor56.invoke(Unknown Source)
	at sun.reflect.DelegatingMethodAccessorImpl.invoke(DelegatingMethodAccessorImpl.java:43)
	at java.lang.reflect.Method.invoke(Method.java:498)
	at org.springframework.scheduling.support.ScheduledMethodRunnable.run(ScheduledMethodRunnable.java:84)
	at org.springframework.scheduling.support.DelegatingErrorHandlingRunnable.run(DelegatingErrorHandlingRunnable.java:54)
	at org.springframework.scheduling.concurrent.ReschedulingRunnable.run(ReschedulingRunnable.java:93)
	at java.util.concurrent.Executors$RunnableAdapter.call(Executors.java:511)
	at java.util.concurrent.FutureTask.run(FutureTask.java:266)
	at java.util.concurrent.ScheduledThreadPoolExecutor$ScheduledFutureTask.access$201(ScheduledThreadPoolExecutor.java:180)
	at java.util.concurrent.ScheduledThreadPoolExecutor$ScheduledFutureTask.run(ScheduledThreadPoolExecutor.java:293)
	at java.util.concurrent.ThreadPoolExecutor.runWorker(ThreadPoolExecutor.java:1149)
	at java.util.concurrent.ThreadPoolExecutor$Worker.run(ThreadPoolExecutor.java:624)
	at java.lang.Thread.run(Thread.java:748)
20:29:00.092 [scheduling-1] INFO  c.k.m.c.f.FileProcess - [push,200] - 【当前请求的参数为】：{"description":"lab4train","experimentId":"187107751310597","experimentName":"lab4-20241110193611","projectId":"1698","repositoryId":"a68dac18203a47ed9f35512f4cee5bad","runName":"run-0","status":0,"type":2,"userToken":"oe9f7l5ax53saarwz0ss1wss"}
20:29:00.114 [scheduling-1] INFO  c.k.m.c.f.FileProcess - [push,208] - 【推送结果为】：Error request, response status: 500
20:29:00.115 [scheduling-1] INFO  c.k.m.c.f.FileProcess - [push,214] - 推送失败:
com.alibaba.fastjson.JSONException: error, offset 7, char r
	at com.alibaba.fastjson.JSON.parseObject(JSON.java:510)
	at com.kingoint.ml.client.file.FileProcess.push(FileProcess.java:209)
	at com.kingoint.ml.client.file.FileProcess.pushSystemMonitor(FileProcess.java:341)
	at com.kingoint.ml.client.file.FileProcess.serverPerformanceIndicator(FileProcess.java:302)
	at com.kingoint.ml.client.schedule.ScheduleTask.serverPerformanceIndicator(ScheduleTask.java:75)
	at sun.reflect.GeneratedMethodAccessor56.invoke(Unknown Source)
	at sun.reflect.DelegatingMethodAccessorImpl.invoke(DelegatingMethodAccessorImpl.java:43)
	at java.lang.reflect.Method.invoke(Method.java:498)
	at org.springframework.scheduling.support.ScheduledMethodRunnable.run(ScheduledMethodRunnable.java:84)
	at org.springframework.scheduling.support.DelegatingErrorHandlingRunnable.run(DelegatingErrorHandlingRunnable.java:54)
	at org.springframework.scheduling.concurrent.ReschedulingRunnable.run(ReschedulingRunnable.java:93)
	at java.util.concurrent.Executors$RunnableAdapter.call(Executors.java:511)
	at java.util.concurrent.FutureTask.run(FutureTask.java:266)
	at java.util.concurrent.ScheduledThreadPoolExecutor$ScheduledFutureTask.access$201(ScheduledThreadPoolExecutor.java:180)
	at java.util.concurrent.ScheduledThreadPoolExecutor$ScheduledFutureTask.run(ScheduledThreadPoolExecutor.java:293)
	at java.util.concurrent.ThreadPoolExecutor.runWorker(ThreadPoolExecutor.java:1149)
	at java.util.concurrent.ThreadPoolExecutor$Worker.run(ThreadPoolExecutor.java:624)
	at java.lang.Thread.run(Thread.java:748)
Caused by: com.alibaba.fastjson2.JSONException: error, offset 7, char r
	at com.alibaba.fastjson2.JSONReaderUTF16.skipValue(JSONReaderUTF16.java:3875)
	at com.alibaba.fastjson2.reader.ObjectReaderBean.processExtra(ObjectReaderBean.java:93)
	at com.alibaba.fastjson2.reader.ObjectReader_1.readObject(Unknown Source)
	at com.alibaba.fastjson.JSON.parseObject(JSON.java:500)
	... 17 common frames omitted
20:29:00.117 [scheduling-1] ERROR o.s.s.s.TaskUtils$LoggingErrorHandler - [handleError,95] - Unexpected error occurred in scheduled task
com.kingoint.ml.client.exception.BaseException: null
	at com.kingoint.ml.client.file.FileProcess.push(FileProcess.java:215)
	at com.kingoint.ml.client.file.FileProcess.pushSystemMonitor(FileProcess.java:341)
	at com.kingoint.ml.client.file.FileProcess.serverPerformanceIndicator(FileProcess.java:302)
	at com.kingoint.ml.client.schedule.ScheduleTask.serverPerformanceIndicator(ScheduleTask.java:75)
	at sun.reflect.GeneratedMethodAccessor56.invoke(Unknown Source)
	at sun.reflect.DelegatingMethodAccessorImpl.invoke(DelegatingMethodAccessorImpl.java:43)
	at java.lang.reflect.Method.invoke(Method.java:498)
	at org.springframework.scheduling.support.ScheduledMethodRunnable.run(ScheduledMethodRunnable.java:84)
	at org.springframework.scheduling.support.DelegatingErrorHandlingRunnable.run(DelegatingErrorHandlingRunnable.java:54)
	at org.springframework.scheduling.concurrent.ReschedulingRunnable.run(ReschedulingRunnable.java:93)
	at java.util.concurrent.Executors$RunnableAdapter.call(Executors.java:511)
	at java.util.concurrent.FutureTask.run(FutureTask.java:266)
	at java.util.concurrent.ScheduledThreadPoolExecutor$ScheduledFutureTask.access$201(ScheduledThreadPoolExecutor.java:180)
	at java.util.concurrent.ScheduledThreadPoolExecutor$ScheduledFutureTask.run(ScheduledThreadPoolExecutor.java:293)
	at java.util.concurrent.ThreadPoolExecutor.runWorker(ThreadPoolExecutor.java:1149)
	at java.util.concurrent.ThreadPoolExecutor$Worker.run(ThreadPoolExecutor.java:624)
	at java.lang.Thread.run(Thread.java:748)
20:30:00.021 [scheduling-1] INFO  c.k.m.c.f.FileProcess - [push,200] - 【当前请求的参数为】：{"description":"lab4train","experimentId":"187107751310597","experimentName":"lab4-20241110193611","projectId":"1698","repositoryId":"a68dac18203a47ed9f35512f4cee5bad","runName":"run-0","status":0,"type":2,"userToken":"oe9f7l5ax53saarwz0ss1wss"}
20:30:00.043 [scheduling-1] INFO  c.k.m.c.f.FileProcess - [push,208] - 【推送结果为】：Error request, response status: 500
20:30:00.049 [scheduling-1] INFO  c.k.m.c.f.FileProcess - [push,214] - 推送失败:
com.alibaba.fastjson.JSONException: error, offset 7, char r
	at com.alibaba.fastjson.JSON.parseObject(JSON.java:510)
	at com.kingoint.ml.client.file.FileProcess.push(FileProcess.java:209)
	at com.kingoint.ml.client.file.FileProcess.pushSystemMonitor(FileProcess.java:341)
	at com.kingoint.ml.client.file.FileProcess.serverPerformanceIndicator(FileProcess.java:302)
	at com.kingoint.ml.client.schedule.ScheduleTask.serverPerformanceIndicator(ScheduleTask.java:75)
	at sun.reflect.GeneratedMethodAccessor56.invoke(Unknown Source)
	at sun.reflect.DelegatingMethodAccessorImpl.invoke(DelegatingMethodAccessorImpl.java:43)
	at java.lang.reflect.Method.invoke(Method.java:498)
	at org.springframework.scheduling.support.ScheduledMethodRunnable.run(ScheduledMethodRunnable.java:84)
	at org.springframework.scheduling.support.DelegatingErrorHandlingRunnable.run(DelegatingErrorHandlingRunnable.java:54)
	at org.springframework.scheduling.concurrent.ReschedulingRunnable.run(ReschedulingRunnable.java:93)
	at java.util.concurrent.Executors$RunnableAdapter.call(Executors.java:511)
	at java.util.concurrent.FutureTask.run(FutureTask.java:266)
	at java.util.concurrent.ScheduledThreadPoolExecutor$ScheduledFutureTask.access$201(ScheduledThreadPoolExecutor.java:180)
	at java.util.concurrent.ScheduledThreadPoolExecutor$ScheduledFutureTask.run(ScheduledThreadPoolExecutor.java:293)
	at java.util.concurrent.ThreadPoolExecutor.runWorker(ThreadPoolExecutor.java:1149)
	at java.util.concurrent.ThreadPoolExecutor$Worker.run(ThreadPoolExecutor.java:624)
	at java.lang.Thread.run(Thread.java:748)
Caused by: com.alibaba.fastjson2.JSONException: error, offset 7, char r
	at com.alibaba.fastjson2.JSONReaderUTF16.skipValue(JSONReaderUTF16.java:3875)
	at com.alibaba.fastjson2.reader.ObjectReaderBean.processExtra(ObjectReaderBean.java:93)
	at com.alibaba.fastjson2.reader.ObjectReader_1.readObject(Unknown Source)
	at com.alibaba.fastjson.JSON.parseObject(JSON.java:500)
	... 17 common frames omitted
20:30:00.057 [scheduling-1] ERROR o.s.s.s.TaskUtils$LoggingErrorHandler - [handleError,95] - Unexpected error occurred in scheduled task
com.kingoint.ml.client.exception.BaseException: null
	at com.kingoint.ml.client.file.FileProcess.push(FileProcess.java:215)
	at com.kingoint.ml.client.file.FileProcess.pushSystemMonitor(FileProcess.java:341)
	at com.kingoint.ml.client.file.FileProcess.serverPerformanceIndicator(FileProcess.java:302)
	at com.kingoint.ml.client.schedule.ScheduleTask.serverPerformanceIndicator(ScheduleTask.java:75)
	at sun.reflect.GeneratedMethodAccessor56.invoke(Unknown Source)
	at sun.reflect.DelegatingMethodAccessorImpl.invoke(DelegatingMethodAccessorImpl.java:43)
	at java.lang.reflect.Method.invoke(Method.java:498)
	at org.springframework.scheduling.support.ScheduledMethodRunnable.run(ScheduledMethodRunnable.java:84)
	at org.springframework.scheduling.support.DelegatingErrorHandlingRunnable.run(DelegatingErrorHandlingRunnable.java:54)
	at org.springframework.scheduling.concurrent.ReschedulingRunnable.run(ReschedulingRunnable.java:93)
	at java.util.concurrent.Executors$RunnableAdapter.call(Executors.java:511)
	at java.util.concurrent.FutureTask.run(FutureTask.java:266)
	at java.util.concurrent.ScheduledThreadPoolExecutor$ScheduledFutureTask.access$201(ScheduledThreadPoolExecutor.java:180)
	at java.util.concurrent.ScheduledThreadPoolExecutor$ScheduledFutureTask.run(ScheduledThreadPoolExecutor.java:293)
	at java.util.concurrent.ThreadPoolExecutor.runWorker(ThreadPoolExecutor.java:1149)
	at java.util.concurrent.ThreadPoolExecutor$Worker.run(ThreadPoolExecutor.java:624)
	at java.lang.Thread.run(Thread.java:748)
20:31:00.023 [scheduling-1] INFO  c.k.m.c.f.FileProcess - [push,200] - 【当前请求的参数为】：{"description":"lab4train","experimentId":"187107751310597","experimentName":"lab4-20241110193611","projectId":"1698","repositoryId":"a68dac18203a47ed9f35512f4cee5bad","runName":"run-0","status":0,"type":2,"userToken":"oe9f7l5ax53saarwz0ss1wss"}
20:31:00.051 [scheduling-1] INFO  c.k.m.c.f.FileProcess - [push,208] - 【推送结果为】：{"code":200,"success":true,"data":null,"msg":"成功"}
20:31:00.056 [scheduling-1] INFO  c.k.m.c.f.FileProcess - [push,200] - 【当前请求的参数为】：{"description":"lab4train","experimentId":"187107751310597","experimentName":"lab4-20241110193611","projectId":"1698","repositoryId":"a68dac18203a47ed9f35512f4cee5bad","runName":"run-0","status":0,"type":3,"userToken":"oe9f7l5ax53saarwz0ss1wss"}
20:31:00.075 [scheduling-1] INFO  c.k.m.c.f.FileProcess - [push,208] - 【推送结果为】：{"code":200,"success":true,"data":null,"msg":"成功"}
20:32:00.082 [scheduling-1] INFO  c.k.m.c.f.FileProcess - [push,200] - 【当前请求的参数为】：{"description":"lab4train","experimentId":"187107751310597","experimentName":"lab4-20241110193611","projectId":"1698","repositoryId":"a68dac18203a47ed9f35512f4cee5bad","runName":"run-0","status":0,"type":2,"userToken":"oe9f7l5ax53saarwz0ss1wss"}
20:32:00.114 [scheduling-1] INFO  c.k.m.c.f.FileProcess - [push,208] - 【推送结果为】：{"code":200,"success":true,"data":null,"msg":"成功"}
20:32:00.118 [scheduling-1] INFO  c.k.m.c.f.FileProcess - [push,200] - 【当前请求的参数为】：{"description":"lab4train","experimentId":"187107751310597","experimentName":"lab4-20241110193611","projectId":"1698","repositoryId":"a68dac18203a47ed9f35512f4cee5bad","runName":"run-0","status":0,"type":3,"userToken":"oe9f7l5ax53saarwz0ss1wss"}
20:32:00.141 [scheduling-1] INFO  c.k.m.c.f.FileProcess - [push,208] - 【推送结果为】：{"code":200,"success":true,"data":null,"msg":"成功"}
20:33:00.017 [scheduling-1] INFO  c.k.m.c.f.FileProcess - [push,200] - 【当前请求的参数为】：{"description":"lab4train","experimentId":"187107751310597","experimentName":"lab4-20241110193611","projectId":"1698","repositoryId":"a68dac18203a47ed9f35512f4cee5bad","runName":"run-0","status":0,"type":2,"userToken":"oe9f7l5ax53saarwz0ss1wss"}
20:33:00.048 [scheduling-1] INFO  c.k.m.c.f.FileProcess - [push,208] - 【推送结果为】：{"code":200,"success":true,"data":null,"msg":"成功"}
20:33:00.054 [scheduling-1] INFO  c.k.m.c.f.FileProcess - [push,200] - 【当前请求的参数为】：{"description":"lab4train","experimentId":"187107751310597","experimentName":"lab4-20241110193611","projectId":"1698","repositoryId":"a68dac18203a47ed9f35512f4cee5bad","runName":"run-0","status":0,"type":3,"userToken":"oe9f7l5ax53saarwz0ss1wss"}
20:33:00.075 [scheduling-1] INFO  c.k.m.c.f.FileProcess - [push,208] - 【推送结果为】：{"code":200,"success":true,"data":null,"msg":"成功"}
20:33:36.521 [http-nio-5560-exec-6] INFO  c.k.m.c.c.ClientController - [noticeRun,96] - 接收到实验运行通知:{"experimentId":"187107751310597","runName":"run-0","status":1}
20:33:37.115 [http-nio-5560-exec-7] INFO  c.k.m.c.c.ClientController - [noticeExperiment,64] - 接收到实验通知:{"experimentId":"187107751310597","status":1}
20:34:00.224 [threadPoolTaskExecutor-8] INFO  c.k.m.c.f.FileProcess - [push,200] - 【当前请求的参数为】：{"description":"lab4train","experimentId":"187107751310597","experimentName":"lab4-20241110193611","projectId":"1698","repositoryId":"a68dac18203a47ed9f35512f4cee5bad","runName":"run-0","status":1,"type":1,"userToken":"oe9f7l5ax53saarwz0ss1wss"}
20:34:00.231 [scheduling-1] INFO  c.k.m.c.f.FileProcess - [push,200] - 【当前请求的参数为】：{"description":"lab4train","experimentId":"187107751310597","experimentName":"lab4-20241110193611","projectId":"1698","repositoryId":"a68dac18203a47ed9f35512f4cee5bad","runName":"run-0","status":0,"type":2,"userToken":"oe9f7l5ax53saarwz0ss1wss"}
20:34:00.261 [scheduling-1] INFO  c.k.m.c.f.FileProcess - [push,208] - 【推送结果为】：{"code":200,"success":true,"data":null,"msg":"成功"}
20:34:00.265 [scheduling-1] INFO  c.k.m.c.f.FileProcess - [push,200] - 【当前请求的参数为】：{"description":"lab4train","experimentId":"187107751310597","experimentName":"lab4-20241110193611","projectId":"1698","repositoryId":"a68dac18203a47ed9f35512f4cee5bad","runName":"run-0","status":0,"type":3,"userToken":"oe9f7l5ax53saarwz0ss1wss"}
20:34:00.286 [scheduling-1] INFO  c.k.m.c.f.FileProcess - [push,208] - 【推送结果为】：{"code":200,"success":true,"data":null,"msg":"成功"}
20:34:00.509 [threadPoolTaskExecutor-8] INFO  c.k.m.c.f.FileProcess - [push,208] - 【推送结果为】：{"code":200,"success":true,"data":null,"msg":"成功"}
20:35:00.063 [scheduling-1] INFO  c.k.m.c.f.FileProcess - [push,200] - 【当前请求的参数为】：{"description":"lab4train","experimentId":"187107751310597","experimentName":"lab4-20241110193611","projectId":"1698","repositoryId":"a68dac18203a47ed9f35512f4cee5bad","runName":"run-0","status":0,"type":2,"userToken":"oe9f7l5ax53saarwz0ss1wss"}
20:35:00.091 [scheduling-1] INFO  c.k.m.c.f.FileProcess - [push,208] - 【推送结果为】：{"code":200,"success":true,"data":null,"msg":"成功"}
20:35:00.100 [scheduling-1] INFO  c.k.m.c.f.FileProcess - [push,200] - 【当前请求的参数为】：{"description":"lab4train","experimentId":"187107751310597","experimentName":"lab4-20241110193611","projectId":"1698","repositoryId":"a68dac18203a47ed9f35512f4cee5bad","runName":"run-0","status":0,"type":3,"userToken":"oe9f7l5ax53saarwz0ss1wss"}
20:35:00.119 [scheduling-1] INFO  c.k.m.c.f.FileProcess - [push,208] - 【推送结果为】：{"code":200,"success":true,"data":null,"msg":"成功"}
20:35:01.129 [threadPoolTaskExecutor-10] INFO  c.k.m.c.f.FileProcess - [push,200] - 【当前请求的参数为】：{"description":"lab4train","experimentId":"187107751310597","experimentName":"lab4-20241110193611","projectId":"1698","repositoryId":"a68dac18203a47ed9f35512f4cee5bad","status":1,"type":0,"userToken":"oe9f7l5ax53saarwz0ss1wss"}
20:35:13.533 [threadPoolTaskExecutor-10] INFO  c.k.m.c.f.FileProcess - [push,208] - 【推送结果为】：{"code":200,"success":true,"data":null,"msg":"成功"}
